0 verbose cli /data/data/com.termux/files/usr/bin/node /data/data/com.termux/files/usr/bin/npm
1 info using npm@11.12.1
2 info using node@v25.8.2
3 silly config load:file:/data/data/com.termux/files/usr/lib/node_modules/npm/npmrc
4 silly config load:file:/data/data/com.termux/files/home/.npmrc
5 silly config load:file:/data/data/com.termux/files/usr/etc/npmrc
6 verbose title npm install cors mysql2 express
7 verbose argv "install" "cors" "mysql2" "express"
8 verbose logfile logs-max:10 dir:/data/data/com.termux/files/home/.npm/_logs/2026-04-20T12_45_59_525Z-
9 verbose logfile /data/data/com.termux/files/home/.npm/_logs/2026-04-20T12_45_59_525Z-debug-0.log
10 silly logfile done cleaning log files
11 silly packumentCache heap:555483136 maxSize:138870784 maxEntrySize:69435392
12 silly idealTree buildDeps
13 silly fetch manifest cors@^2.8.6
14 silly packumentCache full:https://registry.npmjs.org/cors cache-miss
15 http fetch GET 200 https://registry.npmjs.org/cors 2217ms (cache revalidated)
16 silly packumentCache full:https://registry.npmjs.org/cors set size:77956 disposed:false
17 silly fetch manifest express@^5.2.1
18 silly packumentCache full:https://registry.npmjs.org/express cache-miss
19 http fetch GET 200 https://registry.npmjs.org/express 795ms (cache revalidated)
20 silly packumentCache full:https://registry.npmjs.org/express set size:801278 disposed:false
21 silly fetch manifest mysql2@^3.22.1
22 silly packumentCache full:https://registry.npmjs.org/mysql2 cache-miss
23 http fetch GET 200 https://registry.npmjs.org/mysql2 1299ms (cache updated)
24 silly packumentCache full:https://registry.npmjs.org/mysql2 set size:undefined disposed:false
25 silly fetch manifest @types/node@>= 8
26 silly packumentCache full:https://registry.npmjs.org/@types%2fnode cache-miss
27 http fetch GET 200 https://registry.npmjs.org/@types%2fnode 2355ms (cache revalidated)
28 silly packumentCache full:https://registry.npmjs.org/@types%2fnode set size:10972342 disposed:false
29 silly placeDep ROOT cors@2.8.6 REPLACE for: lean2@1.0.0 want: ^2.8.6
30 silly placeDep ROOT express@5.2.1 REPLACE for: lean2@1.0.0 want: ^5.2.1
31 silly placeDep ROOT mysql2@3.22.1 REPLACE for: lean2@1.0.0 want: ^3.22.1
32 silly reify moves {}
33 silly audit bulk request {
33 silly audit   '@types/node': [ '25.6.0' ],
33 silly audit   accepts: [ '2.0.0' ],
33 silly audit   'aws-ssl-profiles': [ '1.1.2' ],
33 silly audit   'body-parser': [ '2.2.2' ],
33 silly audit   bytes: [ '3.1.2' ],
33 silly audit   'call-bind-apply-helpers': [ '1.0.2' ],
33 silly audit   'call-bound': [ '1.0.4' ],
33 silly audit   'content-disposition': [ '1.1.0' ],
33 silly audit   'content-type': [ '1.0.5' ],
33 silly audit   cookie: [ '0.7.2' ],
33 silly audit   'cookie-signature': [ '1.2.2' ],
33 silly audit   debug: [ '4.4.3' ],
33 silly audit   denque: [ '2.1.0' ],
33 silly audit   depd: [ '2.0.0' ],
33 silly audit   dotenv: [ '17.4.2' ],
33 silly audit   'dunder-proto': [ '1.0.1' ],
33 silly audit   'ee-first': [ '1.1.1' ],
33 silly audit   encodeurl: [ '2.0.0' ],
33 silly audit   'es-define-property': [ '1.0.1' ],
33 silly audit   'es-errors': [ '1.3.0' ],
33 silly audit   'es-object-atoms': [ '1.1.1' ],
33 silly audit   'escape-html': [ '1.0.3' ],
33 silly audit   etag: [ '1.8.1' ],
33 silly audit   finalhandler: [ '2.1.1' ],
33 silly audit   forwarded: [ '0.2.0' ],
33 silly audit   fresh: [ '2.0.0' ],
33 silly audit   'function-bind': [ '1.1.2' ],
33 silly audit   'generate-function': [ '2.3.1' ],
33 silly audit   'get-intrinsic': [ '1.3.0' ],
33 silly audit   'get-proto': [ '1.0.1' ],
33 silly audit   gopd: [ '1.2.0' ],
33 silly audit   'has-symbols': [ '1.1.0' ],
33 silly audit   hasown: [ '2.0.3' ],
33 silly audit   'http-errors': [ '2.0.1' ],
33 silly audit   'iconv-lite': [ '0.7.2' ],
33 silly audit   inherits: [ '2.0.4' ],
33 silly audit   'ipaddr.js': [ '1.9.1' ],
33 silly audit   'is-promise': [ '4.0.0' ],
33 silly audit   'is-property': [ '1.0.2' ],
33 silly audit   long: [ '5.3.2' ],
33 silly audit   'lru.min': [ '1.1.4' ],
33 silly audit   'math-intrinsics': [ '1.1.0' ],
33 silly audit   'media-typer': [ '1.1.0' ],
33 silly audit   'merge-descriptors': [ '2.0.0' ],
33 silly audit   'mime-db': [ '1.54.0' ],
33 silly audit   'mime-types': [ '3.0.2' ],
33 silly audit   ms: [ '2.1.3' ],
33 silly audit   'named-placeholders': [ '1.1.6' ],
33 silly audit   negotiator: [ '1.0.0' ],
33 silly audit   'object-assign': [ '4.1.1' ],
33 silly audit   'object-inspect': [ '1.13.4' ],
33 silly audit   'on-finished': [ '2.4.1' ],
33 silly audit   once: [ '1.4.0' ],
33 silly audit   parseurl: [ '1.3.3' ],
33 silly audit   'path-to-regexp': [ '8.4.2' ],
33 silly audit   'proxy-addr': [ '2.0.7' ],
33 silly audit   qs: [ '6.15.1' ],
33 silly audit   'range-parser': [ '1.2.1' ],
33 silly audit   'raw-body': [ '3.0.2' ],
33 silly audit   router: [ '2.2.0' ],
33 silly audit   'safer-buffer': [ '2.1.2' ],
33 silly audit   send: [ '1.2.1' ],
33 silly audit   'serve-static': [ '2.2.1' ],
33 silly audit   setprototypeof: [ '1.2.0' ],
33 silly audit   'side-channel': [ '1.1.0' ],
33 silly audit   'side-channel-list': [ '1.0.1' ],
33 silly audit   'side-channel-map': [ '1.0.1' ],
33 silly audit   'side-channel-weakmap': [ '1.0.2' ],
33 silly audit   'sql-escaper': [ '1.3.3' ],
33 silly audit   statuses: [ '2.0.2' ],
33 silly audit   toidentifier: [ '1.0.1' ],
33 silly audit   'type-is': [ '2.0.1' ],
33 silly audit   'undici-types': [ '7.19.2' ],
33 silly audit   unpipe: [ '1.0.0' ],
33 silly audit   vary: [ '1.1.2' ],
33 silly audit   wrappy: [ '1.0.2' ],
33 silly audit   cors: [ '2.8.6' ],
33 silly audit   express: [ '5.2.1' ],
33 silly audit   mysql2: [ '3.22.1' ]
33 silly audit }
34 http fetch POST 200 https://registry.npmjs.org/-/npm/v1/security/advisories/bulk 1158ms
35 silly audit report {}
36 verbose cwd /data/data/com.termux/files/home
37 verbose os Linux 4.19.191-g4465035f2907-dirty
38 verbose node v25.8.2
39 verbose npm  v11.12.1
40 verbose exit 0
41 info ok
