0 verbose cli /data/data/com.termux/files/usr/bin/node /data/data/com.termux/files/usr/bin/npm
1 info using npm@11.12.1
2 info using node@v25.8.2
3 silly config load:file:/data/data/com.termux/files/usr/lib/node_modules/npm/npmrc
4 silly config load:file:/data/data/com.termux/files/home/.npmrc
5 silly config load:file:/data/data/com.termux/files/usr/etc/npmrc
6 verbose title npm install express mysql2 dotenv
7 verbose argv "install" "express" "mysql2" "dotenv"
8 verbose logfile logs-max:10 dir:/data/data/com.termux/files/home/.npm/_logs/2026-04-18T11_35_33_941Z-
9 verbose logfile /data/data/com.termux/files/home/.npm/_logs/2026-04-18T11_35_33_941Z-debug-0.log
10 silly logfile done cleaning log files
11 silly packumentCache heap:555483136 maxSize:138870784 maxEntrySize:69435392
12 silly idealTree buildDeps
13 silly fetch manifest dotenv@^17.4.2
14 silly packumentCache full:https://registry.npmjs.org/dotenv cache-miss
15 http fetch GET 200 https://registry.npmjs.org/dotenv 2372ms (cache revalidated)
16 silly packumentCache full:https://registry.npmjs.org/dotenv set size:277856 disposed:false
17 silly fetch manifest express@*
18 silly packumentCache full:https://registry.npmjs.org/express cache-miss
19 http fetch GET 200 https://registry.npmjs.org/express 2032ms (cache updated)
20 silly packumentCache full:https://registry.npmjs.org/express set size:undefined disposed:false
21 silly fetch manifest mysql2@*
22 silly packumentCache full:https://registry.npmjs.org/mysql2 cache-miss
23 http fetch GET 200 https://registry.npmjs.org/mysql2 836ms (cache updated)
24 silly packumentCache full:https://registry.npmjs.org/mysql2 set size:undefined disposed:false
25 silly fetch manifest @types/node@>= 8
26 silly packumentCache full:https://registry.npmjs.org/@types%2fnode cache-miss
27 http fetch GET 200 https://registry.npmjs.org/@types%2fnode 1733ms (cache revalidated)
28 silly packumentCache full:https://registry.npmjs.org/@types%2fnode set size:10972342 disposed:false
29 silly placeDep ROOT dotenv@17.4.2 REPLACE for: lean2@1.0.0 want: ^17.4.2
30 silly placeDep ROOT express@5.2.1 OK for: lean2@1.0.0 want: *
31 silly placeDep ROOT mysql2@3.22.1 OK for: lean2@1.0.0 want: *
32 silly placeDep ROOT @types/node@25.6.0 OK for: mysql2@3.22.1 want: >= 8
33 silly fetch manifest qs@^6.14.0
34 silly packumentCache full:https://registry.npmjs.org/qs cache-miss
35 http fetch GET 200 https://registry.npmjs.org/qs 334ms (cache revalidated)
36 silly packumentCache full:https://registry.npmjs.org/qs set size:353582 disposed:false
37 silly fetch manifest depd@^2.0.0
38 silly packumentCache full:https://registry.npmjs.org/depd cache-miss
39 http fetch GET 200 https://registry.npmjs.org/depd 157ms (cache revalidated)
40 silly packumentCache full:https://registry.npmjs.org/depd set size:40182 disposed:false
41 silly fetch manifest etag@^1.8.1
42 silly packumentCache full:https://registry.npmjs.org/etag cache-miss
43 http fetch GET 200 https://registry.npmjs.org/etag 1015ms (cache revalidated)
44 silly packumentCache full:https://registry.npmjs.org/etag set size:30032 disposed:false
45 silly fetch manifest once@^1.4.0
46 silly packumentCache full:https://registry.npmjs.org/once cache-miss
47 http fetch GET 200 https://registry.npmjs.org/once 479ms (cache revalidated)
48 silly packumentCache full:https://registry.npmjs.org/once set size:11752 disposed:false
49 silly fetch manifest send@^1.1.0
50 silly packumentCache full:https://registry.npmjs.org/send cache-miss
51 http fetch GET 200 https://registry.npmjs.org/send 209ms (cache revalidated)
52 silly packumentCache full:https://registry.npmjs.org/send set size:152810 disposed:false
53 silly fetch manifest vary@^1.1.2
54 silly packumentCache full:https://registry.npmjs.org/vary cache-miss
55 http fetch GET 200 https://registry.npmjs.org/vary 452ms (cache revalidated)
56 silly packumentCache full:https://registry.npmjs.org/vary set size:16018 disposed:false
57 silly fetch manifest debug@^4.4.0
58 silly packumentCache full:https://registry.npmjs.org/debug cache-miss
59 http fetch GET 200 https://registry.npmjs.org/debug 148ms (cache revalidated)
60 silly packumentCache full:https://registry.npmjs.org/debug set size:195840 disposed:false
61 silly fetch manifest fresh@^2.0.0
62 silly packumentCache full:https://registry.npmjs.org/fresh cache-miss
63 http fetch GET 200 https://registry.npmjs.org/fresh 137ms (cache revalidated)
64 silly packumentCache full:https://registry.npmjs.org/fresh set size:25427 disposed:false
65 silly fetch manifest cookie@^0.7.1
66 silly packumentCache full:https://registry.npmjs.org/cookie cache-miss
67 http fetch GET 200 https://registry.npmjs.org/cookie 119ms (cache revalidated)
68 silly packumentCache full:https://registry.npmjs.org/cookie set size:72891 disposed:false
69 silly fetch manifest router@^2.2.0
70 silly packumentCache full:https://registry.npmjs.org/router cache-miss
71 http fetch GET 200 https://registry.npmjs.org/router 517ms (cache revalidated)
72 silly packumentCache full:https://registry.npmjs.org/router set size:116499 disposed:false
73 silly fetch manifest accepts@^2.0.0
74 silly packumentCache full:https://registry.npmjs.org/accepts cache-miss
75 http fetch GET 200 https://registry.npmjs.org/accepts 124ms (cache revalidated)
76 silly packumentCache full:https://registry.npmjs.org/accepts set size:77054 disposed:false
77 silly fetch manifest type-is@^2.0.1
78 silly packumentCache full:https://registry.npmjs.org/type-is cache-miss
79 http fetch GET 200 https://registry.npmjs.org/type-is 254ms (cache revalidated)
80 silly packumentCache full:https://registry.npmjs.org/type-is set size:86196 disposed:false
81 silly fetch manifest parseurl@^1.3.3
82 silly packumentCache full:https://registry.npmjs.org/parseurl cache-miss
83 http fetch GET 200 https://registry.npmjs.org/parseurl 178ms (cache revalidated)
84 silly packumentCache full:https://registry.npmjs.org/parseurl set size:24148 disposed:false
85 silly fetch manifest statuses@^2.0.1
86 silly packumentCache full:https://registry.npmjs.org/statuses cache-miss
87 http fetch GET 200 https://registry.npmjs.org/statuses 425ms (cache revalidated)
88 silly packumentCache full:https://registry.npmjs.org/statuses set size:37117 disposed:false
89 silly fetch manifest encodeurl@^2.0.0
90 silly packumentCache full:https://registry.npmjs.org/encodeurl cache-miss
91 http fetch GET 200 https://registry.npmjs.org/encodeurl 532ms (cache revalidated)
92 silly packumentCache full:https://registry.npmjs.org/encodeurl set size:12296 disposed:false
93 silly fetch manifest mime-types@^3.0.0
94 silly packumentCache full:https://registry.npmjs.org/mime-types cache-miss
95 http fetch GET 200 https://registry.npmjs.org/mime-types 572ms (cache revalidated)
96 silly packumentCache full:https://registry.npmjs.org/mime-types set size:139110 disposed:false
97 silly fetch manifest proxy-addr@^2.0.7
98 silly packumentCache full:https://registry.npmjs.org/proxy-addr cache-miss
99 http fetch GET 200 https://registry.npmjs.org/proxy-addr 220ms (cache revalidated)
100 silly packumentCache full:https://registry.npmjs.org/proxy-addr set size:61619 disposed:false
101 silly fetch manifest body-parser@^2.2.1
102 silly packumentCache full:https://registry.npmjs.org/body-parser cache-miss
103 http fetch GET 200 https://registry.npmjs.org/body-parser 2578ms (cache revalidated)
104 silly packumentCache full:https://registry.npmjs.org/body-parser set size:216830 disposed:false
105 silly fetch manifest escape-html@^1.0.3
106 silly packumentCache full:https://registry.npmjs.org/escape-html cache-miss
107 http fetch GET 200 https://registry.npmjs.org/escape-html 508ms (cache revalidated)
108 silly packumentCache full:https://registry.npmjs.org/escape-html set size:7345 disposed:false
109 silly fetch manifest http-errors@^2.0.0
110 silly packumentCache full:https://registry.npmjs.org/http-errors cache-miss
111 http fetch GET 200 https://registry.npmjs.org/http-errors 233ms (cache revalidated)
112 silly packumentCache full:https://registry.npmjs.org/http-errors set size:71987 disposed:false
113 silly fetch manifest on-finished@^2.4.1
114 silly packumentCache full:https://registry.npmjs.org/on-finished cache-miss
115 http fetch GET 200 https://registry.npmjs.org/on-finished 454ms (cache revalidated)
116 silly packumentCache full:https://registry.npmjs.org/on-finished set size:23212 disposed:false
117 silly fetch manifest content-type@^1.0.5
118 silly packumentCache full:https://registry.npmjs.org/content-type cache-miss
119 http fetch GET 200 https://registry.npmjs.org/content-type 498ms (cache revalidated)
120 silly packumentCache full:https://registry.npmjs.org/content-type set size:17311 disposed:false
121 silly fetch manifest finalhandler@^2.1.0
122 silly packumentCache full:https://registry.npmjs.org/finalhandler cache-miss
123 http fetch GET 200 https://registry.npmjs.org/finalhandler 263ms (cache revalidated)
124 silly packumentCache full:https://registry.npmjs.org/finalhandler set size:79291 disposed:false
125 silly fetch manifest range-parser@^1.2.1
126 silly packumentCache full:https://registry.npmjs.org/range-parser cache-miss
127 http fetch GET 200 https://registry.npmjs.org/range-parser 169ms (cache revalidated)
128 silly packumentCache full:https://registry.npmjs.org/range-parser set size:22228 disposed:false
129 silly fetch manifest serve-static@^2.2.0
130 silly packumentCache full:https://registry.npmjs.org/serve-static cache-miss
131 http fetch GET 200 https://registry.npmjs.org/serve-static 723ms (cache revalidated)
132 silly packumentCache full:https://registry.npmjs.org/serve-static set size:150391 disposed:false
133 silly fetch manifest cookie-signature@^1.2.1
134 silly packumentCache full:https://registry.npmjs.org/cookie-signature cache-miss
135 http fetch GET 200 https://registry.npmjs.org/cookie-signature 1621ms (cache revalidated)
136 silly packumentCache full:https://registry.npmjs.org/cookie-signature set size:21777 disposed:false
137 silly fetch manifest merge-descriptors@^2.0.0
138 silly packumentCache full:https://registry.npmjs.org/merge-descriptors cache-miss
139 http fetch GET 200 https://registry.npmjs.org/merge-descriptors 197ms (cache revalidated)
140 silly packumentCache full:https://registry.npmjs.org/merge-descriptors set size:16527 disposed:false
141 silly fetch manifest content-disposition@^1.0.0
142 silly packumentCache full:https://registry.npmjs.org/content-disposition cache-miss
143 http fetch GET 200 https://registry.npmjs.org/content-disposition 194ms (cache revalidated)
144 silly packumentCache full:https://registry.npmjs.org/content-disposition set size:36665 disposed:false
145 silly fetch manifest aws-ssl-profiles@^1.1.2
146 silly packumentCache full:https://registry.npmjs.org/aws-ssl-profiles cache-miss
147 http fetch GET 200 https://registry.npmjs.org/aws-ssl-profiles 571ms (cache revalidated)
148 silly packumentCache full:https://registry.npmjs.org/aws-ssl-profiles set size:13721 disposed:false
149 silly fetch manifest denque@^2.1.0
150 silly packumentCache full:https://registry.npmjs.org/denque cache-miss
151 http fetch GET 200 https://registry.npmjs.org/denque 135ms (cache revalidated)
152 silly packumentCache full:https://registry.npmjs.org/denque set size:62908 disposed:false
153 silly fetch manifest generate-function@^2.3.1
154 silly packumentCache full:https://registry.npmjs.org/generate-function cache-miss
155 http fetch GET 200 https://registry.npmjs.org/generate-function 114ms (cache revalidated)
156 silly packumentCache full:https://registry.npmjs.org/generate-function set size:22290 disposed:false
157 silly fetch manifest iconv-lite@^0.7.2
158 silly packumentCache full:https://registry.npmjs.org/iconv-lite cache-miss
159 http fetch GET 200 https://registry.npmjs.org/iconv-lite 146ms (cache revalidated)
160 silly packumentCache full:https://registry.npmjs.org/iconv-lite set size:120557 disposed:false
161 silly fetch manifest long@^5.3.2
162 silly packumentCache full:https://registry.npmjs.org/long cache-miss
163 http fetch GET 200 https://registry.npmjs.org/long 471ms (cache revalidated)
164 silly packumentCache full:https://registry.npmjs.org/long set size:80704 disposed:false
165 silly fetch manifest lru.min@^1.1.4
166 silly packumentCache full:https://registry.npmjs.org/lru.min cache-miss
167 http fetch GET 200 https://registry.npmjs.org/lru.min 151ms (cache revalidated)
168 silly packumentCache full:https://registry.npmjs.org/lru.min set size:51593 disposed:false
169 silly fetch manifest named-placeholders@^1.1.6
170 silly packumentCache full:https://registry.npmjs.org/named-placeholders cache-miss
171 http fetch GET 200 https://registry.npmjs.org/named-placeholders 591ms (cache revalidated)
172 silly packumentCache full:https://registry.npmjs.org/named-placeholders set size:20384 disposed:false
173 silly fetch manifest sql-escaper@^1.3.3
174 silly packumentCache full:https://registry.npmjs.org/sql-escaper cache-miss
175 http fetch GET 200 https://registry.npmjs.org/sql-escaper 602ms (cache revalidated)
176 silly packumentCache full:https://registry.npmjs.org/sql-escaper set size:47454 disposed:false
177 silly fetch manifest undici-types@~7.19.0
178 silly packumentCache full:https://registry.npmjs.org/undici-types cache-miss
179 http fetch GET 200 https://registry.npmjs.org/undici-types 748ms (cache revalidated)
180 silly packumentCache full:https://registry.npmjs.org/undici-types set size:210150 disposed:false
181 silly placeDep ROOT undici-types@7.19.2 OK for: @types/node@25.6.0 want: ~7.19.0
182 silly placeDep ROOT accepts@2.0.0 OK for: express@5.2.1 want: ^2.0.0
183 silly placeDep ROOT body-parser@2.2.2 OK for: express@5.2.1 want: ^2.2.1
184 silly placeDep ROOT content-disposition@1.1.0 OK for: express@5.2.1 want: ^1.0.0
185 silly placeDep ROOT content-type@1.0.5 OK for: express@5.2.1 want: ^1.0.5
186 silly placeDep ROOT cookie@0.7.2 OK for: express@5.2.1 want: ^0.7.1
187 silly placeDep ROOT cookie-signature@1.2.2 OK for: express@5.2.1 want: ^1.2.1
188 silly placeDep ROOT debug@4.4.3 OK for: express@5.2.1 want: ^4.4.0
189 silly placeDep ROOT depd@2.0.0 OK for: express@5.2.1 want: ^2.0.0
190 silly placeDep ROOT encodeurl@2.0.0 OK for: express@5.2.1 want: ^2.0.0
191 silly placeDep ROOT escape-html@1.0.3 OK for: express@5.2.1 want: ^1.0.3
192 silly placeDep ROOT etag@1.8.1 OK for: express@5.2.1 want: ^1.8.1
193 silly placeDep ROOT finalhandler@2.1.1 OK for: express@5.2.1 want: ^2.1.0
194 silly placeDep ROOT fresh@2.0.0 OK for: express@5.2.1 want: ^2.0.0
195 silly placeDep ROOT http-errors@2.0.1 OK for: express@5.2.1 want: ^2.0.0
196 silly placeDep ROOT merge-descriptors@2.0.0 OK for: express@5.2.1 want: ^2.0.0
197 silly placeDep ROOT mime-types@3.0.2 OK for: express@5.2.1 want: ^3.0.0
198 silly placeDep ROOT on-finished@2.4.1 OK for: express@5.2.1 want: ^2.4.1
199 silly placeDep ROOT once@1.4.0 OK for: express@5.2.1 want: ^1.4.0
200 silly placeDep ROOT parseurl@1.3.3 OK for: express@5.2.1 want: ^1.3.3
201 silly placeDep ROOT proxy-addr@2.0.7 OK for: express@5.2.1 want: ^2.0.7
202 silly placeDep ROOT qs@6.15.1 OK for: express@5.2.1 want: ^6.14.0
203 silly placeDep ROOT range-parser@1.2.1 OK for: express@5.2.1 want: ^1.2.1
204 silly placeDep ROOT router@2.2.0 OK for: express@5.2.1 want: ^2.2.0
205 silly placeDep ROOT send@1.2.1 OK for: express@5.2.1 want: ^1.1.0
206 silly placeDep ROOT serve-static@2.2.1 OK for: express@5.2.1 want: ^2.2.0
207 silly placeDep ROOT statuses@2.0.2 OK for: express@5.2.1 want: ^2.0.1
208 silly placeDep ROOT type-is@2.0.1 OK for: express@5.2.1 want: ^2.0.1
209 silly placeDep ROOT vary@1.1.2 OK for: express@5.2.1 want: ^1.1.2
210 silly fetch manifest negotiator@^1.0.0
211 silly packumentCache full:https://registry.npmjs.org/negotiator cache-miss
212 http fetch GET 200 https://registry.npmjs.org/negotiator 510ms (cache revalidated)
213 silly packumentCache full:https://registry.npmjs.org/negotiator set size:48046 disposed:false
214 silly fetch manifest bytes@^3.1.2
215 silly packumentCache full:https://registry.npmjs.org/bytes cache-miss
216 http fetch GET 200 https://registry.npmjs.org/bytes 189ms (cache revalidated)
217 silly packumentCache full:https://registry.npmjs.org/bytes set size:37018 disposed:false
218 silly fetch manifest debug@^4.4.3
219 silly packumentCache full:https://registry.npmjs.org/debug cache-hit
220 silly fetch manifest iconv-lite@^0.7.0
221 silly packumentCache full:https://registry.npmjs.org/iconv-lite cache-hit
222 silly fetch manifest qs@^6.14.1
223 silly packumentCache full:https://registry.npmjs.org/qs cache-hit
224 silly fetch manifest raw-body@^3.0.1
225 silly packumentCache full:https://registry.npmjs.org/raw-body cache-miss
226 http fetch GET 200 https://registry.npmjs.org/raw-body 170ms (cache revalidated)
227 silly packumentCache full:https://registry.npmjs.org/raw-body set size:117822 disposed:false
228 silly fetch manifest ms@^2.1.3
229 silly packumentCache full:https://registry.npmjs.org/ms cache-miss
230 http fetch GET 200 https://registry.npmjs.org/ms 180ms (cache revalidated)
231 silly packumentCache full:https://registry.npmjs.org/ms set size:92208 disposed:false
232 silly fetch manifest inherits@~2.0.4
233 silly packumentCache full:https://registry.npmjs.org/inherits cache-miss
234 http fetch GET 200 https://registry.npmjs.org/inherits 445ms (cache revalidated)
235 silly packumentCache full:https://registry.npmjs.org/inherits set size:12925 disposed:false
236 silly fetch manifest setprototypeof@~1.2.0
237 silly packumentCache full:https://registry.npmjs.org/setprototypeof cache-miss
238 http fetch GET 200 https://registry.npmjs.org/setprototypeof 385ms (cache revalidated)
239 silly packumentCache full:https://registry.npmjs.org/setprototypeof set size:14532 disposed:false
240 silly fetch manifest statuses@~2.0.2
241 silly packumentCache full:https://registry.npmjs.org/statuses cache-hit
242 silly fetch manifest toidentifier@~1.0.1
243 silly packumentCache full:https://registry.npmjs.org/toidentifier cache-miss
244 http fetch GET 200 https://registry.npmjs.org/toidentifier 379ms (cache revalidated)
245 silly packumentCache full:https://registry.npmjs.org/toidentifier set size:12006 disposed:false
246 silly fetch manifest mime-db@^1.54.0
247 silly packumentCache full:https://registry.npmjs.org/mime-db cache-miss
248 http fetch GET 200 https://registry.npmjs.org/mime-db 173ms (cache revalidated)
249 silly packumentCache full:https://registry.npmjs.org/mime-db set size:164953 disposed:false
250 silly fetch manifest ee-first@1.1.1
251 silly packumentCache full:https://registry.npmjs.org/ee-first cache-miss
252 http fetch GET 200 https://registry.npmjs.org/ee-first 122ms (cache revalidated)
253 silly packumentCache full:https://registry.npmjs.org/ee-first set size:15327 disposed:false
254 silly fetch manifest wrappy@1
255 silly packumentCache full:https://registry.npmjs.org/wrappy cache-miss
256 http fetch GET 200 https://registry.npmjs.org/wrappy 130ms (cache revalidated)
257 silly packumentCache full:https://registry.npmjs.org/wrappy set size:7682 disposed:false
258 silly fetch manifest forwarded@0.2.0
259 silly packumentCache full:https://registry.npmjs.org/forwarded cache-miss
260 http fetch GET 200 https://registry.npmjs.org/forwarded 879ms (cache revalidated)
261 silly packumentCache full:https://registry.npmjs.org/forwarded set size:11229 disposed:false
262 silly fetch manifest ipaddr.js@1.9.1
263 silly packumentCache full:https://registry.npmjs.org/ipaddr.js cache-miss
264 http fetch GET 200 https://registry.npmjs.org/ipaddr.js 147ms (cache revalidated)
265 silly packumentCache full:https://registry.npmjs.org/ipaddr.js set size:67857 disposed:false
266 silly fetch manifest side-channel@^1.1.0
267 silly packumentCache full:https://registry.npmjs.org/side-channel cache-miss
268 http fetch GET 200 https://registry.npmjs.org/side-channel 493ms (cache revalidated)
269 silly packumentCache full:https://registry.npmjs.org/side-channel set size:24660 disposed:false
270 silly fetch manifest is-promise@^4.0.0
271 silly packumentCache full:https://registry.npmjs.org/is-promise cache-miss
272 http fetch GET 200 https://registry.npmjs.org/is-promise 144ms (cache revalidated)
273 silly packumentCache full:https://registry.npmjs.org/is-promise set size:18599 disposed:false
274 silly fetch manifest path-to-regexp@^8.0.0
275 silly packumentCache full:https://registry.npmjs.org/path-to-regexp cache-miss
276 http fetch GET 200 https://registry.npmjs.org/path-to-regexp 125ms (cache revalidated)
277 silly packumentCache full:https://registry.npmjs.org/path-to-regexp set size:216334 disposed:false
278 silly fetch manifest statuses@^2.0.2
279 silly packumentCache full:https://registry.npmjs.org/statuses cache-hit
280 silly fetch manifest media-typer@^1.1.0
281 silly packumentCache full:https://registry.npmjs.org/media-typer cache-miss
282 http fetch GET 200 https://registry.npmjs.org/media-typer 546ms (cache revalidated)
283 silly packumentCache full:https://registry.npmjs.org/media-typer set size:20873 disposed:false
284 silly placeDep ROOT negotiator@1.0.0 OK for: accepts@2.0.0 want: ^1.0.0
285 silly placeDep ROOT bytes@3.1.2 OK for: body-parser@2.2.2 want: ^3.1.2
286 silly placeDep ROOT iconv-lite@0.7.2 OK for: body-parser@2.2.2 want: ^0.7.0
287 silly placeDep ROOT raw-body@3.0.2 OK for: body-parser@2.2.2 want: ^3.0.1
288 silly fetch manifest safer-buffer@>= 2.1.2 < 3.0.0
289 silly packumentCache full:https://registry.npmjs.org/safer-buffer cache-miss
290 http fetch GET 200 https://registry.npmjs.org/safer-buffer 585ms (cache revalidated)
291 silly packumentCache full:https://registry.npmjs.org/safer-buffer set size:18521 disposed:false
292 silly fetch manifest unpipe@~1.0.0
293 silly packumentCache full:https://registry.npmjs.org/unpipe cache-miss
294 http fetch GET 200 https://registry.npmjs.org/unpipe 380ms (cache revalidated)
295 silly packumentCache full:https://registry.npmjs.org/unpipe set size:3609 disposed:false
296 silly placeDep ROOT ms@2.1.3 OK for: debug@4.4.3 want: ^2.1.3
297 silly placeDep ROOT inherits@2.0.4 OK for: http-errors@2.0.1 want: ~2.0.4
298 silly placeDep ROOT setprototypeof@1.2.0 OK for: http-errors@2.0.1 want: ~1.2.0
299 silly placeDep ROOT toidentifier@1.0.1 OK for: http-errors@2.0.1 want: ~1.0.1
300 silly placeDep ROOT safer-buffer@2.1.2 OK for: iconv-lite@0.7.2 want: >= 2.1.2 < 3.0.0
301 silly placeDep ROOT mime-db@1.54.0 OK for: mime-types@3.0.2 want: ^1.54.0
302 silly placeDep ROOT aws-ssl-profiles@1.1.2 OK for: mysql2@3.22.1 want: ^1.1.2
303 silly placeDep ROOT denque@2.1.0 OK for: mysql2@3.22.1 want: ^2.1.0
304 silly placeDep ROOT generate-function@2.3.1 OK for: mysql2@3.22.1 want: ^2.3.1
305 silly placeDep ROOT long@5.3.2 OK for: mysql2@3.22.1 want: ^5.3.2
306 silly placeDep ROOT lru.min@1.1.4 OK for: mysql2@3.22.1 want: ^1.1.4
307 silly placeDep ROOT named-placeholders@1.1.6 OK for: mysql2@3.22.1 want: ^1.1.6
308 silly placeDep ROOT sql-escaper@1.3.3 OK for: mysql2@3.22.1 want: ^1.3.3
309 silly fetch manifest is-property@^1.0.2
310 silly packumentCache full:https://registry.npmjs.org/is-property cache-miss
311 http fetch GET 200 https://registry.npmjs.org/is-property 224ms (cache revalidated)
312 silly packumentCache full:https://registry.npmjs.org/is-property set size:6745 disposed:false
313 silly placeDep ROOT is-property@1.0.2 OK for: generate-function@2.3.1 want: ^1.0.2
314 silly placeDep ROOT ee-first@1.1.1 OK for: on-finished@2.4.1 want: 1.1.1
315 silly placeDep ROOT wrappy@1.0.2 OK for: once@1.4.0 want: 1
316 silly placeDep ROOT forwarded@0.2.0 OK for: proxy-addr@2.0.7 want: 0.2.0
317 silly placeDep ROOT ipaddr.js@1.9.1 OK for: proxy-addr@2.0.7 want: 1.9.1
318 silly placeDep ROOT side-channel@1.1.0 OK for: qs@6.15.1 want: ^1.1.0
319 silly fetch manifest es-errors@^1.3.0
320 silly packumentCache full:https://registry.npmjs.org/es-errors cache-miss
321 http fetch GET 200 https://registry.npmjs.org/es-errors 936ms (cache revalidated)
322 silly packumentCache full:https://registry.npmjs.org/es-errors set size:16918 disposed:false
323 silly fetch manifest object-inspect@^1.13.3
324 silly packumentCache full:https://registry.npmjs.org/object-inspect cache-miss
325 http fetch GET 200 https://registry.npmjs.org/object-inspect 137ms (cache revalidated)
326 silly packumentCache full:https://registry.npmjs.org/object-inspect set size:101912 disposed:false
327 silly fetch manifest side-channel-list@^1.0.0
328 silly packumentCache full:https://registry.npmjs.org/side-channel-list cache-miss
329 http fetch GET 200 https://registry.npmjs.org/side-channel-list 519ms (cache revalidated)
330 silly packumentCache full:https://registry.npmjs.org/side-channel-list set size:9021 disposed:false
331 silly fetch manifest side-channel-map@^1.0.1
332 silly packumentCache full:https://registry.npmjs.org/side-channel-map cache-miss
333 http fetch GET 200 https://registry.npmjs.org/side-channel-map 818ms (cache revalidated)
334 silly packumentCache full:https://registry.npmjs.org/side-channel-map set size:9126 disposed:false
335 silly fetch manifest side-channel-weakmap@^1.0.2
336 silly packumentCache full:https://registry.npmjs.org/side-channel-weakmap cache-miss
337 http fetch GET 200 https://registry.npmjs.org/side-channel-weakmap 481ms (cache revalidated)
338 silly packumentCache full:https://registry.npmjs.org/side-channel-weakmap set size:12620 disposed:false
339 silly placeDep ROOT unpipe@1.0.0 OK for: raw-body@3.0.2 want: ~1.0.0
340 silly placeDep ROOT is-promise@4.0.0 OK for: router@2.2.0 want: ^4.0.0
341 silly placeDep ROOT path-to-regexp@8.4.2 OK for: router@2.2.0 want: ^8.0.0
342 silly placeDep ROOT es-errors@1.3.0 OK for: side-channel@1.1.0 want: ^1.3.0
343 silly placeDep ROOT object-inspect@1.13.4 OK for: side-channel@1.1.0 want: ^1.13.3
344 silly placeDep ROOT side-channel-list@1.0.1 OK for: side-channel@1.1.0 want: ^1.0.0
345 silly placeDep ROOT side-channel-map@1.0.1 OK for: side-channel@1.1.0 want: ^1.0.1
346 silly placeDep ROOT side-channel-weakmap@1.0.2 OK for: side-channel@1.1.0 want: ^1.0.2
347 silly fetch manifest call-bound@^1.0.2
348 silly packumentCache full:https://registry.npmjs.org/call-bound cache-miss
349 http fetch GET 200 https://registry.npmjs.org/call-bound 169ms (cache revalidated)
350 silly packumentCache full:https://registry.npmjs.org/call-bound set size:15317 disposed:false
351 silly fetch manifest get-intrinsic@^1.2.5
352 silly packumentCache full:https://registry.npmjs.org/get-intrinsic cache-miss
353 http fetch GET 200 https://registry.npmjs.org/get-intrinsic 757ms (cache revalidated)
354 silly packumentCache full:https://registry.npmjs.org/get-intrinsic set size:60985 disposed:false
355 silly placeDep ROOT call-bound@1.0.4 OK for: side-channel-map@1.0.1 want: ^1.0.2
356 silly placeDep ROOT get-intrinsic@1.3.0 OK for: side-channel-map@1.0.1 want: ^1.2.5
357 silly fetch manifest call-bind-apply-helpers@^1.0.2
358 silly packumentCache full:https://registry.npmjs.org/call-bind-apply-helpers cache-miss
359 http fetch GET 200 https://registry.npmjs.org/call-bind-apply-helpers 915ms (cache revalidated)
360 silly packumentCache full:https://registry.npmjs.org/call-bind-apply-helpers set size:12744 disposed:false
361 silly fetch manifest get-intrinsic@^1.3.0
362 silly packumentCache full:https://registry.npmjs.org/get-intrinsic cache-hit
363 silly fetch manifest gopd@^1.2.0
364 silly packumentCache full:https://registry.npmjs.org/gopd cache-miss
365 http fetch GET 200 https://registry.npmjs.org/gopd 140ms (cache revalidated)
366 silly packumentCache full:https://registry.npmjs.org/gopd set size:11458 disposed:false
367 silly fetch manifest hasown@^2.0.2
368 silly packumentCache full:https://registry.npmjs.org/hasown cache-miss
369 http fetch GET 200 https://registry.npmjs.org/hasown 211ms (cache updated)
370 silly packumentCache full:https://registry.npmjs.org/hasown set size:undefined disposed:false
371 silly fetch manifest get-proto@^1.0.1
372 silly packumentCache full:https://registry.npmjs.org/get-proto cache-miss
373 http fetch GET 200 https://registry.npmjs.org/get-proto 1197ms (cache revalidated)
374 silly packumentCache full:https://registry.npmjs.org/get-proto set size:8300 disposed:false
375 silly fetch manifest has-symbols@^1.1.0
376 silly packumentCache full:https://registry.npmjs.org/has-symbols cache-miss
377 http fetch GET 200 https://registry.npmjs.org/has-symbols 680ms (cache revalidated)
378 silly packumentCache full:https://registry.npmjs.org/has-symbols set size:21550 disposed:false
379 silly fetch manifest function-bind@^1.1.2
380 silly packumentCache full:https://registry.npmjs.org/function-bind cache-miss
381 http fetch GET 200 https://registry.npmjs.org/function-bind 202ms (cache revalidated)
382 silly packumentCache full:https://registry.npmjs.org/function-bind set size:15733 disposed:false
383 silly fetch manifest es-object-atoms@^1.1.1
384 silly packumentCache full:https://registry.npmjs.org/es-object-atoms cache-miss
385 http fetch GET 200 https://registry.npmjs.org/es-object-atoms 561ms (cache revalidated)
386 silly packumentCache full:https://registry.npmjs.org/es-object-atoms set size:15304 disposed:false
387 silly fetch manifest math-intrinsics@^1.1.0
388 silly packumentCache full:https://registry.npmjs.org/math-intrinsics cache-miss
389 http fetch GET 200 https://registry.npmjs.org/math-intrinsics 169ms (cache revalidated)
390 silly packumentCache full:https://registry.npmjs.org/math-intrinsics set size:9265 disposed:false
391 silly fetch manifest es-define-property@^1.0.1
392 silly packumentCache full:https://registry.npmjs.org/es-define-property cache-miss
393 http fetch GET 200 https://registry.npmjs.org/es-define-property 823ms (cache revalidated)
394 silly packumentCache full:https://registry.npmjs.org/es-define-property set size:8542 disposed:false
395 silly placeDep ROOT call-bind-apply-helpers@1.0.2 OK for: call-bound@1.0.4 want: ^1.0.2
396 silly placeDep ROOT function-bind@1.1.2 OK for: call-bind-apply-helpers@1.0.2 want: ^1.1.2
397 silly placeDep ROOT es-define-property@1.0.1 OK for: get-intrinsic@1.3.0 want: ^1.0.1
398 silly placeDep ROOT es-object-atoms@1.1.1 OK for: get-intrinsic@1.3.0 want: ^1.1.1
399 silly placeDep ROOT get-proto@1.0.1 OK for: get-intrinsic@1.3.0 want: ^1.0.1
400 silly placeDep ROOT gopd@1.2.0 OK for: get-intrinsic@1.3.0 want: ^1.2.0
401 silly placeDep ROOT has-symbols@1.1.0 OK for: get-intrinsic@1.3.0 want: ^1.1.0
402 silly placeDep ROOT hasown@2.0.3 OK for: get-intrinsic@1.3.0 want: ^2.0.2
403 silly placeDep ROOT math-intrinsics@1.1.0 OK for: get-intrinsic@1.3.0 want: ^1.1.0
404 silly fetch manifest dunder-proto@^1.0.1
405 silly packumentCache full:https://registry.npmjs.org/dunder-proto cache-miss
406 http fetch GET 200 https://registry.npmjs.org/dunder-proto 468ms (cache revalidated)
407 silly packumentCache full:https://registry.npmjs.org/dunder-proto set size:8256 disposed:false
408 silly placeDep ROOT dunder-proto@1.0.1 OK for: get-proto@1.0.1 want: ^1.0.1
409 silly placeDep ROOT media-typer@1.1.0 OK for: type-is@2.0.1 want: ^1.1.0
410 silly reify moves {}
411 silly audit bulk request {
411 silly audit   dotenv: [ '17.4.2' ],
411 silly audit   express: [ '5.2.1' ],
411 silly audit   mysql2: [ '3.22.1' ],
411 silly audit   '@types/node': [ '25.6.0' ],
411 silly audit   'undici-types': [ '7.19.2' ],
411 silly audit   accepts: [ '2.0.0' ],
411 silly audit   'body-parser': [ '2.2.2' ],
411 silly audit   'content-disposition': [ '1.1.0' ],
411 silly audit   'content-type': [ '1.0.5' ],
411 silly audit   cookie: [ '0.7.2' ],
411 silly audit   'cookie-signature': [ '1.2.2' ],
411 silly audit   debug: [ '4.4.3' ],
411 silly audit   depd: [ '2.0.0' ],
411 silly audit   encodeurl: [ '2.0.0' ],
411 silly audit   'escape-html': [ '1.0.3' ],
411 silly audit   etag: [ '1.8.1' ],
411 silly audit   finalhandler: [ '2.1.1' ],
411 silly audit   fresh: [ '2.0.0' ],
411 silly audit   'http-errors': [ '2.0.1' ],
411 silly audit   'merge-descriptors': [ '2.0.0' ],
411 silly audit   'mime-types': [ '3.0.2' ],
411 silly audit   'on-finished': [ '2.4.1' ],
411 silly audit   once: [ '1.4.0' ],
411 silly audit   parseurl: [ '1.3.3' ],
411 silly audit   'proxy-addr': [ '2.0.7' ],
411 silly audit   qs: [ '6.15.1' ],
411 silly audit   'range-parser': [ '1.2.1' ],
411 silly audit   router: [ '2.2.0' ],
411 silly audit   send: [ '1.2.1' ],
411 silly audit   'serve-static': [ '2.2.1' ],
411 silly audit   statuses: [ '2.0.2' ],
411 silly audit   'type-is': [ '2.0.1' ],
411 silly audit   vary: [ '1.1.2' ],
411 silly audit   negotiator: [ '1.0.0' ],
411 silly audit   bytes: [ '3.1.2' ],
411 silly audit   'iconv-lite': [ '0.7.2' ],
411 silly audit   'raw-body': [ '3.0.2' ],
411 silly audit   ms: [ '2.1.3' ],
411 silly audit   inherits: [ '2.0.4' ],
411 silly audit   setprototypeof: [ '1.2.0' ],
411 silly audit   toidentifier: [ '1.0.1' ],
411 silly audit   'safer-buffer': [ '2.1.2' ],
411 silly audit   'mime-db': [ '1.54.0' ],
411 silly audit   'aws-ssl-profiles': [ '1.1.2' ],
411 silly audit   denque: [ '2.1.0' ],
411 silly audit   'generate-function': [ '2.3.1' ],
411 silly audit   long: [ '5.3.2' ],
411 silly audit   'lru.min': [ '1.1.4' ],
411 silly audit   'named-placeholders': [ '1.1.6' ],
411 silly audit   'sql-escaper': [ '1.3.3' ],
411 silly audit   'is-property': [ '1.0.2' ],
411 silly audit   'ee-first': [ '1.1.1' ],
411 silly audit   wrappy: [ '1.0.2' ],
411 silly audit   forwarded: [ '0.2.0' ],
411 silly audit   'ipaddr.js': [ '1.9.1' ],
411 silly audit   'side-channel': [ '1.1.0' ],
411 silly audit   unpipe: [ '1.0.0' ],
411 silly audit   'is-promise': [ '4.0.0' ],
411 silly audit   'path-to-regexp': [ '8.4.2' ],
411 silly audit   'es-errors': [ '1.3.0' ],
411 silly audit   'object-inspect': [ '1.13.4' ],
411 silly audit   'side-channel-list': [ '1.0.1' ],
411 silly audit   'side-channel-map': [ '1.0.1' ],
411 silly audit   'side-channel-weakmap': [ '1.0.2' ],
411 silly audit   'call-bound': [ '1.0.4' ],
411 silly audit   'get-intrinsic': [ '1.3.0' ],
411 silly audit   'call-bind-apply-helpers': [ '1.0.2' ],
411 silly audit   'function-bind': [ '1.1.2' ],
411 silly audit   'es-define-property': [ '1.0.1' ],
411 silly audit   'es-object-atoms': [ '1.1.1' ],
411 silly audit   'get-proto': [ '1.0.1' ],
411 silly audit   gopd: [ '1.2.0' ],
411 silly audit   'has-symbols': [ '1.1.0' ],
411 silly audit   hasown: [ '2.0.3' ],
411 silly audit   'math-intrinsics': [ '1.1.0' ],
411 silly audit   'dunder-proto': [ '1.0.1' ],
411 silly audit   'media-typer': [ '1.1.0' ]
411 silly audit }
412 http cache media-typer@https://registry.npmjs.org/media-typer/-/media-typer-1.1.0.tgz 0ms (cache hit)
413 http cache dunder-proto@https://registry.npmjs.org/dunder-proto/-/dunder-proto-1.0.1.tgz 0ms (cache hit)
414 http cache math-intrinsics@https://registry.npmjs.org/math-intrinsics/-/math-intrinsics-1.1.0.tgz 0ms (cache hit)
415 http cache hasown@https://registry.npmjs.org/hasown/-/hasown-2.0.3.tgz 0ms (cache hit)
416 http cache has-symbols@https://registry.npmjs.org/has-symbols/-/has-symbols-1.1.0.tgz 0ms (cache hit)
417 http cache es-object-atoms@https://registry.npmjs.org/es-object-atoms/-/es-object-atoms-1.1.1.tgz 0ms (cache hit)
418 http cache get-proto@https://registry.npmjs.org/get-proto/-/get-proto-1.0.1.tgz 0ms (cache hit)
419 http cache es-define-property@https://registry.npmjs.org/es-define-property/-/es-define-property-1.0.1.tgz 0ms (cache hit)
420 http cache function-bind@https://registry.npmjs.org/function-bind/-/function-bind-1.1.2.tgz 0ms (cache hit)
421 http cache call-bind-apply-helpers@https://registry.npmjs.org/call-bind-apply-helpers/-/call-bind-apply-helpers-1.0.2.tgz 0ms (cache hit)
422 http cache get-intrinsic@https://registry.npmjs.org/get-intrinsic/-/get-intrinsic-1.3.0.tgz 1ms (cache hit)
423 http cache call-bound@https://registry.npmjs.org/call-bound/-/call-bound-1.0.4.tgz 0ms (cache hit)
424 http cache side-channel-weakmap@https://registry.npmjs.org/side-channel-weakmap/-/side-channel-weakmap-1.0.2.tgz 0ms (cache hit)
425 http cache side-channel-map@https://registry.npmjs.org/side-channel-map/-/side-channel-map-1.0.1.tgz 0ms (cache hit)
426 http cache side-channel-list@https://registry.npmjs.org/side-channel-list/-/side-channel-list-1.0.1.tgz 0ms (cache hit)
427 http cache object-inspect@https://registry.npmjs.org/object-inspect/-/object-inspect-1.13.4.tgz 0ms (cache hit)
428 http cache es-errors@https://registry.npmjs.org/es-errors/-/es-errors-1.3.0.tgz 0ms (cache hit)
429 http cache path-to-regexp@https://registry.npmjs.org/path-to-regexp/-/path-to-regexp-8.4.2.tgz 1ms (cache hit)
430 http cache is-promise@https://registry.npmjs.org/is-promise/-/is-promise-4.0.0.tgz 0ms (cache hit)
431 http cache unpipe@https://registry.npmjs.org/unpipe/-/unpipe-1.0.0.tgz 0ms (cache hit)
432 http cache side-channel@https://registry.npmjs.org/side-channel/-/side-channel-1.1.0.tgz 0ms (cache hit)
433 http cache ipaddr.js@https://registry.npmjs.org/ipaddr.js/-/ipaddr.js-1.9.1.tgz 0ms (cache hit)
434 http cache forwarded@https://registry.npmjs.org/forwarded/-/forwarded-0.2.0.tgz 0ms (cache hit)
435 http cache wrappy@https://registry.npmjs.org/wrappy/-/wrappy-1.0.2.tgz 0ms (cache hit)
436 http cache ee-first@https://registry.npmjs.org/ee-first/-/ee-first-1.1.1.tgz 0ms (cache hit)
437 http cache is-property@https://registry.npmjs.org/is-property/-/is-property-1.0.2.tgz 0ms (cache hit)
438 http cache sql-escaper@https://registry.npmjs.org/sql-escaper/-/sql-escaper-1.3.3.tgz 0ms (cache hit)
439 http cache named-placeholders@https://registry.npmjs.org/named-placeholders/-/named-placeholders-1.1.6.tgz 1ms (cache hit)
440 http cache lru.min@https://registry.npmjs.org/lru.min/-/lru.min-1.1.4.tgz 0ms (cache hit)
441 http cache long@https://registry.npmjs.org/long/-/long-5.3.2.tgz 0ms (cache hit)
442 http cache generate-function@https://registry.npmjs.org/generate-function/-/generate-function-2.3.1.tgz 1ms (cache hit)
443 http cache denque@https://registry.npmjs.org/denque/-/denque-2.1.0.tgz 0ms (cache hit)
444 http cache aws-ssl-profiles@https://registry.npmjs.org/aws-ssl-profiles/-/aws-ssl-profiles-1.1.2.tgz 0ms (cache hit)
445 http cache mime-db@https://registry.npmjs.org/mime-db/-/mime-db-1.54.0.tgz 1ms (cache hit)
446 http cache safer-buffer@https://registry.npmjs.org/safer-buffer/-/safer-buffer-2.1.2.tgz 0ms (cache hit)
447 http cache toidentifier@https://registry.npmjs.org/toidentifier/-/toidentifier-1.0.1.tgz 0ms (cache hit)
448 http cache setprototypeof@https://registry.npmjs.org/setprototypeof/-/setprototypeof-1.2.0.tgz 0ms (cache hit)
449 http cache inherits@https://registry.npmjs.org/inherits/-/inherits-2.0.4.tgz 0ms (cache hit)
450 http cache ms@https://registry.npmjs.org/ms/-/ms-2.1.3.tgz 0ms (cache hit)
451 http cache raw-body@https://registry.npmjs.org/raw-body/-/raw-body-3.0.2.tgz 0ms (cache hit)
452 http cache iconv-lite@https://registry.npmjs.org/iconv-lite/-/iconv-lite-0.7.2.tgz 0ms (cache hit)
453 http cache bytes@https://registry.npmjs.org/bytes/-/bytes-3.1.2.tgz 0ms (cache hit)
454 http cache negotiator@https://registry.npmjs.org/negotiator/-/negotiator-1.0.0.tgz 1ms (cache hit)
455 http cache vary@https://registry.npmjs.org/vary/-/vary-1.1.2.tgz 0ms (cache hit)
456 http cache type-is@https://registry.npmjs.org/type-is/-/type-is-2.0.1.tgz 0ms (cache hit)
457 http cache statuses@https://registry.npmjs.org/statuses/-/statuses-2.0.2.tgz 1ms (cache hit)
458 http cache serve-static@https://registry.npmjs.org/serve-static/-/serve-static-2.2.1.tgz 0ms (cache hit)
459 http cache send@https://registry.npmjs.org/send/-/send-1.2.1.tgz 1ms (cache hit)
460 http cache router@https://registry.npmjs.org/router/-/router-2.2.0.tgz 0ms (cache hit)
461 http cache range-parser@https://registry.npmjs.org/range-parser/-/range-parser-1.2.1.tgz 1ms (cache hit)
462 http cache qs@https://registry.npmjs.org/qs/-/qs-6.15.1.tgz 0ms (cache hit)
463 http cache proxy-addr@https://registry.npmjs.org/proxy-addr/-/proxy-addr-2.0.7.tgz 0ms (cache hit)
464 http cache parseurl@https://registry.npmjs.org/parseurl/-/parseurl-1.3.3.tgz 0ms (cache hit)
465 http cache once@https://registry.npmjs.org/once/-/once-1.4.0.tgz 1ms (cache hit)
466 http cache on-finished@https://registry.npmjs.org/on-finished/-/on-finished-2.4.1.tgz 0ms (cache hit)
467 http cache mime-types@https://registry.npmjs.org/mime-types/-/mime-types-3.0.2.tgz 0ms (cache hit)
468 http cache merge-descriptors@https://registry.npmjs.org/merge-descriptors/-/merge-descriptors-2.0.0.tgz 0ms (cache hit)
469 http cache http-errors@https://registry.npmjs.org/http-errors/-/http-errors-2.0.1.tgz 0ms (cache hit)
470 http cache fresh@https://registry.npmjs.org/fresh/-/fresh-2.0.0.tgz 1ms (cache hit)
471 http cache finalhandler@https://registry.npmjs.org/finalhandler/-/finalhandler-2.1.1.tgz 0ms (cache hit)
472 http cache etag@https://registry.npmjs.org/etag/-/etag-1.8.1.tgz 0ms (cache hit)
473 http cache escape-html@https://registry.npmjs.org/escape-html/-/escape-html-1.0.3.tgz 0ms (cache hit)
474 http cache encodeurl@https://registry.npmjs.org/encodeurl/-/encodeurl-2.0.0.tgz 0ms (cache hit)
475 http cache depd@https://registry.npmjs.org/depd/-/depd-2.0.0.tgz 0ms (cache hit)
476 http cache debug@https://registry.npmjs.org/debug/-/debug-4.4.3.tgz 0ms (cache hit)
477 http cache cookie-signature@https://registry.npmjs.org/cookie-signature/-/cookie-signature-1.2.2.tgz 0ms (cache hit)
478 http cache cookie@https://registry.npmjs.org/cookie/-/cookie-0.7.2.tgz 1ms (cache hit)
479 http cache content-type@https://registry.npmjs.org/content-type/-/content-type-1.0.5.tgz 0ms (cache hit)
480 http cache content-disposition@https://registry.npmjs.org/content-disposition/-/content-disposition-1.1.0.tgz 1ms (cache hit)
481 http cache body-parser@https://registry.npmjs.org/body-parser/-/body-parser-2.2.2.tgz 0ms (cache hit)
482 http cache accepts@https://registry.npmjs.org/accepts/-/accepts-2.0.0.tgz 0ms (cache hit)
483 http cache undici-types@https://registry.npmjs.org/undici-types/-/undici-types-7.19.2.tgz 0ms (cache hit)
484 http cache @types/node@https://registry.npmjs.org/@types/node/-/node-25.6.0.tgz 0ms (cache hit)
485 http cache mysql2@https://registry.npmjs.org/mysql2/-/mysql2-3.22.1.tgz 1ms (cache hit)
486 http cache express@https://registry.npmjs.org/express/-/express-5.2.1.tgz 1ms (cache hit)
487 http cache gopd@https://registry.npmjs.org/gopd/-/gopd-1.2.0.tgz 0ms (cache hit)
488 silly tarball no local data for hasown@https://registry.npmjs.org/hasown/-/hasown-2.0.3.tgz. Extracting by manifest.
489 silly tarball no local data for mysql2@https://registry.npmjs.org/mysql2/-/mysql2-3.22.1.tgz. Extracting by manifest.
490 http fetch POST 200 https://registry.npmjs.org/-/npm/v1/security/advisories/bulk 1902ms
491 silly audit report {}
492 http fetch GET 200 https://registry.npmjs.org/hasown/-/hasown-2.0.3.tgz 3310ms (cache miss)
493 http fetch GET 200 https://registry.npmjs.org/mysql2/-/mysql2-3.22.1.tgz 4607ms (cache miss)
494 silly ADD node_modules/media-typer
495 silly ADD node_modules/dunder-proto
496 silly ADD node_modules/math-intrinsics
497 silly ADD node_modules/hasown
498 silly ADD node_modules/has-symbols
499 silly ADD node_modules/gopd
500 silly ADD node_modules/get-proto
501 silly ADD node_modules/es-object-atoms
502 silly ADD node_modules/es-define-property
503 silly ADD node_modules/function-bind
504 silly ADD node_modules/call-bind-apply-helpers
505 silly ADD node_modules/get-intrinsic
506 silly ADD node_modules/call-bound
507 silly ADD node_modules/side-channel-weakmap
508 silly ADD node_modules/side-channel-map
509 silly ADD node_modules/side-channel-list
510 silly ADD node_modules/object-inspect
511 silly ADD node_modules/es-errors
512 silly ADD node_modules/path-to-regexp
513 silly ADD node_modules/is-promise
514 silly ADD node_modules/unpipe
515 silly ADD node_modules/side-channel
516 silly ADD node_modules/ipaddr.js
517 silly ADD node_modules/forwarded
518 silly ADD node_modules/wrappy
519 silly ADD node_modules/ee-first
520 silly ADD node_modules/is-property
521 silly ADD node_modules/sql-escaper
522 silly ADD node_modules/named-placeholders
523 silly ADD node_modules/lru.min
524 silly ADD node_modules/long
525 silly ADD node_modules/generate-function
526 silly ADD node_modules/denque
527 silly ADD node_modules/aws-ssl-profiles
528 silly ADD node_modules/mime-db
529 silly ADD node_modules/safer-buffer
530 silly ADD node_modules/toidentifier
531 silly ADD node_modules/setprototypeof
532 silly ADD node_modules/inherits
533 silly ADD node_modules/ms
534 silly ADD node_modules/raw-body
535 silly ADD node_modules/iconv-lite
536 silly ADD node_modules/bytes
537 silly ADD node_modules/negotiator
538 silly ADD node_modules/vary
539 silly ADD node_modules/type-is
540 silly ADD node_modules/statuses
541 silly ADD node_modules/serve-static
542 silly ADD node_modules/send
543 silly ADD node_modules/router
544 silly ADD node_modules/range-parser
545 silly ADD node_modules/qs
546 silly ADD node_modules/proxy-addr
547 silly ADD node_modules/parseurl
548 silly ADD node_modules/once
549 silly ADD node_modules/on-finished
550 silly ADD node_modules/mime-types
551 silly ADD node_modules/merge-descriptors
552 silly ADD node_modules/http-errors
553 silly ADD node_modules/fresh
554 silly ADD node_modules/finalhandler
555 silly ADD node_modules/etag
556 silly ADD node_modules/escape-html
557 silly ADD node_modules/encodeurl
558 silly ADD node_modules/depd
559 silly ADD node_modules/debug
560 silly ADD node_modules/cookie-signature
561 silly ADD node_modules/cookie
562 silly ADD node_modules/content-type
563 silly ADD node_modules/content-disposition
564 silly ADD node_modules/body-parser
565 silly ADD node_modules/accepts
566 silly ADD node_modules/undici-types
567 silly ADD node_modules/@types/node
568 silly ADD node_modules/mysql2
569 silly ADD node_modules/express
570 verbose cwd /data/data/com.termux/files/home
571 verbose os Linux 4.19.191-g4465035f2907-dirty
572 verbose node v25.8.2
573 verbose npm  v11.12.1
574 verbose exit 0
575 info ok
