0 verbose cli /data/data/com.termux/files/usr/bin/node /data/data/com.termux/files/usr/bin/npm
1 info using npm@11.12.1
2 info using node@v25.8.2
3 silly config load:file:/data/data/com.termux/files/usr/lib/node_modules/npm/npmrc
4 silly config load:file:/data/data/com.termux/files/home/.npmrc
5 silly config load:file:/data/data/com.termux/files/usr/etc/npmrc
6 verbose title npm install express mysql2 dotenv cprs
7 verbose argv "install" "express" "mysql2" "dotenv" "cprs"
8 verbose logfile logs-max:10 dir:/data/data/com.termux/files/home/.npm/_logs/2026-04-14T13_00_37_978Z-
9 verbose logfile /data/data/com.termux/files/home/.npm/_logs/2026-04-14T13_00_37_978Z-debug-0.log
10 silly logfile done cleaning log files
11 silly packumentCache heap:555483136 maxSize:138870784 maxEntrySize:69435392
12 silly idealTree buildDeps
13 silly fetch manifest express@*
14 silly packumentCache full:https://registry.npmjs.org/express cache-miss
15 http fetch GET 200 https://registry.npmjs.org/npm 4530ms
16 http fetch GET 200 https://registry.npmjs.org/express 13704ms (cache miss)
17 silly packumentCache full:https://registry.npmjs.org/express set size:undefined disposed:false
18 silly fetch manifest mysql2@*
19 silly packumentCache full:https://registry.npmjs.org/mysql2 cache-miss
20 http fetch GET 200 https://registry.npmjs.org/mysql2 1078ms (cache miss)
21 silly packumentCache full:https://registry.npmjs.org/mysql2 set size:undefined disposed:false
22 silly fetch manifest @types/node@>= 8
23 silly packumentCache full:https://registry.npmjs.org/@types%2fnode cache-miss
24 http fetch GET 200 https://registry.npmjs.org/@types%2fnode 12694ms (cache miss)
25 silly packumentCache full:https://registry.npmjs.org/@types%2fnode set size:undefined disposed:false
26 silly fetch manifest dotenv@*
27 silly packumentCache full:https://registry.npmjs.org/dotenv cache-miss
28 http fetch GET 200 https://registry.npmjs.org/dotenv 860ms (cache miss)
29 silly packumentCache full:https://registry.npmjs.org/dotenv set size:undefined disposed:false
30 silly fetch manifest cprs@*
31 silly packumentCache full:https://registry.npmjs.org/cprs cache-miss
32 http fetch GET 404 https://registry.npmjs.org/cprs 1033ms (cache skip)
33 silly placeDep ROOT cprs@ OK for:  want: *
34 silly placeDep ROOT dotenv@17.4.2 OK for:  want: *
35 silly placeDep ROOT express@5.2.1 OK for:  want: *
36 silly placeDep ROOT mysql2@3.22.0 OK for:  want: *
37 silly placeDep ROOT @types/node@25.6.0 OK for: mysql2@3.22.0 want: >= 8
38 silly fetch manifest qs@^6.14.0
39 silly packumentCache full:https://registry.npmjs.org/qs cache-miss
40 silly fetch manifest depd@^2.0.0
41 silly packumentCache full:https://registry.npmjs.org/depd cache-miss
42 silly fetch manifest etag@^1.8.1
43 silly packumentCache full:https://registry.npmjs.org/etag cache-miss
44 http fetch GET 200 https://registry.npmjs.org/depd 572ms (cache miss)
45 silly packumentCache full:https://registry.npmjs.org/depd set size:undefined disposed:false
46 silly fetch manifest once@^1.4.0
47 silly packumentCache full:https://registry.npmjs.org/once cache-miss
48 http fetch GET 200 https://registry.npmjs.org/qs 1535ms (cache miss)
49 silly packumentCache full:https://registry.npmjs.org/qs set size:undefined disposed:false
50 silly fetch manifest send@^1.1.0
51 silly packumentCache full:https://registry.npmjs.org/send cache-miss
52 http fetch GET 200 https://registry.npmjs.org/etag 1676ms (cache miss)
53 silly packumentCache full:https://registry.npmjs.org/etag set size:undefined disposed:false
54 silly fetch manifest vary@^1.1.2
55 silly packumentCache full:https://registry.npmjs.org/vary cache-miss
56 http fetch GET 200 https://registry.npmjs.org/once 1072ms (cache miss)
57 silly packumentCache full:https://registry.npmjs.org/once set size:undefined disposed:false
58 silly fetch manifest debug@^4.4.0
59 silly packumentCache full:https://registry.npmjs.org/debug cache-miss
60 http fetch GET 200 https://registry.npmjs.org/vary 350ms (cache miss)
61 silly packumentCache full:https://registry.npmjs.org/vary set size:undefined disposed:false
62 silly fetch manifest fresh@^2.0.0
63 silly packumentCache full:https://registry.npmjs.org/fresh cache-miss
64 http fetch GET 200 https://registry.npmjs.org/send 985ms (cache miss)
65 silly packumentCache full:https://registry.npmjs.org/send set size:undefined disposed:false
66 silly fetch manifest cookie@^0.7.1
67 silly packumentCache full:https://registry.npmjs.org/cookie cache-miss
68 http fetch GET 200 https://registry.npmjs.org/fresh 608ms (cache miss)
69 silly packumentCache full:https://registry.npmjs.org/fresh set size:undefined disposed:false
70 silly fetch manifest router@^2.2.0
71 silly packumentCache full:https://registry.npmjs.org/router cache-miss
72 http fetch GET 200 https://registry.npmjs.org/debug 1000ms (cache miss)
73 silly packumentCache full:https://registry.npmjs.org/debug set size:undefined disposed:false
74 silly fetch manifest accepts@^2.0.0
75 silly packumentCache full:https://registry.npmjs.org/accepts cache-miss
76 http fetch GET 200 https://registry.npmjs.org/router 852ms (cache miss)
77 silly packumentCache full:https://registry.npmjs.org/router set size:undefined disposed:false
78 silly fetch manifest type-is@^2.0.1
79 silly packumentCache full:https://registry.npmjs.org/type-is cache-miss
80 http fetch GET 200 https://registry.npmjs.org/accepts 1061ms (cache miss)
81 silly packumentCache full:https://registry.npmjs.org/accepts set size:undefined disposed:false
82 silly fetch manifest parseurl@^1.3.3
83 silly packumentCache full:https://registry.npmjs.org/parseurl cache-miss
84 http fetch GET 200 https://registry.npmjs.org/parseurl 244ms (cache miss)
85 silly packumentCache full:https://registry.npmjs.org/parseurl set size:undefined disposed:false
86 silly fetch manifest statuses@^2.0.1
87 silly packumentCache full:https://registry.npmjs.org/statuses cache-miss
88 http fetch GET 200 https://registry.npmjs.org/cookie 1740ms (cache miss)
89 silly packumentCache full:https://registry.npmjs.org/cookie set size:undefined disposed:false
90 silly fetch manifest encodeurl@^2.0.0
91 silly packumentCache full:https://registry.npmjs.org/encodeurl cache-miss
92 http fetch GET 200 https://registry.npmjs.org/statuses 421ms (cache miss)
93 silly packumentCache full:https://registry.npmjs.org/statuses set size:undefined disposed:false
94 silly fetch manifest mime-types@^3.0.0
95 silly packumentCache full:https://registry.npmjs.org/mime-types cache-miss
96 http fetch GET 200 https://registry.npmjs.org/type-is 1349ms (cache miss)
97 silly packumentCache full:https://registry.npmjs.org/type-is set size:undefined disposed:false
98 silly fetch manifest proxy-addr@^2.0.7
99 silly packumentCache full:https://registry.npmjs.org/proxy-addr cache-miss
100 http fetch GET 200 https://registry.npmjs.org/proxy-addr 395ms (cache miss)
101 silly packumentCache full:https://registry.npmjs.org/proxy-addr set size:undefined disposed:false
102 silly fetch manifest body-parser@^2.2.1
103 silly packumentCache full:https://registry.npmjs.org/body-parser cache-miss
104 http fetch GET 200 https://registry.npmjs.org/encodeurl 1024ms (cache miss)
105 silly packumentCache full:https://registry.npmjs.org/encodeurl set size:undefined disposed:false
106 silly fetch manifest escape-html@^1.0.3
107 silly packumentCache full:https://registry.npmjs.org/escape-html cache-miss
108 http fetch GET 200 https://registry.npmjs.org/escape-html 205ms (cache miss)
109 silly packumentCache full:https://registry.npmjs.org/escape-html set size:undefined disposed:false
110 silly fetch manifest http-errors@^2.0.0
111 silly packumentCache full:https://registry.npmjs.org/http-errors cache-miss
112 http fetch GET 200 https://registry.npmjs.org/mime-types 1510ms (cache miss)
113 silly packumentCache full:https://registry.npmjs.org/mime-types set size:undefined disposed:false
114 silly fetch manifest on-finished@^2.4.1
115 silly packumentCache full:https://registry.npmjs.org/on-finished cache-miss
116 http fetch GET 200 https://registry.npmjs.org/on-finished 418ms (cache miss)
117 silly packumentCache full:https://registry.npmjs.org/on-finished set size:undefined disposed:false
118 silly fetch manifest content-type@^1.0.5
119 silly packumentCache full:https://registry.npmjs.org/content-type cache-miss
120 http fetch GET 200 https://registry.npmjs.org/body-parser 1455ms (cache miss)
121 silly packumentCache full:https://registry.npmjs.org/body-parser set size:undefined disposed:false
122 silly fetch manifest finalhandler@^2.1.0
123 silly packumentCache full:https://registry.npmjs.org/finalhandler cache-miss
124 http fetch GET 200 https://registry.npmjs.org/http-errors 1324ms (cache miss)
125 silly packumentCache full:https://registry.npmjs.org/http-errors set size:undefined disposed:false
126 silly fetch manifest range-parser@^1.2.1
127 silly packumentCache full:https://registry.npmjs.org/range-parser cache-miss
128 http fetch GET 200 https://registry.npmjs.org/content-type 480ms (cache miss)
129 silly packumentCache full:https://registry.npmjs.org/content-type set size:undefined disposed:false
130 silly fetch manifest serve-static@^2.2.0
131 silly packumentCache full:https://registry.npmjs.org/serve-static cache-miss
132 http fetch GET 200 https://registry.npmjs.org/finalhandler 464ms (cache miss)
133 silly packumentCache full:https://registry.npmjs.org/finalhandler set size:undefined disposed:false
134 silly fetch manifest cookie-signature@^1.2.1
135 silly packumentCache full:https://registry.npmjs.org/cookie-signature cache-miss
136 http fetch GET 200 https://registry.npmjs.org/range-parser 495ms (cache miss)
137 silly packumentCache full:https://registry.npmjs.org/range-parser set size:undefined disposed:false
138 silly fetch manifest merge-descriptors@^2.0.0
139 silly packumentCache full:https://registry.npmjs.org/merge-descriptors cache-miss
140 http fetch GET 200 https://registry.npmjs.org/merge-descriptors 216ms (cache miss)
141 silly packumentCache full:https://registry.npmjs.org/merge-descriptors set size:undefined disposed:false
142 silly fetch manifest content-disposition@^1.0.0
143 silly packumentCache full:https://registry.npmjs.org/content-disposition cache-miss
144 http fetch GET 200 https://registry.npmjs.org/serve-static 751ms (cache miss)
145 silly packumentCache full:https://registry.npmjs.org/serve-static set size:undefined disposed:false
146 silly fetch manifest long@^5.3.2
147 silly packumentCache full:https://registry.npmjs.org/long cache-miss
148 http fetch GET 200 https://registry.npmjs.org/cookie-signature 494ms (cache miss)
149 silly packumentCache full:https://registry.npmjs.org/cookie-signature set size:undefined disposed:false
150 silly fetch manifest denque@^2.1.0
151 silly packumentCache full:https://registry.npmjs.org/denque cache-miss
152 http fetch GET 200 https://registry.npmjs.org/denque 231ms (cache miss)
153 silly packumentCache full:https://registry.npmjs.org/denque set size:undefined disposed:false
154 silly fetch manifest lru.min@^1.1.4
155 silly packumentCache full:https://registry.npmjs.org/lru.min cache-miss
156 http fetch GET 200 https://registry.npmjs.org/content-disposition 627ms (cache miss)
157 silly packumentCache full:https://registry.npmjs.org/content-disposition set size:undefined disposed:false
158 silly fetch manifest iconv-lite@^0.7.2
159 silly packumentCache full:https://registry.npmjs.org/iconv-lite cache-miss
160 http fetch GET 200 https://registry.npmjs.org/lru.min 621ms (cache miss)
161 silly packumentCache full:https://registry.npmjs.org/lru.min set size:undefined disposed:false
162 silly fetch manifest sql-escaper@^1.3.3
163 silly packumentCache full:https://registry.npmjs.org/sql-escaper cache-miss
164 http fetch GET 200 https://registry.npmjs.org/long 1150ms (cache miss)
165 silly packumentCache full:https://registry.npmjs.org/long set size:undefined disposed:false
166 silly fetch manifest aws-ssl-profiles@^1.1.2
167 silly packumentCache full:https://registry.npmjs.org/aws-ssl-profiles cache-miss
168 http fetch GET 200 https://registry.npmjs.org/sql-escaper 273ms (cache miss)
169 silly packumentCache full:https://registry.npmjs.org/sql-escaper set size:undefined disposed:false
170 silly fetch manifest generate-function@^2.3.1
171 silly packumentCache full:https://registry.npmjs.org/generate-function cache-miss
172 http fetch GET 200 https://registry.npmjs.org/iconv-lite 811ms (cache miss)
173 silly packumentCache full:https://registry.npmjs.org/iconv-lite set size:undefined disposed:false
174 silly fetch manifest named-placeholders@^1.1.6
175 silly packumentCache full:https://registry.npmjs.org/named-placeholders cache-miss
176 http fetch GET 200 https://registry.npmjs.org/generate-function 226ms (cache miss)
177 silly packumentCache full:https://registry.npmjs.org/generate-function set size:undefined disposed:false
178 silly fetch manifest undici-types@~7.19.0
179 silly packumentCache full:https://registry.npmjs.org/undici-types cache-miss
180 http fetch GET 200 https://registry.npmjs.org/named-placeholders 607ms (cache miss)
181 silly packumentCache full:https://registry.npmjs.org/named-placeholders set size:undefined disposed:false
182 http fetch GET 200 https://registry.npmjs.org/undici-types 695ms (cache miss)
183 silly packumentCache full:https://registry.npmjs.org/undici-types set size:undefined disposed:false
184 http fetch GET 200 https://registry.npmjs.org/aws-ssl-profiles 1970ms (cache miss)
185 silly packumentCache full:https://registry.npmjs.org/aws-ssl-profiles set size:undefined disposed:false
186 silly placeDep ROOT undici-types@7.19.2 OK for: @types/node@25.6.0 want: ~7.19.0
187 silly placeDep ROOT accepts@2.0.0 OK for: express@5.2.1 want: ^2.0.0
188 silly placeDep ROOT body-parser@2.2.2 OK for: express@5.2.1 want: ^2.2.1
189 silly placeDep ROOT content-disposition@1.1.0 OK for: express@5.2.1 want: ^1.0.0
190 silly placeDep ROOT content-type@1.0.5 OK for: express@5.2.1 want: ^1.0.5
191 silly placeDep ROOT cookie@0.7.2 OK for: express@5.2.1 want: ^0.7.1
192 silly placeDep ROOT cookie-signature@1.2.2 OK for: express@5.2.1 want: ^1.2.1
193 silly placeDep ROOT debug@4.4.3 OK for: express@5.2.1 want: ^4.4.0
194 silly placeDep ROOT depd@2.0.0 OK for: express@5.2.1 want: ^2.0.0
195 silly placeDep ROOT encodeurl@2.0.0 OK for: express@5.2.1 want: ^2.0.0
196 silly placeDep ROOT escape-html@1.0.3 OK for: express@5.2.1 want: ^1.0.3
197 silly placeDep ROOT etag@1.8.1 OK for: express@5.2.1 want: ^1.8.1
198 silly placeDep ROOT finalhandler@2.1.1 OK for: express@5.2.1 want: ^2.1.0
199 silly placeDep ROOT fresh@2.0.0 OK for: express@5.2.1 want: ^2.0.0
200 silly placeDep ROOT http-errors@2.0.1 OK for: express@5.2.1 want: ^2.0.0
201 silly placeDep ROOT merge-descriptors@2.0.0 OK for: express@5.2.1 want: ^2.0.0
202 silly placeDep ROOT mime-types@3.0.2 OK for: express@5.2.1 want: ^3.0.0
203 silly placeDep ROOT on-finished@2.4.1 OK for: express@5.2.1 want: ^2.4.1
204 silly placeDep ROOT once@1.4.0 OK for: express@5.2.1 want: ^1.4.0
205 silly placeDep ROOT parseurl@1.3.3 OK for: express@5.2.1 want: ^1.3.3
206 silly placeDep ROOT proxy-addr@2.0.7 OK for: express@5.2.1 want: ^2.0.7
207 silly placeDep ROOT qs@6.15.1 OK for: express@5.2.1 want: ^6.14.0
208 silly placeDep ROOT range-parser@1.2.1 OK for: express@5.2.1 want: ^1.2.1
209 silly placeDep ROOT router@2.2.0 OK for: express@5.2.1 want: ^2.2.0
210 silly placeDep ROOT send@1.2.1 OK for: express@5.2.1 want: ^1.1.0
211 silly placeDep ROOT serve-static@2.2.1 OK for: express@5.2.1 want: ^2.2.0
212 silly placeDep ROOT statuses@2.0.2 OK for: express@5.2.1 want: ^2.0.1
213 silly placeDep ROOT type-is@2.0.1 OK for: express@5.2.1 want: ^2.0.1
214 silly placeDep ROOT vary@1.1.2 OK for: express@5.2.1 want: ^1.1.2
215 silly fetch manifest negotiator@^1.0.0
216 silly packumentCache full:https://registry.npmjs.org/negotiator cache-miss
217 silly fetch manifest bytes@^3.1.2
218 silly packumentCache full:https://registry.npmjs.org/bytes cache-miss
219 silly fetch manifest debug@^4.4.3
220 silly packumentCache full:https://registry.npmjs.org/debug cache-miss
221 http cache https://registry.npmjs.org/debug 239ms (cache hit)
222 silly packumentCache full:https://registry.npmjs.org/debug set size:195840 disposed:false
223 silly fetch manifest iconv-lite@^0.7.0
224 silly packumentCache full:https://registry.npmjs.org/iconv-lite cache-miss
225 http cache https://registry.npmjs.org/iconv-lite 40ms (cache hit)
226 silly packumentCache full:https://registry.npmjs.org/iconv-lite set size:120557 disposed:false
227 silly fetch manifest qs@^6.14.1
228 silly packumentCache full:https://registry.npmjs.org/qs cache-miss
229 http cache https://registry.npmjs.org/qs 35ms (cache hit)
230 silly packumentCache full:https://registry.npmjs.org/qs set size:353582 disposed:false
231 silly fetch manifest raw-body@^3.0.1
232 silly packumentCache full:https://registry.npmjs.org/raw-body cache-miss
233 http fetch GET 200 https://registry.npmjs.org/bytes 528ms (cache miss)
234 silly packumentCache full:https://registry.npmjs.org/bytes set size:undefined disposed:false
235 silly fetch manifest ms@^2.1.3
236 silly packumentCache full:https://registry.npmjs.org/ms cache-miss
237 http fetch GET 200 https://registry.npmjs.org/negotiator 874ms (cache miss)
238 silly packumentCache full:https://registry.npmjs.org/negotiator set size:undefined disposed:false
239 silly fetch manifest inherits@~2.0.4
240 silly packumentCache full:https://registry.npmjs.org/inherits cache-miss
241 http fetch GET 200 https://registry.npmjs.org/ms 637ms (cache miss)
242 silly packumentCache full:https://registry.npmjs.org/ms set size:undefined disposed:false
243 silly fetch manifest setprototypeof@~1.2.0
244 silly packumentCache full:https://registry.npmjs.org/setprototypeof cache-miss
245 http fetch GET 200 https://registry.npmjs.org/raw-body 771ms (cache miss)
246 silly packumentCache full:https://registry.npmjs.org/raw-body set size:undefined disposed:false
247 silly fetch manifest statuses@~2.0.2
248 silly packumentCache full:https://registry.npmjs.org/statuses cache-miss
249 http cache https://registry.npmjs.org/statuses 35ms (cache hit)
250 silly packumentCache full:https://registry.npmjs.org/statuses set size:37117 disposed:false
251 silly fetch manifest toidentifier@~1.0.1
252 silly packumentCache full:https://registry.npmjs.org/toidentifier cache-miss
253 http fetch GET 200 https://registry.npmjs.org/inherits 737ms (cache miss)
254 silly packumentCache full:https://registry.npmjs.org/inherits set size:undefined disposed:false
255 silly fetch manifest mime-db@^1.54.0
256 silly packumentCache full:https://registry.npmjs.org/mime-db cache-miss
257 http fetch GET 200 https://registry.npmjs.org/setprototypeof 1020ms (cache miss)
258 silly packumentCache full:https://registry.npmjs.org/setprototypeof set size:undefined disposed:false
259 silly fetch manifest ee-first@1.1.1
260 silly packumentCache full:https://registry.npmjs.org/ee-first cache-miss
261 http fetch GET 200 https://registry.npmjs.org/toidentifier 974ms (cache miss)
262 silly packumentCache full:https://registry.npmjs.org/toidentifier set size:undefined disposed:false
263 silly fetch manifest wrappy@1
264 silly packumentCache full:https://registry.npmjs.org/wrappy cache-miss
265 http fetch GET 200 https://registry.npmjs.org/ee-first 265ms (cache miss)
266 silly packumentCache full:https://registry.npmjs.org/ee-first set size:undefined disposed:false
267 silly fetch manifest forwarded@0.2.0
268 silly packumentCache full:https://registry.npmjs.org/forwarded cache-miss
269 http fetch GET 200 https://registry.npmjs.org/mime-db 918ms (cache miss)
270 silly packumentCache full:https://registry.npmjs.org/mime-db set size:undefined disposed:false
271 silly fetch manifest ipaddr.js@1.9.1
272 silly packumentCache full:https://registry.npmjs.org/ipaddr.js cache-miss
273 http fetch GET 200 https://registry.npmjs.org/wrappy 752ms (cache miss)
274 silly packumentCache full:https://registry.npmjs.org/wrappy set size:undefined disposed:false
275 silly fetch manifest side-channel@^1.1.0
276 silly packumentCache full:https://registry.npmjs.org/side-channel cache-miss
277 http fetch GET 200 https://registry.npmjs.org/forwarded 887ms (cache miss)
278 silly packumentCache full:https://registry.npmjs.org/forwarded set size:undefined disposed:false
279 silly fetch manifest is-promise@^4.0.0
280 silly packumentCache full:https://registry.npmjs.org/is-promise cache-miss
281 http fetch GET 200 https://registry.npmjs.org/ipaddr.js 1509ms (cache miss)
282 silly packumentCache full:https://registry.npmjs.org/ipaddr.js set size:undefined disposed:false
283 silly fetch manifest path-to-regexp@^8.0.0
284 silly packumentCache full:https://registry.npmjs.org/path-to-regexp cache-miss
285 http fetch GET 200 https://registry.npmjs.org/is-promise 792ms (cache miss)
286 silly packumentCache full:https://registry.npmjs.org/is-promise set size:undefined disposed:false
287 silly fetch manifest statuses@^2.0.2
288 silly packumentCache full:https://registry.npmjs.org/statuses cache-hit
289 silly fetch manifest media-typer@^1.1.0
290 silly packumentCache full:https://registry.npmjs.org/media-typer cache-miss
291 http fetch GET 200 https://registry.npmjs.org/side-channel 1178ms (cache miss)
292 silly packumentCache full:https://registry.npmjs.org/side-channel set size:undefined disposed:false
293 http fetch GET 200 https://registry.npmjs.org/path-to-regexp 597ms (cache miss)
294 silly packumentCache full:https://registry.npmjs.org/path-to-regexp set size:undefined disposed:false
295 http fetch GET 200 https://registry.npmjs.org/media-typer 563ms (cache miss)
296 silly packumentCache full:https://registry.npmjs.org/media-typer set size:undefined disposed:false
297 silly placeDep ROOT negotiator@1.0.0 OK for: accepts@2.0.0 want: ^1.0.0
298 silly placeDep ROOT bytes@3.1.2 OK for: body-parser@2.2.2 want: ^3.1.2
299 silly placeDep ROOT iconv-lite@0.7.2 OK for: body-parser@2.2.2 want: ^0.7.0
300 silly placeDep ROOT raw-body@3.0.2 OK for: body-parser@2.2.2 want: ^3.0.1
301 silly fetch manifest safer-buffer@>= 2.1.2 < 3.0.0
302 silly packumentCache full:https://registry.npmjs.org/safer-buffer cache-miss
303 silly fetch manifest unpipe@~1.0.0
304 silly packumentCache full:https://registry.npmjs.org/unpipe cache-miss
305 http fetch GET 200 https://registry.npmjs.org/safer-buffer 465ms (cache miss)
306 silly packumentCache full:https://registry.npmjs.org/safer-buffer set size:undefined disposed:false
307 http fetch GET 200 https://registry.npmjs.org/unpipe 487ms (cache miss)
308 silly packumentCache full:https://registry.npmjs.org/unpipe set size:undefined disposed:false
309 silly placeDep ROOT ms@2.1.3 OK for: debug@4.4.3 want: ^2.1.3
310 silly placeDep ROOT inherits@2.0.4 OK for: http-errors@2.0.1 want: ~2.0.4
311 silly placeDep ROOT setprototypeof@1.2.0 OK for: http-errors@2.0.1 want: ~1.2.0
312 silly placeDep ROOT toidentifier@1.0.1 OK for: http-errors@2.0.1 want: ~1.0.1
313 silly placeDep ROOT safer-buffer@2.1.2 OK for: iconv-lite@0.7.2 want: >= 2.1.2 < 3.0.0
314 silly placeDep ROOT mime-db@1.54.0 OK for: mime-types@3.0.2 want: ^1.54.0
315 silly placeDep ROOT aws-ssl-profiles@1.1.2 OK for: mysql2@3.22.0 want: ^1.1.2
316 silly placeDep ROOT denque@2.1.0 OK for: mysql2@3.22.0 want: ^2.1.0
317 silly placeDep ROOT generate-function@2.3.1 OK for: mysql2@3.22.0 want: ^2.3.1
318 silly placeDep ROOT long@5.3.2 OK for: mysql2@3.22.0 want: ^5.3.2
319 silly placeDep ROOT lru.min@1.1.4 OK for: mysql2@3.22.0 want: ^1.1.4
320 silly placeDep ROOT named-placeholders@1.1.6 OK for: mysql2@3.22.0 want: ^1.1.6
321 silly placeDep ROOT sql-escaper@1.3.3 OK for: mysql2@3.22.0 want: ^1.3.3
322 silly fetch manifest is-property@^1.0.2
323 silly packumentCache full:https://registry.npmjs.org/is-property cache-miss
324 http fetch GET 200 https://registry.npmjs.org/is-property 1096ms (cache miss)
325 silly packumentCache full:https://registry.npmjs.org/is-property set size:undefined disposed:false
326 silly placeDep ROOT is-property@1.0.2 OK for: generate-function@2.3.1 want: ^1.0.2
327 silly placeDep ROOT ee-first@1.1.1 OK for: on-finished@2.4.1 want: 1.1.1
328 silly placeDep ROOT wrappy@1.0.2 OK for: once@1.4.0 want: 1
329 silly placeDep ROOT forwarded@0.2.0 OK for: proxy-addr@2.0.7 want: 0.2.0
330 silly placeDep ROOT ipaddr.js@1.9.1 OK for: proxy-addr@2.0.7 want: 1.9.1
331 silly placeDep ROOT side-channel@1.1.0 OK for: qs@6.15.1 want: ^1.1.0
332 silly fetch manifest es-errors@^1.3.0
333 silly packumentCache full:https://registry.npmjs.org/es-errors cache-miss
334 silly fetch manifest object-inspect@^1.13.3
335 silly packumentCache full:https://registry.npmjs.org/object-inspect cache-miss
336 silly fetch manifest side-channel-list@^1.0.0
337 silly packumentCache full:https://registry.npmjs.org/side-channel-list cache-miss
338 http fetch GET 200 https://registry.npmjs.org/side-channel-list 319ms (cache miss)
339 silly packumentCache full:https://registry.npmjs.org/side-channel-list set size:undefined disposed:false
340 silly fetch manifest side-channel-map@^1.0.1
341 silly packumentCache full:https://registry.npmjs.org/side-channel-map cache-miss
342 http fetch GET 200 https://registry.npmjs.org/es-errors 415ms (cache miss)
343 silly packumentCache full:https://registry.npmjs.org/es-errors set size:undefined disposed:false
344 silly fetch manifest side-channel-weakmap@^1.0.2
345 silly packumentCache full:https://registry.npmjs.org/side-channel-weakmap cache-miss
346 http fetch GET 200 https://registry.npmjs.org/side-channel-map 257ms (cache miss)
347 silly packumentCache full:https://registry.npmjs.org/side-channel-map set size:undefined disposed:false
348 http fetch GET 200 https://registry.npmjs.org/object-inspect 706ms (cache miss)
349 silly packumentCache full:https://registry.npmjs.org/object-inspect set size:undefined disposed:false
350 http fetch GET 200 https://registry.npmjs.org/side-channel-weakmap 528ms (cache miss)
351 silly packumentCache full:https://registry.npmjs.org/side-channel-weakmap set size:undefined disposed:false
352 silly placeDep ROOT unpipe@1.0.0 OK for: raw-body@3.0.2 want: ~1.0.0
353 silly placeDep ROOT is-promise@4.0.0 OK for: router@2.2.0 want: ^4.0.0
354 silly placeDep ROOT path-to-regexp@8.4.2 OK for: router@2.2.0 want: ^8.0.0
355 silly placeDep ROOT es-errors@1.3.0 OK for: side-channel@1.1.0 want: ^1.3.0
356 silly placeDep ROOT object-inspect@1.13.4 OK for: side-channel@1.1.0 want: ^1.13.3
357 silly placeDep ROOT side-channel-list@1.0.1 OK for: side-channel@1.1.0 want: ^1.0.0
358 silly placeDep ROOT side-channel-map@1.0.1 OK for: side-channel@1.1.0 want: ^1.0.1
359 silly placeDep ROOT side-channel-weakmap@1.0.2 OK for: side-channel@1.1.0 want: ^1.0.2
360 silly fetch manifest call-bound@^1.0.2
361 silly packumentCache full:https://registry.npmjs.org/call-bound cache-miss
362 silly fetch manifest get-intrinsic@^1.2.5
363 silly packumentCache full:https://registry.npmjs.org/get-intrinsic cache-miss
364 silly fetch manifest call-bound@^1.0.2
365 silly packumentCache full:https://registry.npmjs.org/call-bound cache-miss
366 http fetch GET 200 https://registry.npmjs.org/call-bound 479ms (cache miss)
367 silly packumentCache full:https://registry.npmjs.org/call-bound set size:undefined disposed:false
368 silly fetch manifest get-intrinsic@^1.2.5
369 silly packumentCache full:https://registry.npmjs.org/get-intrinsic cache-miss
370 http fetch GET 200 https://registry.npmjs.org/call-bound 527ms (cache miss)
371 silly packumentCache full:https://registry.npmjs.org/call-bound set size:undefined disposed:false
372 http fetch GET 200 https://registry.npmjs.org/get-intrinsic 553ms (cache miss)
373 silly packumentCache full:https://registry.npmjs.org/get-intrinsic set size:undefined disposed:false
374 http fetch GET 200 https://registry.npmjs.org/get-intrinsic 731ms (cache miss)
375 silly packumentCache full:https://registry.npmjs.org/get-intrinsic set size:undefined disposed:false
376 silly placeDep ROOT call-bound@1.0.4 OK for: side-channel-map@1.0.1 want: ^1.0.2
377 silly placeDep ROOT get-intrinsic@1.3.0 OK for: side-channel-map@1.0.1 want: ^1.2.5
378 silly fetch manifest call-bind-apply-helpers@^1.0.2
379 silly packumentCache full:https://registry.npmjs.org/call-bind-apply-helpers cache-miss
380 silly fetch manifest get-intrinsic@^1.3.0
381 silly packumentCache full:https://registry.npmjs.org/get-intrinsic cache-miss
382 silly fetch manifest gopd@^1.2.0
383 silly packumentCache full:https://registry.npmjs.org/gopd cache-miss
384 http cache https://registry.npmjs.org/get-intrinsic 139ms (cache hit)
385 silly packumentCache full:https://registry.npmjs.org/get-intrinsic set size:60985 disposed:false
386 silly fetch manifest hasown@^2.0.2
387 silly packumentCache full:https://registry.npmjs.org/hasown cache-miss
388 http fetch GET 200 https://registry.npmjs.org/call-bind-apply-helpers 515ms (cache miss)
389 silly packumentCache full:https://registry.npmjs.org/call-bind-apply-helpers set size:undefined disposed:false
390 silly fetch manifest get-proto@^1.0.1
391 silly packumentCache full:https://registry.npmjs.org/get-proto cache-miss
392 http fetch GET 200 https://registry.npmjs.org/gopd 576ms (cache miss)
393 silly packumentCache full:https://registry.npmjs.org/gopd set size:undefined disposed:false
394 silly fetch manifest has-symbols@^1.1.0
395 silly packumentCache full:https://registry.npmjs.org/has-symbols cache-miss
396 http fetch GET 200 https://registry.npmjs.org/hasown 470ms (cache miss)
397 silly packumentCache full:https://registry.npmjs.org/hasown set size:undefined disposed:false
398 silly fetch manifest function-bind@^1.1.2
399 silly packumentCache full:https://registry.npmjs.org/function-bind cache-miss
400 http fetch GET 200 https://registry.npmjs.org/has-symbols 624ms (cache miss)
401 silly packumentCache full:https://registry.npmjs.org/has-symbols set size:undefined disposed:false
402 silly fetch manifest es-object-atoms@^1.1.1
403 silly packumentCache full:https://registry.npmjs.org/es-object-atoms cache-miss
404 http fetch GET 200 https://registry.npmjs.org/get-proto 736ms (cache miss)
405 silly packumentCache full:https://registry.npmjs.org/get-proto set size:undefined disposed:false
406 silly fetch manifest math-intrinsics@^1.1.0
407 silly packumentCache full:https://registry.npmjs.org/math-intrinsics cache-miss
408 http fetch GET 200 https://registry.npmjs.org/function-bind 897ms (cache miss)
409 silly packumentCache full:https://registry.npmjs.org/function-bind set size:undefined disposed:false
410 silly fetch manifest es-define-property@^1.0.1
411 silly packumentCache full:https://registry.npmjs.org/es-define-property cache-miss
412 http fetch GET 200 https://registry.npmjs.org/math-intrinsics 423ms (cache miss)
413 silly packumentCache full:https://registry.npmjs.org/math-intrinsics set size:undefined disposed:false
414 http fetch GET 200 https://registry.npmjs.org/es-object-atoms 935ms (cache miss)
415 silly packumentCache full:https://registry.npmjs.org/es-object-atoms set size:undefined disposed:false
416 http fetch GET 200 https://registry.npmjs.org/es-define-property 603ms (cache miss)
417 silly packumentCache full:https://registry.npmjs.org/es-define-property set size:undefined disposed:false
418 silly placeDep ROOT call-bind-apply-helpers@1.0.2 OK for: call-bound@1.0.4 want: ^1.0.2
419 silly placeDep ROOT function-bind@1.1.2 OK for: call-bind-apply-helpers@1.0.2 want: ^1.1.2
420 silly placeDep ROOT es-define-property@1.0.1 OK for: get-intrinsic@1.3.0 want: ^1.0.1
421 silly placeDep ROOT es-object-atoms@1.1.1 OK for: get-intrinsic@1.3.0 want: ^1.1.1
422 silly placeDep ROOT get-proto@1.0.1 OK for: get-intrinsic@1.3.0 want: ^1.0.1
423 silly placeDep ROOT gopd@1.2.0 OK for: get-intrinsic@1.3.0 want: ^1.2.0
424 silly placeDep ROOT has-symbols@1.1.0 OK for: get-intrinsic@1.3.0 want: ^1.1.0
425 silly placeDep ROOT hasown@2.0.2 OK for: get-intrinsic@1.3.0 want: ^2.0.2
426 silly placeDep ROOT math-intrinsics@1.1.0 OK for: get-intrinsic@1.3.0 want: ^1.1.0
427 silly fetch manifest dunder-proto@^1.0.1
428 silly packumentCache full:https://registry.npmjs.org/dunder-proto cache-miss
429 http fetch GET 200 https://registry.npmjs.org/dunder-proto 646ms (cache miss)
430 silly packumentCache full:https://registry.npmjs.org/dunder-proto set size:undefined disposed:false
431 silly placeDep ROOT dunder-proto@1.0.1 OK for: get-proto@1.0.1 want: ^1.0.1
432 silly placeDep ROOT media-typer@1.1.0 OK for: type-is@2.0.1 want: ^1.1.0
433 verbose stack HttpErrorGeneral: 404 Not Found - GET https://registry.npmjs.org/cprs - Not found
433 verbose stack     at /data/data/com.termux/files/usr/lib/node_modules/npm/node_modules/npm-registry-fetch/lib/check-response.js:103:15
433 verbose stack     at process.processTicksAndRejections (node:internal/process/task_queues:104:5)
433 verbose stack     at async RegistryFetcher.packument (/data/data/com.termux/files/usr/lib/node_modules/npm/node_modules/pacote/lib/registry.js:90:19)
433 verbose stack     at async RegistryFetcher.manifest (/data/data/com.termux/files/usr/lib/node_modules/npm/node_modules/pacote/lib/registry.js:128:23)
433 verbose stack     at async #fetchManifest (/data/data/com.termux/files/usr/lib/node_modules/npm/node_modules/@npmcli/arborist/lib/arborist/build-ideal-tree.js:1227:20)
433 verbose stack     at async #nodeFromEdge (/data/data/com.termux/files/usr/lib/node_modules/npm/node_modules/@npmcli/arborist/lib/arborist/build-ideal-tree.js:1061:19)
433 verbose stack     at async #buildDepStep (/data/data/com.termux/files/usr/lib/node_modules/npm/node_modules/@npmcli/arborist/lib/arborist/build-ideal-tree.js:917:11)
433 verbose stack     at async Arborist.buildIdealTree (/data/data/com.termux/files/usr/lib/node_modules/npm/node_modules/@npmcli/arborist/lib/arborist/build-ideal-tree.js:170:7)
433 verbose stack     at async Promise.all (index 1)
433 verbose stack     at async Arborist.reify (/data/data/com.termux/files/usr/lib/node_modules/npm/node_modules/@npmcli/arborist/lib/arborist/reify.js:111:5)
434 verbose statusCode 404
435 verbose pkgid cprs@*
436 error code E404
437 error 404 Not Found - GET https://registry.npmjs.org/cprs - Not found
438 error 404
439 error 404  The requested resource 'cprs@*' could not be found or you do not have permission to access it.
440 error 404
441 error 404 Note that you can also install from a
442 error 404 tarball, folder, http url, or git url.
443 silly unfinished npm timer reify 1776171646462
444 silly unfinished npm timer reify:loadTrees 1776171646956
445 verbose cwd /data/data/com.termux/files/home
446 verbose os Linux 4.19.191-g4465035f2907-dirty
447 verbose node v25.8.2
448 verbose npm  v11.12.1
449 verbose exit 1
450 verbose code 1
451 error A complete log of this run can be found in: /data/data/com.termux/files/home/.npm/_logs/2026-04-14T13_00_37_978Z-debug-0.log
