0 verbose cli /data/data/com.termux/files/usr/bin/node /data/data/com.termux/files/usr/bin/npm
1 info using npm@11.12.1
2 info using node@v25.8.2
3 silly config load:file:/data/data/com.termux/files/usr/lib/node_modules/npm/npmrc
4 silly config load:file:/data/data/com.termux/files/home/.npmrc
5 silly config load:file:/data/data/com.termux/files/usr/etc/npmrc
6 verbose title npm install http-server
7 verbose argv "install" "--global" "http-server"
8 verbose logfile logs-max:10 dir:/data/data/com.termux/files/home/.npm/_logs/2026-04-25T09_31_52_295Z-
9 verbose logfile /data/data/com.termux/files/home/.npm/_logs/2026-04-25T09_31_52_295Z-debug-0.log
10 silly packumentCache heap:555483136 maxSize:138870784 maxEntrySize:69435392
11 silly logfile done cleaning log files
12 silly idealTree buildDeps
13 silly fetch manifest http-server@*
14 silly packumentCache full:https://registry.npmjs.org/http-server cache-miss
15 http fetch GET 200 https://registry.npmjs.org/http-server 2353ms (cache miss)
16 silly packumentCache full:https://registry.npmjs.org/http-server set size:undefined disposed:false
17 silly placeDep ROOT http-server@14.1.1 OK for:  want: *
18 silly fetch manifest he@^1.2.0
19 silly packumentCache full:https://registry.npmjs.org/he cache-miss
20 http fetch GET 200 https://registry.npmjs.org/he 671ms (cache miss)
21 silly packumentCache full:https://registry.npmjs.org/he set size:undefined disposed:false
22 silly fetch manifest mime@^1.6.0
23 silly packumentCache full:https://registry.npmjs.org/mime cache-miss
24 http fetch GET 200 https://registry.npmjs.org/mime 1021ms (cache revalidated)
25 silly packumentCache full:https://registry.npmjs.org/mime set size:119236 disposed:false
26 silly fetch manifest chalk@^4.1.2
27 silly packumentCache full:https://registry.npmjs.org/chalk cache-miss
28 http fetch GET 200 https://registry.npmjs.org/chalk 554ms (cache miss)
29 silly packumentCache full:https://registry.npmjs.org/chalk set size:undefined disposed:false
30 silly fetch manifest union@~0.5.0
31 silly packumentCache full:https://registry.npmjs.org/union cache-miss
32 http fetch GET 200 https://registry.npmjs.org/union 450ms (cache miss)
33 silly packumentCache full:https://registry.npmjs.org/union set size:undefined disposed:false
34 silly fetch manifest corser@^2.0.1
35 silly packumentCache full:https://registry.npmjs.org/corser cache-miss
36 http fetch GET 200 https://registry.npmjs.org/corser 988ms (cache miss)
37 silly packumentCache full:https://registry.npmjs.org/corser set size:undefined disposed:false
38 silly fetch manifest opener@^1.5.1
39 silly packumentCache full:https://registry.npmjs.org/opener cache-miss
40 http fetch GET 200 https://registry.npmjs.org/opener 950ms (cache miss)
41 silly packumentCache full:https://registry.npmjs.org/opener set size:undefined disposed:false
42 silly fetch manifest minimist@^1.2.6
43 silly packumentCache full:https://registry.npmjs.org/minimist cache-miss
44 http fetch GET 200 https://registry.npmjs.org/minimist 504ms (cache miss)
45 silly packumentCache full:https://registry.npmjs.org/minimist set size:undefined disposed:false
46 silly fetch manifest url-join@^4.0.1
47 silly packumentCache full:https://registry.npmjs.org/url-join cache-miss
48 http fetch GET 200 https://registry.npmjs.org/url-join 973ms (cache miss)
49 silly packumentCache full:https://registry.npmjs.org/url-join set size:undefined disposed:false
50 silly fetch manifest basic-auth@^2.0.1
51 silly packumentCache full:https://registry.npmjs.org/basic-auth cache-miss
52 http fetch GET 200 https://registry.npmjs.org/basic-auth 820ms (cache miss)
53 silly packumentCache full:https://registry.npmjs.org/basic-auth set size:undefined disposed:false
54 silly fetch manifest http-proxy@^1.18.1
55 silly packumentCache full:https://registry.npmjs.org/http-proxy cache-miss
56 http fetch GET 200 https://registry.npmjs.org/http-proxy 676ms (cache miss)
57 silly packumentCache full:https://registry.npmjs.org/http-proxy set size:undefined disposed:false
58 silly fetch manifest portfinder@^1.0.28
59 silly packumentCache full:https://registry.npmjs.org/portfinder cache-miss
60 http fetch GET 200 https://registry.npmjs.org/portfinder 601ms (cache miss)
61 silly packumentCache full:https://registry.npmjs.org/portfinder set size:undefined disposed:false
62 silly fetch manifest secure-compare@3.0.1
63 silly packumentCache full:https://registry.npmjs.org/secure-compare cache-miss
64 http fetch GET 200 https://registry.npmjs.org/secure-compare 463ms (cache miss)
65 silly packumentCache full:https://registry.npmjs.org/secure-compare set size:undefined disposed:false
66 silly fetch manifest html-encoding-sniffer@^3.0.0
67 silly packumentCache full:https://registry.npmjs.org/html-encoding-sniffer cache-miss
68 http fetch GET 200 https://registry.npmjs.org/html-encoding-sniffer 429ms (cache miss)
69 silly packumentCache full:https://registry.npmjs.org/html-encoding-sniffer set size:undefined disposed:false
70 silly placeDep node_modules/http-server basic-auth@2.0.1 OK for: http-server@14.1.1 want: ^2.0.1
71 silly placeDep node_modules/http-server chalk@4.1.2 OK for: http-server@14.1.1 want: ^4.1.2
72 silly placeDep node_modules/http-server corser@2.0.1 OK for: http-server@14.1.1 want: ^2.0.1
73 silly placeDep node_modules/http-server he@1.2.0 OK for: http-server@14.1.1 want: ^1.2.0
74 silly placeDep node_modules/http-server html-encoding-sniffer@3.0.0 OK for: http-server@14.1.1 want: ^3.0.0
75 silly placeDep node_modules/http-server http-proxy@1.18.1 OK for: http-server@14.1.1 want: ^1.18.1
76 silly placeDep node_modules/http-server mime@1.6.0 OK for: http-server@14.1.1 want: ^1.6.0
77 silly placeDep node_modules/http-server minimist@1.2.8 OK for: http-server@14.1.1 want: ^1.2.6
78 silly placeDep node_modules/http-server opener@1.5.2 OK for: http-server@14.1.1 want: ^1.5.1
79 silly placeDep node_modules/http-server portfinder@1.0.38 OK for: http-server@14.1.1 want: ^1.0.28
80 silly placeDep node_modules/http-server secure-compare@3.0.1 OK for: http-server@14.1.1 want: 3.0.1
81 silly placeDep node_modules/http-server union@0.5.0 OK for: http-server@14.1.1 want: ~0.5.0
82 silly placeDep node_modules/http-server url-join@4.0.1 OK for: http-server@14.1.1 want: ^4.0.1
83 silly fetch manifest safe-buffer@5.1.2
84 silly packumentCache full:https://registry.npmjs.org/safe-buffer cache-miss
85 http fetch GET 200 https://registry.npmjs.org/safe-buffer 1162ms (cache revalidated)
86 silly packumentCache full:https://registry.npmjs.org/safe-buffer set size:41183 disposed:false
87 silly fetch manifest ansi-styles@^4.1.0
88 silly packumentCache full:https://registry.npmjs.org/ansi-styles cache-miss
89 http fetch GET 200 https://registry.npmjs.org/ansi-styles 1030ms (cache miss)
90 silly packumentCache full:https://registry.npmjs.org/ansi-styles set size:undefined disposed:false
91 silly fetch manifest supports-color@^7.1.0
92 silly packumentCache full:https://registry.npmjs.org/supports-color cache-miss
93 http fetch GET 200 https://registry.npmjs.org/supports-color 573ms (cache miss)
94 silly packumentCache full:https://registry.npmjs.org/supports-color set size:undefined disposed:false
95 silly fetch manifest whatwg-encoding@^2.0.0
96 silly packumentCache full:https://registry.npmjs.org/whatwg-encoding cache-miss
97 http fetch GET 200 https://registry.npmjs.org/whatwg-encoding 397ms (cache miss)
98 silly packumentCache full:https://registry.npmjs.org/whatwg-encoding set size:undefined disposed:false
99 silly fetch manifest eventemitter3@^4.0.0
100 silly packumentCache full:https://registry.npmjs.org/eventemitter3 cache-miss
101 http fetch GET 200 https://registry.npmjs.org/eventemitter3 519ms (cache miss)
102 silly packumentCache full:https://registry.npmjs.org/eventemitter3 set size:undefined disposed:false
103 silly fetch manifest requires-port@^1.0.0
104 silly packumentCache full:https://registry.npmjs.org/requires-port cache-miss
105 http fetch GET 200 https://registry.npmjs.org/requires-port 377ms (cache miss)
106 silly packumentCache full:https://registry.npmjs.org/requires-port set size:undefined disposed:false
107 silly fetch manifest follow-redirects@^1.0.0
108 silly packumentCache full:https://registry.npmjs.org/follow-redirects cache-miss
109 http fetch GET 200 https://registry.npmjs.org/follow-redirects 1098ms (cache miss)
110 silly packumentCache full:https://registry.npmjs.org/follow-redirects set size:undefined disposed:false
111 silly fetch manifest async@^3.2.6
112 silly packumentCache full:https://registry.npmjs.org/async cache-miss
113 http fetch GET 200 https://registry.npmjs.org/async 746ms (cache miss)
114 silly packumentCache full:https://registry.npmjs.org/async set size:undefined disposed:false
115 silly fetch manifest debug@^4.3.6
116 silly packumentCache full:https://registry.npmjs.org/debug cache-miss
117 http fetch GET 200 https://registry.npmjs.org/debug 170ms (cache revalidated)
118 silly packumentCache full:https://registry.npmjs.org/debug set size:195840 disposed:false
119 silly fetch manifest qs@^6.4.0
120 silly packumentCache full:https://registry.npmjs.org/qs cache-miss
121 http fetch GET 200 https://registry.npmjs.org/qs 479ms (cache revalidated)
122 silly packumentCache full:https://registry.npmjs.org/qs set size:353582 disposed:false
123 silly placeDep node_modules/http-server safe-buffer@5.1.2 OK for: basic-auth@2.0.1 want: 5.1.2
124 silly placeDep node_modules/http-server ansi-styles@4.3.0 OK for: chalk@4.1.2 want: ^4.1.0
125 silly placeDep node_modules/http-server supports-color@7.2.0 OK for: chalk@4.1.2 want: ^7.1.0
126 silly fetch manifest color-convert@^2.0.1
127 silly packumentCache full:https://registry.npmjs.org/color-convert cache-miss
128 http fetch GET 200 https://registry.npmjs.org/color-convert 1123ms (cache miss)
129 silly packumentCache full:https://registry.npmjs.org/color-convert set size:undefined disposed:false
130 silly fetch manifest has-flag@^4.0.0
131 silly packumentCache full:https://registry.npmjs.org/has-flag cache-miss
132 http fetch GET 200 https://registry.npmjs.org/has-flag 365ms (cache miss)
133 silly packumentCache full:https://registry.npmjs.org/has-flag set size:undefined disposed:false
134 silly placeDep node_modules/http-server color-convert@2.0.1 OK for: ansi-styles@4.3.0 want: ^2.0.1
135 silly fetch manifest color-name@~1.1.4
136 silly packumentCache full:https://registry.npmjs.org/color-name cache-miss
137 http fetch GET 200 https://registry.npmjs.org/color-name 463ms (cache miss)
138 silly packumentCache full:https://registry.npmjs.org/color-name set size:undefined disposed:false
139 silly placeDep node_modules/http-server color-name@1.1.4 OK for: color-convert@2.0.1 want: ~1.1.4
140 silly placeDep node_modules/http-server whatwg-encoding@2.0.0 OK for: html-encoding-sniffer@3.0.0 want: ^2.0.0
141 silly fetch manifest iconv-lite@0.6.3
142 silly packumentCache full:https://registry.npmjs.org/iconv-lite cache-miss
143 http fetch GET 200 https://registry.npmjs.org/iconv-lite 428ms (cache revalidated)
144 silly packumentCache full:https://registry.npmjs.org/iconv-lite set size:120557 disposed:false
145 silly placeDep node_modules/http-server eventemitter3@4.0.7 OK for: http-proxy@1.18.1 want: ^4.0.0
146 silly placeDep node_modules/http-server follow-redirects@1.16.0 OK for: http-proxy@1.18.1 want: ^1.0.0
147 silly placeDep node_modules/http-server requires-port@1.0.0 OK for: http-proxy@1.18.1 want: ^1.0.0
148 silly placeDep node_modules/http-server async@3.2.6 OK for: portfinder@1.0.38 want: ^3.2.6
149 silly placeDep node_modules/http-server debug@4.4.3 OK for: portfinder@1.0.38 want: ^4.3.6
150 silly fetch manifest ms@^2.1.3
151 silly packumentCache full:https://registry.npmjs.org/ms cache-miss
152 http fetch GET 200 https://registry.npmjs.org/ms 212ms (cache revalidated)
153 silly packumentCache full:https://registry.npmjs.org/ms set size:92208 disposed:false
154 silly placeDep node_modules/http-server ms@2.1.3 OK for: debug@4.4.3 want: ^2.1.3
155 silly placeDep node_modules/http-server has-flag@4.0.0 OK for: supports-color@7.2.0 want: ^4.0.0
156 silly placeDep node_modules/http-server qs@6.15.1 OK for: union@0.5.0 want: ^6.4.0
157 silly fetch manifest side-channel@^1.1.0
158 silly packumentCache full:https://registry.npmjs.org/side-channel cache-miss
159 http fetch GET 200 https://registry.npmjs.org/side-channel 486ms (cache revalidated)
160 silly packumentCache full:https://registry.npmjs.org/side-channel set size:24660 disposed:false
161 silly placeDep node_modules/http-server side-channel@1.1.0 OK for: qs@6.15.1 want: ^1.1.0
162 silly fetch manifest es-errors@^1.3.0
163 silly packumentCache full:https://registry.npmjs.org/es-errors cache-miss
164 http fetch GET 200 https://registry.npmjs.org/es-errors 736ms (cache revalidated)
165 silly packumentCache full:https://registry.npmjs.org/es-errors set size:16918 disposed:false
166 silly fetch manifest object-inspect@^1.13.3
167 silly packumentCache full:https://registry.npmjs.org/object-inspect cache-miss
168 http fetch GET 200 https://registry.npmjs.org/object-inspect 560ms (cache revalidated)
169 silly packumentCache full:https://registry.npmjs.org/object-inspect set size:101912 disposed:false
170 silly fetch manifest side-channel-list@^1.0.0
171 silly packumentCache full:https://registry.npmjs.org/side-channel-list cache-miss
172 http fetch GET 200 https://registry.npmjs.org/side-channel-list 470ms (cache revalidated)
173 silly packumentCache full:https://registry.npmjs.org/side-channel-list set size:9021 disposed:false
174 silly fetch manifest side-channel-map@^1.0.1
175 silly packumentCache full:https://registry.npmjs.org/side-channel-map cache-miss
176 http fetch GET 200 https://registry.npmjs.org/side-channel-map 488ms (cache revalidated)
177 silly packumentCache full:https://registry.npmjs.org/side-channel-map set size:9126 disposed:false
178 silly fetch manifest side-channel-weakmap@^1.0.2
179 silly packumentCache full:https://registry.npmjs.org/side-channel-weakmap cache-miss
180 http fetch GET 200 https://registry.npmjs.org/side-channel-weakmap 408ms (cache revalidated)
181 silly packumentCache full:https://registry.npmjs.org/side-channel-weakmap set size:12620 disposed:false
182 silly placeDep node_modules/http-server es-errors@1.3.0 OK for: side-channel@1.1.0 want: ^1.3.0
183 silly placeDep node_modules/http-server object-inspect@1.13.4 OK for: side-channel@1.1.0 want: ^1.13.3
184 silly placeDep node_modules/http-server side-channel-list@1.0.1 OK for: side-channel@1.1.0 want: ^1.0.0
185 silly placeDep node_modules/http-server side-channel-map@1.0.1 OK for: side-channel@1.1.0 want: ^1.0.1
186 silly placeDep node_modules/http-server side-channel-weakmap@1.0.2 OK for: side-channel@1.1.0 want: ^1.0.2
187 silly fetch manifest call-bound@^1.0.2
188 silly packumentCache full:https://registry.npmjs.org/call-bound cache-miss
189 http fetch GET 200 https://registry.npmjs.org/call-bound 380ms (cache revalidated)
190 silly packumentCache full:https://registry.npmjs.org/call-bound set size:15317 disposed:false
191 silly fetch manifest get-intrinsic@^1.2.5
192 silly packumentCache full:https://registry.npmjs.org/get-intrinsic cache-miss
193 http fetch GET 200 https://registry.npmjs.org/get-intrinsic 429ms (cache revalidated)
194 silly packumentCache full:https://registry.npmjs.org/get-intrinsic set size:60985 disposed:false
195 silly placeDep node_modules/http-server call-bound@1.0.4 OK for: side-channel-map@1.0.1 want: ^1.0.2
196 silly placeDep node_modules/http-server get-intrinsic@1.3.0 OK for: side-channel-map@1.0.1 want: ^1.2.5
197 silly fetch manifest call-bind-apply-helpers@^1.0.2
198 silly packumentCache full:https://registry.npmjs.org/call-bind-apply-helpers cache-miss
199 http fetch GET 200 https://registry.npmjs.org/call-bind-apply-helpers 862ms (cache revalidated)
200 silly packumentCache full:https://registry.npmjs.org/call-bind-apply-helpers set size:12744 disposed:false
201 silly fetch manifest get-intrinsic@^1.3.0
202 silly packumentCache full:https://registry.npmjs.org/get-intrinsic cache-hit
203 silly fetch manifest gopd@^1.2.0
204 silly packumentCache full:https://registry.npmjs.org/gopd cache-miss
205 http fetch GET 200 https://registry.npmjs.org/gopd 473ms (cache revalidated)
206 silly packumentCache full:https://registry.npmjs.org/gopd set size:11458 disposed:false
207 silly fetch manifest hasown@^2.0.2
208 silly packumentCache full:https://registry.npmjs.org/hasown cache-miss
209 http fetch GET 200 https://registry.npmjs.org/hasown 373ms (cache revalidated)
210 silly packumentCache full:https://registry.npmjs.org/hasown set size:15429 disposed:false
211 silly fetch manifest get-proto@^1.0.1
212 silly packumentCache full:https://registry.npmjs.org/get-proto cache-miss
213 http fetch GET 200 https://registry.npmjs.org/get-proto 497ms (cache revalidated)
214 silly packumentCache full:https://registry.npmjs.org/get-proto set size:8300 disposed:false
215 silly fetch manifest has-symbols@^1.1.0
216 silly packumentCache full:https://registry.npmjs.org/has-symbols cache-miss
217 http fetch GET 200 https://registry.npmjs.org/has-symbols 417ms (cache revalidated)
218 silly packumentCache full:https://registry.npmjs.org/has-symbols set size:21550 disposed:false
219 silly fetch manifest function-bind@^1.1.2
220 silly packumentCache full:https://registry.npmjs.org/function-bind cache-miss
221 http fetch GET 200 https://registry.npmjs.org/function-bind 414ms (cache revalidated)
222 silly packumentCache full:https://registry.npmjs.org/function-bind set size:15733 disposed:false
223 silly fetch manifest es-object-atoms@^1.1.1
224 silly packumentCache full:https://registry.npmjs.org/es-object-atoms cache-miss
225 http fetch GET 200 https://registry.npmjs.org/es-object-atoms 422ms (cache revalidated)
226 silly packumentCache full:https://registry.npmjs.org/es-object-atoms set size:15304 disposed:false
227 silly fetch manifest math-intrinsics@^1.1.0
228 silly packumentCache full:https://registry.npmjs.org/math-intrinsics cache-miss
229 http fetch GET 200 https://registry.npmjs.org/math-intrinsics 477ms (cache revalidated)
230 silly packumentCache full:https://registry.npmjs.org/math-intrinsics set size:9265 disposed:false
231 silly fetch manifest es-define-property@^1.0.1
232 silly packumentCache full:https://registry.npmjs.org/es-define-property cache-miss
233 http fetch GET 200 https://registry.npmjs.org/es-define-property 401ms (cache revalidated)
234 silly packumentCache full:https://registry.npmjs.org/es-define-property set size:8542 disposed:false
235 silly placeDep node_modules/http-server call-bind-apply-helpers@1.0.2 OK for: call-bound@1.0.4 want: ^1.0.2
236 silly placeDep node_modules/http-server function-bind@1.1.2 OK for: call-bind-apply-helpers@1.0.2 want: ^1.1.2
237 silly placeDep node_modules/http-server es-define-property@1.0.1 OK for: get-intrinsic@1.3.0 want: ^1.0.1
238 silly placeDep node_modules/http-server es-object-atoms@1.1.1 OK for: get-intrinsic@1.3.0 want: ^1.1.1
239 silly placeDep node_modules/http-server get-proto@1.0.1 OK for: get-intrinsic@1.3.0 want: ^1.0.1
240 silly placeDep node_modules/http-server gopd@1.2.0 OK for: get-intrinsic@1.3.0 want: ^1.2.0
241 silly placeDep node_modules/http-server has-symbols@1.1.0 OK for: get-intrinsic@1.3.0 want: ^1.1.0
242 silly placeDep node_modules/http-server hasown@2.0.3 OK for: get-intrinsic@1.3.0 want: ^2.0.2
243 silly placeDep node_modules/http-server math-intrinsics@1.1.0 OK for: get-intrinsic@1.3.0 want: ^1.1.0
244 silly fetch manifest dunder-proto@^1.0.1
245 silly packumentCache full:https://registry.npmjs.org/dunder-proto cache-miss
246 http fetch GET 200 https://registry.npmjs.org/dunder-proto 472ms (cache revalidated)
247 silly packumentCache full:https://registry.npmjs.org/dunder-proto set size:8256 disposed:false
248 silly placeDep node_modules/http-server dunder-proto@1.0.1 OK for: get-proto@1.0.1 want: ^1.0.1
249 silly placeDep node_modules/http-server iconv-lite@0.6.3 OK for: whatwg-encoding@2.0.0 want: 0.6.3
250 silly fetch manifest safer-buffer@>= 2.1.2 < 3.0.0
251 silly packumentCache full:https://registry.npmjs.org/safer-buffer cache-miss
252 http fetch GET 200 https://registry.npmjs.org/safer-buffer 405ms (cache revalidated)
253 silly packumentCache full:https://registry.npmjs.org/safer-buffer set size:18521 disposed:false
254 silly placeDep node_modules/http-server safer-buffer@2.1.2 OK for: iconv-lite@0.6.3 want: >= 2.1.2 < 3.0.0
255 silly reify moves {}
256 http cache http-server@https://registry.npmjs.org/http-server/-/http-server-14.1.1.tgz 1ms (cache hit)
257 http cache safer-buffer@https://registry.npmjs.org/safer-buffer/-/safer-buffer-2.1.2.tgz 0ms (cache hit)
258 http cache iconv-lite@https://registry.npmjs.org/iconv-lite/-/iconv-lite-0.6.3.tgz 0ms (cache hit)
259 http cache dunder-proto@https://registry.npmjs.org/dunder-proto/-/dunder-proto-1.0.1.tgz 0ms (cache hit)
260 http cache math-intrinsics@https://registry.npmjs.org/math-intrinsics/-/math-intrinsics-1.1.0.tgz 0ms (cache hit)
261 http cache has-symbols@https://registry.npmjs.org/has-symbols/-/has-symbols-1.1.0.tgz 0ms (cache hit)
262 http cache gopd@https://registry.npmjs.org/gopd/-/gopd-1.2.0.tgz 0ms (cache hit)
263 http cache hasown@https://registry.npmjs.org/hasown/-/hasown-2.0.3.tgz 1ms (cache hit)
264 http cache get-proto@https://registry.npmjs.org/get-proto/-/get-proto-1.0.1.tgz 0ms (cache hit)
265 http cache es-define-property@https://registry.npmjs.org/es-define-property/-/es-define-property-1.0.1.tgz 0ms (cache hit)
266 http cache function-bind@https://registry.npmjs.org/function-bind/-/function-bind-1.1.2.tgz 0ms (cache hit)
267 http cache call-bind-apply-helpers@https://registry.npmjs.org/call-bind-apply-helpers/-/call-bind-apply-helpers-1.0.2.tgz 0ms (cache hit)
268 http cache get-intrinsic@https://registry.npmjs.org/get-intrinsic/-/get-intrinsic-1.3.0.tgz 0ms (cache hit)
269 http cache call-bound@https://registry.npmjs.org/call-bound/-/call-bound-1.0.4.tgz 0ms (cache hit)
270 http cache side-channel-weakmap@https://registry.npmjs.org/side-channel-weakmap/-/side-channel-weakmap-1.0.2.tgz 0ms (cache hit)
271 http cache side-channel-map@https://registry.npmjs.org/side-channel-map/-/side-channel-map-1.0.1.tgz 0ms (cache hit)
272 http cache side-channel-list@https://registry.npmjs.org/side-channel-list/-/side-channel-list-1.0.1.tgz 1ms (cache hit)
273 http cache object-inspect@https://registry.npmjs.org/object-inspect/-/object-inspect-1.13.4.tgz 0ms (cache hit)
274 http cache es-errors@https://registry.npmjs.org/es-errors/-/es-errors-1.3.0.tgz 0ms (cache hit)
275 http cache side-channel@https://registry.npmjs.org/side-channel/-/side-channel-1.1.0.tgz 0ms (cache hit)
276 http cache qs@https://registry.npmjs.org/qs/-/qs-6.15.1.tgz 0ms (cache hit)
277 http cache has-flag@https://registry.npmjs.org/has-flag/-/has-flag-4.0.0.tgz 0ms (cache hit)
278 http cache ms@https://registry.npmjs.org/ms/-/ms-2.1.3.tgz 0ms (cache hit)
279 http cache debug@https://registry.npmjs.org/debug/-/debug-4.4.3.tgz 0ms (cache hit)
280 http cache async@https://registry.npmjs.org/async/-/async-3.2.6.tgz 0ms (cache hit)
281 http cache requires-port@https://registry.npmjs.org/requires-port/-/requires-port-1.0.0.tgz 0ms (cache hit)
282 http cache follow-redirects@https://registry.npmjs.org/follow-redirects/-/follow-redirects-1.16.0.tgz 0ms (cache hit)
283 http cache eventemitter3@https://registry.npmjs.org/eventemitter3/-/eventemitter3-4.0.7.tgz 0ms (cache hit)
284 http cache whatwg-encoding@https://registry.npmjs.org/whatwg-encoding/-/whatwg-encoding-2.0.0.tgz 0ms (cache hit)
285 http cache color-name@https://registry.npmjs.org/color-name/-/color-name-1.1.4.tgz 0ms (cache hit)
286 http cache color-convert@https://registry.npmjs.org/color-convert/-/color-convert-2.0.1.tgz 0ms (cache hit)
287 http cache supports-color@https://registry.npmjs.org/supports-color/-/supports-color-7.2.0.tgz 0ms (cache hit)
288 http cache ansi-styles@https://registry.npmjs.org/ansi-styles/-/ansi-styles-4.3.0.tgz 0ms (cache hit)
289 http cache safe-buffer@https://registry.npmjs.org/safe-buffer/-/safe-buffer-5.1.2.tgz 0ms (cache hit)
290 http cache url-join@https://registry.npmjs.org/url-join/-/url-join-4.0.1.tgz 0ms (cache hit)
291 http cache union@https://registry.npmjs.org/union/-/union-0.5.0.tgz 0ms (cache hit)
292 http cache secure-compare@https://registry.npmjs.org/secure-compare/-/secure-compare-3.0.1.tgz 0ms (cache hit)
293 http cache portfinder@https://registry.npmjs.org/portfinder/-/portfinder-1.0.38.tgz 0ms (cache hit)
294 http cache opener@https://registry.npmjs.org/opener/-/opener-1.5.2.tgz 0ms (cache hit)
295 http cache minimist@https://registry.npmjs.org/minimist/-/minimist-1.2.8.tgz 0ms (cache hit)
296 http cache mime@https://registry.npmjs.org/mime/-/mime-1.6.0.tgz 0ms (cache hit)
297 http cache http-proxy@https://registry.npmjs.org/http-proxy/-/http-proxy-1.18.1.tgz 0ms (cache hit)
298 http cache html-encoding-sniffer@https://registry.npmjs.org/html-encoding-sniffer/-/html-encoding-sniffer-3.0.0.tgz 1ms (cache hit)
299 http cache he@https://registry.npmjs.org/he/-/he-1.2.0.tgz 0ms (cache hit)
300 http cache corser@https://registry.npmjs.org/corser/-/corser-2.0.1.tgz 0ms (cache hit)
301 http cache chalk@https://registry.npmjs.org/chalk/-/chalk-4.1.2.tgz 0ms (cache hit)
302 http cache basic-auth@https://registry.npmjs.org/basic-auth/-/basic-auth-2.0.1.tgz 0ms (cache hit)
303 http cache es-object-atoms@https://registry.npmjs.org/es-object-atoms/-/es-object-atoms-1.1.1.tgz 0ms (cache hit)
304 silly tarball no local data for http-server@https://registry.npmjs.org/http-server/-/http-server-14.1.1.tgz. Extracting by manifest.
305 silly tarball no local data for iconv-lite@https://registry.npmjs.org/iconv-lite/-/iconv-lite-0.6.3.tgz. Extracting by manifest.
306 silly tarball no local data for has-flag@https://registry.npmjs.org/has-flag/-/has-flag-4.0.0.tgz. Extracting by manifest.
307 silly tarball no local data for async@https://registry.npmjs.org/async/-/async-3.2.6.tgz. Extracting by manifest.
308 silly tarball no local data for requires-port@https://registry.npmjs.org/requires-port/-/requires-port-1.0.0.tgz. Extracting by manifest.
309 silly tarball no local data for follow-redirects@https://registry.npmjs.org/follow-redirects/-/follow-redirects-1.16.0.tgz. Extracting by manifest.
310 silly tarball no local data for eventemitter3@https://registry.npmjs.org/eventemitter3/-/eventemitter3-4.0.7.tgz. Extracting by manifest.
311 silly tarball no local data for whatwg-encoding@https://registry.npmjs.org/whatwg-encoding/-/whatwg-encoding-2.0.0.tgz. Extracting by manifest.
312 silly tarball no local data for color-name@https://registry.npmjs.org/color-name/-/color-name-1.1.4.tgz. Extracting by manifest.
313 silly tarball no local data for color-convert@https://registry.npmjs.org/color-convert/-/color-convert-2.0.1.tgz. Extracting by manifest.
314 silly tarball no local data for supports-color@https://registry.npmjs.org/supports-color/-/supports-color-7.2.0.tgz. Extracting by manifest.
315 silly tarball no local data for ansi-styles@https://registry.npmjs.org/ansi-styles/-/ansi-styles-4.3.0.tgz. Extracting by manifest.
316 silly tarball no local data for safe-buffer@https://registry.npmjs.org/safe-buffer/-/safe-buffer-5.1.2.tgz. Extracting by manifest.
317 silly tarball no local data for url-join@https://registry.npmjs.org/url-join/-/url-join-4.0.1.tgz. Extracting by manifest.
318 silly tarball no local data for union@https://registry.npmjs.org/union/-/union-0.5.0.tgz. Extracting by manifest.
319 silly tarball no local data for secure-compare@https://registry.npmjs.org/secure-compare/-/secure-compare-3.0.1.tgz. Extracting by manifest.
320 silly tarball no local data for portfinder@https://registry.npmjs.org/portfinder/-/portfinder-1.0.38.tgz. Extracting by manifest.
321 silly tarball no local data for opener@https://registry.npmjs.org/opener/-/opener-1.5.2.tgz. Extracting by manifest.
322 silly tarball no local data for minimist@https://registry.npmjs.org/minimist/-/minimist-1.2.8.tgz. Extracting by manifest.
323 silly tarball no local data for http-proxy@https://registry.npmjs.org/http-proxy/-/http-proxy-1.18.1.tgz. Extracting by manifest.
324 silly tarball no local data for html-encoding-sniffer@https://registry.npmjs.org/html-encoding-sniffer/-/html-encoding-sniffer-3.0.0.tgz. Extracting by manifest.
325 silly tarball no local data for he@https://registry.npmjs.org/he/-/he-1.2.0.tgz. Extracting by manifest.
326 silly tarball no local data for corser@https://registry.npmjs.org/corser/-/corser-2.0.1.tgz. Extracting by manifest.
327 silly tarball no local data for chalk@https://registry.npmjs.org/chalk/-/chalk-4.1.2.tgz. Extracting by manifest.
328 silly tarball no local data for basic-auth@https://registry.npmjs.org/basic-auth/-/basic-auth-2.0.1.tgz. Extracting by manifest.
329 http fetch GET 200 https://registry.npmjs.org/secure-compare/-/secure-compare-3.0.1.tgz 3056ms (cache miss)
330 http fetch GET 200 https://registry.npmjs.org/portfinder/-/portfinder-1.0.38.tgz 3405ms (cache miss)
331 http fetch GET 200 https://registry.npmjs.org/url-join/-/url-join-4.0.1.tgz 3463ms (cache miss)
332 http fetch GET 200 https://registry.npmjs.org/has-flag/-/has-flag-4.0.0.tgz 4000ms (cache miss)
333 http fetch GET 200 https://registry.npmjs.org/supports-color/-/supports-color-7.2.0.tgz 4261ms (cache miss)
334 http fetch GET 200 https://registry.npmjs.org/opener/-/opener-1.5.2.tgz 4219ms (cache miss)
335 http fetch GET 200 https://registry.npmjs.org/color-name/-/color-name-1.1.4.tgz 4344ms (cache miss)
336 http fetch GET 200 https://registry.npmjs.org/whatwg-encoding/-/whatwg-encoding-2.0.0.tgz 4412ms (cache miss)
337 warn deprecated whatwg-encoding@2.0.0: Use @exodus/bytes instead for a more spec-conformant and faster implementation
338 http fetch GET 200 https://registry.npmjs.org/color-convert/-/color-convert-2.0.1.tgz 4450ms (cache miss)
339 http fetch GET 200 https://registry.npmjs.org/ansi-styles/-/ansi-styles-4.3.0.tgz 4453ms (cache miss)
340 http fetch GET 200 https://registry.npmjs.org/eventemitter3/-/eventemitter3-4.0.7.tgz 4594ms (cache miss)
341 http fetch GET 200 https://registry.npmjs.org/requires-port/-/requires-port-1.0.0.tgz 4852ms (cache miss)
342 http fetch GET 200 https://registry.npmjs.org/html-encoding-sniffer/-/html-encoding-sniffer-3.0.0.tgz 5199ms (cache miss)
343 http fetch GET 200 https://registry.npmjs.org/corser/-/corser-2.0.1.tgz 5246ms (cache miss)
344 http fetch GET 200 https://registry.npmjs.org/basic-auth/-/basic-auth-2.0.1.tgz 5267ms (cache miss)
345 http fetch GET 200 https://registry.npmjs.org/http-server/-/http-server-14.1.1.tgz 5613ms (cache miss)
346 http fetch GET 200 https://registry.npmjs.org/follow-redirects/-/follow-redirects-1.16.0.tgz 5558ms (cache miss)
347 http fetch GET 200 https://registry.npmjs.org/safe-buffer/-/safe-buffer-5.1.2.tgz 5521ms (cache miss)
348 http fetch GET 200 https://registry.npmjs.org/chalk/-/chalk-4.1.2.tgz 5494ms (cache miss)
349 http fetch GET 200 https://registry.npmjs.org/he/-/he-1.2.0.tgz 5526ms (cache miss)
350 http fetch GET 200 https://registry.npmjs.org/minimist/-/minimist-1.2.8.tgz 5560ms (cache miss)
351 http fetch GET 200 https://registry.npmjs.org/http-proxy/-/http-proxy-1.18.1.tgz 5561ms (cache miss)
352 http fetch GET 200 https://registry.npmjs.org/union/-/union-0.5.0.tgz 5800ms (cache miss)
353 http fetch GET 200 https://registry.npmjs.org/iconv-lite/-/iconv-lite-0.6.3.tgz 6085ms (cache miss)
354 http fetch GET 200 https://registry.npmjs.org/async/-/async-3.2.6.tgz 6281ms (cache miss)
355 silly ADD node_modules/http-server
356 silly ADD node_modules/http-server/node_modules/safer-buffer
357 silly ADD node_modules/http-server/node_modules/iconv-lite
358 silly ADD node_modules/http-server/node_modules/dunder-proto
359 silly ADD node_modules/http-server/node_modules/math-intrinsics
360 silly ADD node_modules/http-server/node_modules/hasown
361 silly ADD node_modules/http-server/node_modules/has-symbols
362 silly ADD node_modules/http-server/node_modules/gopd
363 silly ADD node_modules/http-server/node_modules/get-proto
364 silly ADD node_modules/http-server/node_modules/es-object-atoms
365 silly ADD node_modules/http-server/node_modules/es-define-property
366 silly ADD node_modules/http-server/node_modules/function-bind
367 silly ADD node_modules/http-server/node_modules/call-bind-apply-helpers
368 silly ADD node_modules/http-server/node_modules/get-intrinsic
369 silly ADD node_modules/http-server/node_modules/call-bound
370 silly ADD node_modules/http-server/node_modules/side-channel-weakmap
371 silly ADD node_modules/http-server/node_modules/side-channel-map
372 silly ADD node_modules/http-server/node_modules/side-channel-list
373 silly ADD node_modules/http-server/node_modules/object-inspect
374 silly ADD node_modules/http-server/node_modules/es-errors
375 silly ADD node_modules/http-server/node_modules/side-channel
376 silly ADD node_modules/http-server/node_modules/qs
377 silly ADD node_modules/http-server/node_modules/has-flag
378 silly ADD node_modules/http-server/node_modules/ms
379 silly ADD node_modules/http-server/node_modules/debug
380 silly ADD node_modules/http-server/node_modules/async
381 silly ADD node_modules/http-server/node_modules/requires-port
382 silly ADD node_modules/http-server/node_modules/follow-redirects
383 silly ADD node_modules/http-server/node_modules/eventemitter3
384 silly ADD node_modules/http-server/node_modules/whatwg-encoding
385 silly ADD node_modules/http-server/node_modules/color-name
386 silly ADD node_modules/http-server/node_modules/color-convert
387 silly ADD node_modules/http-server/node_modules/supports-color
388 silly ADD node_modules/http-server/node_modules/ansi-styles
389 silly ADD node_modules/http-server/node_modules/safe-buffer
390 silly ADD node_modules/http-server/node_modules/url-join
391 silly ADD node_modules/http-server/node_modules/union
392 silly ADD node_modules/http-server/node_modules/secure-compare
393 silly ADD node_modules/http-server/node_modules/portfinder
394 silly ADD node_modules/http-server/node_modules/opener
395 silly ADD node_modules/http-server/node_modules/minimist
396 silly ADD node_modules/http-server/node_modules/mime
397 silly ADD node_modules/http-server/node_modules/http-proxy
398 silly ADD node_modules/http-server/node_modules/html-encoding-sniffer
399 silly ADD node_modules/http-server/node_modules/he
400 silly ADD node_modules/http-server/node_modules/corser
401 silly ADD node_modules/http-server/node_modules/chalk
402 silly ADD node_modules/http-server/node_modules/basic-auth
403 verbose cwd /data/data/com.termux/files/home
404 verbose os Linux 4.19.191-g4465035f2907-dirty
405 verbose node v25.8.2
406 verbose npm  v11.12.1
407 verbose exit 0
408 info ok
