0 verbose cli /data/data/com.termux/files/usr/bin/node /data/data/com.termux/files/usr/bin/npm
1 info using npm@11.12.1
2 info using node@v25.8.2
3 silly config load:file:/data/data/com.termux/files/usr/lib/node_modules/npm/npmrc
4 silly config load:file:/data/data/com.termux/files/home/.npmrc
5 silly config load:file:/data/data/com.termux/files/usr/etc/npmrc
6 verbose title npm install express mysql2 dotenv cors
7 verbose argv "install" "express" "mysql2" "dotenv" "cors"
8 verbose logfile logs-max:10 dir:/data/data/com.termux/files/home/.npm/_logs/2026-04-14T13_07_27_919Z-
9 verbose logfile /data/data/com.termux/files/home/.npm/_logs/2026-04-14T13_07_27_919Z-debug-0.log
10 silly logfile done cleaning log files
11 silly packumentCache heap:555483136 maxSize:138870784 maxEntrySize:69435392
12 silly idealTree buildDeps
13 silly fetch manifest express@*
14 silly packumentCache full:https://registry.npmjs.org/express cache-miss
15 http fetch GET https://registry.npmjs.org/express attempt 1 failed with ENOTFOUND
16 http fetch GET 200 https://registry.npmjs.org/express 23308ms (cache revalidated)
17 silly packumentCache full:https://registry.npmjs.org/express set size:801257 disposed:false
18 silly fetch manifest mysql2@*
19 silly packumentCache full:https://registry.npmjs.org/mysql2 cache-miss
20 http fetch GET 200 https://registry.npmjs.org/mysql2 492ms (cache revalidated)
21 silly packumentCache full:https://registry.npmjs.org/mysql2 set size:820626 disposed:false
22 silly fetch manifest @types/node@>= 8
23 silly packumentCache full:https://registry.npmjs.org/@types%2fnode cache-miss
24 http fetch GET 200 https://registry.npmjs.org/@types%2fnode 955ms (cache revalidated)
25 silly packumentCache full:https://registry.npmjs.org/@types%2fnode set size:10972342 disposed:false
26 silly fetch manifest dotenv@*
27 silly packumentCache full:https://registry.npmjs.org/dotenv cache-miss
28 http fetch GET https://registry.npmjs.org/dotenv attempt 1 failed with FETCH_ERROR
29 http fetch GET 200 https://registry.npmjs.org/dotenv 573376ms (cache revalidated)
30 silly packumentCache full:https://registry.npmjs.org/dotenv set size:277856 disposed:false
31 silly fetch manifest cors@*
32 silly packumentCache full:https://registry.npmjs.org/cors cache-miss
33 http fetch GET 200 https://registry.npmjs.org/cors 1354ms (cache miss)
34 silly packumentCache full:https://registry.npmjs.org/cors set size:undefined disposed:false
35 silly placeDep ROOT cors@2.8.6 OK for:  want: *
36 silly placeDep ROOT dotenv@17.4.2 OK for:  want: *
37 silly placeDep ROOT express@5.2.1 OK for:  want: *
38 silly placeDep ROOT mysql2@3.22.0 OK for:  want: *
39 silly placeDep ROOT @types/node@25.6.0 OK for: mysql2@3.22.0 want: >= 8
40 silly fetch manifest object-assign@^4
41 silly packumentCache full:https://registry.npmjs.org/object-assign cache-miss
42 http fetch GET 200 https://registry.npmjs.org/object-assign 484ms (cache miss)
43 silly packumentCache full:https://registry.npmjs.org/object-assign set size:undefined disposed:false
44 silly fetch manifest vary@^1
45 silly packumentCache full:https://registry.npmjs.org/vary cache-miss
46 http fetch GET 200 https://registry.npmjs.org/vary 292ms (cache revalidated)
47 silly packumentCache full:https://registry.npmjs.org/vary set size:16018 disposed:false
48 silly fetch manifest qs@^6.14.0
49 silly packumentCache full:https://registry.npmjs.org/qs cache-miss
50 http fetch GET 200 https://registry.npmjs.org/qs 288ms (cache revalidated)
51 silly packumentCache full:https://registry.npmjs.org/qs set size:353582 disposed:false
52 silly fetch manifest depd@^2.0.0
53 silly packumentCache full:https://registry.npmjs.org/depd cache-miss
54 http fetch GET 200 https://registry.npmjs.org/depd 261ms (cache revalidated)
55 silly packumentCache full:https://registry.npmjs.org/depd set size:40182 disposed:false
56 silly fetch manifest etag@^1.8.1
57 silly packumentCache full:https://registry.npmjs.org/etag cache-miss
58 http fetch GET 200 https://registry.npmjs.org/etag 257ms (cache revalidated)
59 silly packumentCache full:https://registry.npmjs.org/etag set size:30032 disposed:false
60 silly fetch manifest once@^1.4.0
61 silly packumentCache full:https://registry.npmjs.org/once cache-miss
62 http fetch GET 200 https://registry.npmjs.org/once 266ms (cache revalidated)
63 silly packumentCache full:https://registry.npmjs.org/once set size:11752 disposed:false
64 silly fetch manifest send@^1.1.0
65 silly packumentCache full:https://registry.npmjs.org/send cache-miss
66 http fetch GET 200 https://registry.npmjs.org/send 247ms (cache revalidated)
67 silly packumentCache full:https://registry.npmjs.org/send set size:152810 disposed:false
68 silly fetch manifest vary@^1.1.2
69 silly packumentCache full:https://registry.npmjs.org/vary cache-hit
70 silly fetch manifest debug@^4.4.0
71 silly packumentCache full:https://registry.npmjs.org/debug cache-miss
72 http fetch GET 200 https://registry.npmjs.org/debug 266ms (cache revalidated)
73 silly packumentCache full:https://registry.npmjs.org/debug set size:195840 disposed:false
74 silly fetch manifest fresh@^2.0.0
75 silly packumentCache full:https://registry.npmjs.org/fresh cache-miss
76 http fetch GET 200 https://registry.npmjs.org/fresh 264ms (cache revalidated)
77 silly packumentCache full:https://registry.npmjs.org/fresh set size:25427 disposed:false
78 silly fetch manifest cookie@^0.7.1
79 silly packumentCache full:https://registry.npmjs.org/cookie cache-miss
80 http fetch GET 200 https://registry.npmjs.org/cookie 245ms (cache revalidated)
81 silly packumentCache full:https://registry.npmjs.org/cookie set size:72891 disposed:false
82 silly fetch manifest router@^2.2.0
83 silly packumentCache full:https://registry.npmjs.org/router cache-miss
84 http fetch GET 200 https://registry.npmjs.org/router 247ms (cache revalidated)
85 silly packumentCache full:https://registry.npmjs.org/router set size:116499 disposed:false
86 silly fetch manifest accepts@^2.0.0
87 silly packumentCache full:https://registry.npmjs.org/accepts cache-miss
88 http fetch GET 200 https://registry.npmjs.org/accepts 614ms (cache revalidated)
89 silly packumentCache full:https://registry.npmjs.org/accepts set size:77054 disposed:false
90 silly fetch manifest type-is@^2.0.1
91 silly packumentCache full:https://registry.npmjs.org/type-is cache-miss
92 http fetch GET 200 https://registry.npmjs.org/type-is 683ms (cache revalidated)
93 silly packumentCache full:https://registry.npmjs.org/type-is set size:86196 disposed:false
94 silly fetch manifest parseurl@^1.3.3
95 silly packumentCache full:https://registry.npmjs.org/parseurl cache-miss
96 http fetch GET 200 https://registry.npmjs.org/parseurl 269ms (cache revalidated)
97 silly packumentCache full:https://registry.npmjs.org/parseurl set size:24148 disposed:false
98 silly fetch manifest statuses@^2.0.1
99 silly packumentCache full:https://registry.npmjs.org/statuses cache-miss
100 http fetch GET 200 https://registry.npmjs.org/statuses 276ms (cache revalidated)
101 silly packumentCache full:https://registry.npmjs.org/statuses set size:37117 disposed:false
102 silly fetch manifest encodeurl@^2.0.0
103 silly packumentCache full:https://registry.npmjs.org/encodeurl cache-miss
104 http fetch GET 200 https://registry.npmjs.org/encodeurl 243ms (cache revalidated)
105 silly packumentCache full:https://registry.npmjs.org/encodeurl set size:12296 disposed:false
106 silly fetch manifest mime-types@^3.0.0
107 silly packumentCache full:https://registry.npmjs.org/mime-types cache-miss
108 http fetch GET 200 https://registry.npmjs.org/mime-types 238ms (cache revalidated)
109 silly packumentCache full:https://registry.npmjs.org/mime-types set size:139110 disposed:false
110 silly fetch manifest proxy-addr@^2.0.7
111 silly packumentCache full:https://registry.npmjs.org/proxy-addr cache-miss
112 http fetch GET 200 https://registry.npmjs.org/proxy-addr 246ms (cache revalidated)
113 silly packumentCache full:https://registry.npmjs.org/proxy-addr set size:61619 disposed:false
114 silly fetch manifest body-parser@^2.2.1
115 silly packumentCache full:https://registry.npmjs.org/body-parser cache-miss
116 http fetch GET 200 https://registry.npmjs.org/body-parser 1035ms (cache revalidated)
117 silly packumentCache full:https://registry.npmjs.org/body-parser set size:216830 disposed:false
118 silly fetch manifest escape-html@^1.0.3
119 silly packumentCache full:https://registry.npmjs.org/escape-html cache-miss
120 http fetch GET 200 https://registry.npmjs.org/escape-html 225ms (cache revalidated)
121 silly packumentCache full:https://registry.npmjs.org/escape-html set size:7345 disposed:false
122 silly fetch manifest http-errors@^2.0.0
123 silly packumentCache full:https://registry.npmjs.org/http-errors cache-miss
124 http fetch GET 200 https://registry.npmjs.org/http-errors 238ms (cache revalidated)
125 silly packumentCache full:https://registry.npmjs.org/http-errors set size:71987 disposed:false
126 silly fetch manifest on-finished@^2.4.1
127 silly packumentCache full:https://registry.npmjs.org/on-finished cache-miss
128 http fetch GET 200 https://registry.npmjs.org/on-finished 236ms (cache revalidated)
129 silly packumentCache full:https://registry.npmjs.org/on-finished set size:23212 disposed:false
130 silly fetch manifest content-type@^1.0.5
131 silly packumentCache full:https://registry.npmjs.org/content-type cache-miss
132 http fetch GET 200 https://registry.npmjs.org/content-type 224ms (cache revalidated)
133 silly packumentCache full:https://registry.npmjs.org/content-type set size:17311 disposed:false
134 silly fetch manifest finalhandler@^2.1.0
135 silly packumentCache full:https://registry.npmjs.org/finalhandler cache-miss
136 http fetch GET 200 https://registry.npmjs.org/finalhandler 287ms (cache revalidated)
137 silly packumentCache full:https://registry.npmjs.org/finalhandler set size:79291 disposed:false
138 silly fetch manifest range-parser@^1.2.1
139 silly packumentCache full:https://registry.npmjs.org/range-parser cache-miss
140 http fetch GET 200 https://registry.npmjs.org/range-parser 252ms (cache revalidated)
141 silly packumentCache full:https://registry.npmjs.org/range-parser set size:22228 disposed:false
142 silly fetch manifest serve-static@^2.2.0
143 silly packumentCache full:https://registry.npmjs.org/serve-static cache-miss
144 http fetch GET 200 https://registry.npmjs.org/serve-static 289ms (cache revalidated)
145 silly packumentCache full:https://registry.npmjs.org/serve-static set size:150391 disposed:false
146 silly fetch manifest cookie-signature@^1.2.1
147 silly packumentCache full:https://registry.npmjs.org/cookie-signature cache-miss
148 http fetch GET 200 https://registry.npmjs.org/cookie-signature 290ms (cache revalidated)
149 silly packumentCache full:https://registry.npmjs.org/cookie-signature set size:21777 disposed:false
150 silly fetch manifest merge-descriptors@^2.0.0
151 silly packumentCache full:https://registry.npmjs.org/merge-descriptors cache-miss
152 http fetch GET 200 https://registry.npmjs.org/merge-descriptors 218ms (cache revalidated)
153 silly packumentCache full:https://registry.npmjs.org/merge-descriptors set size:16527 disposed:false
154 silly fetch manifest content-disposition@^1.0.0
155 silly packumentCache full:https://registry.npmjs.org/content-disposition cache-miss
156 http fetch GET 200 https://registry.npmjs.org/content-disposition 221ms (cache revalidated)
157 silly packumentCache full:https://registry.npmjs.org/content-disposition set size:36665 disposed:false
158 silly fetch manifest long@^5.3.2
159 silly packumentCache full:https://registry.npmjs.org/long cache-miss
160 http fetch GET 200 https://registry.npmjs.org/long 245ms (cache revalidated)
161 silly packumentCache full:https://registry.npmjs.org/long set size:80704 disposed:false
162 silly fetch manifest denque@^2.1.0
163 silly packumentCache full:https://registry.npmjs.org/denque cache-miss
164 http fetch GET 200 https://registry.npmjs.org/denque 288ms (cache revalidated)
165 silly packumentCache full:https://registry.npmjs.org/denque set size:62908 disposed:false
166 silly fetch manifest lru.min@^1.1.4
167 silly packumentCache full:https://registry.npmjs.org/lru.min cache-miss
168 http fetch GET 200 https://registry.npmjs.org/lru.min 250ms (cache revalidated)
169 silly packumentCache full:https://registry.npmjs.org/lru.min set size:51593 disposed:false
170 silly fetch manifest iconv-lite@^0.7.2
171 silly packumentCache full:https://registry.npmjs.org/iconv-lite cache-miss
172 http fetch GET 200 https://registry.npmjs.org/iconv-lite 269ms (cache revalidated)
173 silly packumentCache full:https://registry.npmjs.org/iconv-lite set size:120557 disposed:false
174 silly fetch manifest sql-escaper@^1.3.3
175 silly packumentCache full:https://registry.npmjs.org/sql-escaper cache-miss
176 http fetch GET 200 https://registry.npmjs.org/sql-escaper 583ms (cache revalidated)
177 silly packumentCache full:https://registry.npmjs.org/sql-escaper set size:47454 disposed:false
178 silly fetch manifest aws-ssl-profiles@^1.1.2
179 silly packumentCache full:https://registry.npmjs.org/aws-ssl-profiles cache-miss
180 http fetch GET 200 https://registry.npmjs.org/aws-ssl-profiles 249ms (cache revalidated)
181 silly packumentCache full:https://registry.npmjs.org/aws-ssl-profiles set size:13721 disposed:false
182 silly fetch manifest generate-function@^2.3.1
183 silly packumentCache full:https://registry.npmjs.org/generate-function cache-miss
184 http fetch GET 200 https://registry.npmjs.org/generate-function 268ms (cache revalidated)
185 silly packumentCache full:https://registry.npmjs.org/generate-function set size:22290 disposed:false
186 silly fetch manifest named-placeholders@^1.1.6
187 silly packumentCache full:https://registry.npmjs.org/named-placeholders cache-miss
188 http fetch GET 200 https://registry.npmjs.org/named-placeholders 223ms (cache revalidated)
189 silly packumentCache full:https://registry.npmjs.org/named-placeholders set size:20384 disposed:false
190 silly fetch manifest undici-types@~7.19.0
191 silly packumentCache full:https://registry.npmjs.org/undici-types cache-miss
192 http fetch GET 200 https://registry.npmjs.org/undici-types 250ms (cache revalidated)
193 silly packumentCache full:https://registry.npmjs.org/undici-types set size:210150 disposed:false
194 silly placeDep ROOT undici-types@7.19.2 OK for: @types/node@25.6.0 want: ~7.19.0
195 silly placeDep ROOT object-assign@4.1.1 OK for: cors@2.8.6 want: ^4
196 silly placeDep ROOT vary@1.1.2 OK for: cors@2.8.6 want: ^1
197 silly placeDep ROOT accepts@2.0.0 OK for: express@5.2.1 want: ^2.0.0
198 silly placeDep ROOT body-parser@2.2.2 OK for: express@5.2.1 want: ^2.2.1
199 silly placeDep ROOT content-disposition@1.1.0 OK for: express@5.2.1 want: ^1.0.0
200 silly placeDep ROOT content-type@1.0.5 OK for: express@5.2.1 want: ^1.0.5
201 silly placeDep ROOT cookie@0.7.2 OK for: express@5.2.1 want: ^0.7.1
202 silly placeDep ROOT cookie-signature@1.2.2 OK for: express@5.2.1 want: ^1.2.1
203 silly placeDep ROOT debug@4.4.3 OK for: express@5.2.1 want: ^4.4.0
204 silly placeDep ROOT depd@2.0.0 OK for: express@5.2.1 want: ^2.0.0
205 silly placeDep ROOT encodeurl@2.0.0 OK for: express@5.2.1 want: ^2.0.0
206 silly placeDep ROOT escape-html@1.0.3 OK for: express@5.2.1 want: ^1.0.3
207 silly placeDep ROOT etag@1.8.1 OK for: express@5.2.1 want: ^1.8.1
208 silly placeDep ROOT finalhandler@2.1.1 OK for: express@5.2.1 want: ^2.1.0
209 silly placeDep ROOT fresh@2.0.0 OK for: express@5.2.1 want: ^2.0.0
210 silly placeDep ROOT http-errors@2.0.1 OK for: express@5.2.1 want: ^2.0.0
211 silly placeDep ROOT merge-descriptors@2.0.0 OK for: express@5.2.1 want: ^2.0.0
212 silly placeDep ROOT mime-types@3.0.2 OK for: express@5.2.1 want: ^3.0.0
213 silly placeDep ROOT on-finished@2.4.1 OK for: express@5.2.1 want: ^2.4.1
214 silly placeDep ROOT once@1.4.0 OK for: express@5.2.1 want: ^1.4.0
215 silly placeDep ROOT parseurl@1.3.3 OK for: express@5.2.1 want: ^1.3.3
216 silly placeDep ROOT proxy-addr@2.0.7 OK for: express@5.2.1 want: ^2.0.7
217 silly placeDep ROOT qs@6.15.1 OK for: express@5.2.1 want: ^6.14.0
218 silly placeDep ROOT range-parser@1.2.1 OK for: express@5.2.1 want: ^1.2.1
219 silly placeDep ROOT router@2.2.0 OK for: express@5.2.1 want: ^2.2.0
220 silly placeDep ROOT send@1.2.1 OK for: express@5.2.1 want: ^1.1.0
221 silly placeDep ROOT serve-static@2.2.1 OK for: express@5.2.1 want: ^2.2.0
222 silly placeDep ROOT statuses@2.0.2 OK for: express@5.2.1 want: ^2.0.1
223 silly placeDep ROOT type-is@2.0.1 OK for: express@5.2.1 want: ^2.0.1
224 silly fetch manifest negotiator@^1.0.0
225 silly packumentCache full:https://registry.npmjs.org/negotiator cache-miss
226 http fetch GET 200 https://registry.npmjs.org/negotiator 295ms (cache revalidated)
227 silly packumentCache full:https://registry.npmjs.org/negotiator set size:48046 disposed:false
228 silly fetch manifest bytes@^3.1.2
229 silly packumentCache full:https://registry.npmjs.org/bytes cache-miss
230 http fetch GET 200 https://registry.npmjs.org/bytes 225ms (cache revalidated)
231 silly packumentCache full:https://registry.npmjs.org/bytes set size:37018 disposed:false
232 silly fetch manifest debug@^4.4.3
233 silly packumentCache full:https://registry.npmjs.org/debug cache-hit
234 silly fetch manifest iconv-lite@^0.7.0
235 silly packumentCache full:https://registry.npmjs.org/iconv-lite cache-hit
236 silly fetch manifest qs@^6.14.1
237 silly packumentCache full:https://registry.npmjs.org/qs cache-hit
238 silly fetch manifest raw-body@^3.0.1
239 silly packumentCache full:https://registry.npmjs.org/raw-body cache-miss
240 http fetch GET 200 https://registry.npmjs.org/raw-body 219ms (cache revalidated)
241 silly packumentCache full:https://registry.npmjs.org/raw-body set size:117822 disposed:false
242 silly fetch manifest ms@^2.1.3
243 silly packumentCache full:https://registry.npmjs.org/ms cache-miss
244 http fetch GET 200 https://registry.npmjs.org/ms 243ms (cache revalidated)
245 silly packumentCache full:https://registry.npmjs.org/ms set size:92208 disposed:false
246 silly fetch manifest inherits@~2.0.4
247 silly packumentCache full:https://registry.npmjs.org/inherits cache-miss
248 http fetch GET 200 https://registry.npmjs.org/inherits 229ms (cache revalidated)
249 silly packumentCache full:https://registry.npmjs.org/inherits set size:12925 disposed:false
250 silly fetch manifest setprototypeof@~1.2.0
251 silly packumentCache full:https://registry.npmjs.org/setprototypeof cache-miss
252 http fetch GET 200 https://registry.npmjs.org/setprototypeof 262ms (cache revalidated)
253 silly packumentCache full:https://registry.npmjs.org/setprototypeof set size:14532 disposed:false
254 silly fetch manifest statuses@~2.0.2
255 silly packumentCache full:https://registry.npmjs.org/statuses cache-hit
256 silly fetch manifest toidentifier@~1.0.1
257 silly packumentCache full:https://registry.npmjs.org/toidentifier cache-miss
258 http fetch GET 200 https://registry.npmjs.org/toidentifier 698ms (cache revalidated)
259 silly packumentCache full:https://registry.npmjs.org/toidentifier set size:12006 disposed:false
260 silly fetch manifest mime-db@^1.54.0
261 silly packumentCache full:https://registry.npmjs.org/mime-db cache-miss
262 http fetch GET 200 https://registry.npmjs.org/mime-db 252ms (cache revalidated)
263 silly packumentCache full:https://registry.npmjs.org/mime-db set size:164953 disposed:false
264 silly fetch manifest ee-first@1.1.1
265 silly packumentCache full:https://registry.npmjs.org/ee-first cache-miss
266 http fetch GET 200 https://registry.npmjs.org/ee-first 240ms (cache revalidated)
267 silly packumentCache full:https://registry.npmjs.org/ee-first set size:15327 disposed:false
268 silly fetch manifest wrappy@1
269 silly packumentCache full:https://registry.npmjs.org/wrappy cache-miss
270 http fetch GET 200 https://registry.npmjs.org/wrappy 273ms (cache revalidated)
271 silly packumentCache full:https://registry.npmjs.org/wrappy set size:7682 disposed:false
272 silly fetch manifest forwarded@0.2.0
273 silly packumentCache full:https://registry.npmjs.org/forwarded cache-miss
274 http fetch GET 200 https://registry.npmjs.org/forwarded 253ms (cache revalidated)
275 silly packumentCache full:https://registry.npmjs.org/forwarded set size:11229 disposed:false
276 silly fetch manifest ipaddr.js@1.9.1
277 silly packumentCache full:https://registry.npmjs.org/ipaddr.js cache-miss
278 http fetch GET 200 https://registry.npmjs.org/ipaddr.js 246ms (cache revalidated)
279 silly packumentCache full:https://registry.npmjs.org/ipaddr.js set size:67857 disposed:false
280 silly fetch manifest side-channel@^1.1.0
281 silly packumentCache full:https://registry.npmjs.org/side-channel cache-miss
282 http fetch GET 200 https://registry.npmjs.org/side-channel 300ms (cache revalidated)
283 silly packumentCache full:https://registry.npmjs.org/side-channel set size:24660 disposed:false
284 silly fetch manifest is-promise@^4.0.0
285 silly packumentCache full:https://registry.npmjs.org/is-promise cache-miss
286 http fetch GET 200 https://registry.npmjs.org/is-promise 258ms (cache revalidated)
287 silly packumentCache full:https://registry.npmjs.org/is-promise set size:18599 disposed:false
288 silly fetch manifest path-to-regexp@^8.0.0
289 silly packumentCache full:https://registry.npmjs.org/path-to-regexp cache-miss
290 http fetch GET 200 https://registry.npmjs.org/path-to-regexp 264ms (cache revalidated)
291 silly packumentCache full:https://registry.npmjs.org/path-to-regexp set size:216334 disposed:false
292 silly fetch manifest statuses@^2.0.2
293 silly packumentCache full:https://registry.npmjs.org/statuses cache-hit
294 silly fetch manifest media-typer@^1.1.0
295 silly packumentCache full:https://registry.npmjs.org/media-typer cache-miss
296 http fetch GET 200 https://registry.npmjs.org/media-typer 624ms (cache revalidated)
297 silly packumentCache full:https://registry.npmjs.org/media-typer set size:20873 disposed:false
298 silly placeDep ROOT negotiator@1.0.0 OK for: accepts@2.0.0 want: ^1.0.0
299 silly placeDep ROOT bytes@3.1.2 OK for: body-parser@2.2.2 want: ^3.1.2
300 silly placeDep ROOT iconv-lite@0.7.2 OK for: body-parser@2.2.2 want: ^0.7.0
301 silly placeDep ROOT raw-body@3.0.2 OK for: body-parser@2.2.2 want: ^3.0.1
302 silly fetch manifest safer-buffer@>= 2.1.2 < 3.0.0
303 silly packumentCache full:https://registry.npmjs.org/safer-buffer cache-miss
304 http fetch GET 200 https://registry.npmjs.org/safer-buffer 307ms (cache revalidated)
305 silly packumentCache full:https://registry.npmjs.org/safer-buffer set size:18521 disposed:false
306 silly fetch manifest unpipe@~1.0.0
307 silly packumentCache full:https://registry.npmjs.org/unpipe cache-miss
308 http fetch GET 200 https://registry.npmjs.org/unpipe 249ms (cache revalidated)
309 silly packumentCache full:https://registry.npmjs.org/unpipe set size:3609 disposed:false
310 silly placeDep ROOT ms@2.1.3 OK for: debug@4.4.3 want: ^2.1.3
311 silly placeDep ROOT inherits@2.0.4 OK for: http-errors@2.0.1 want: ~2.0.4
312 silly placeDep ROOT setprototypeof@1.2.0 OK for: http-errors@2.0.1 want: ~1.2.0
313 silly placeDep ROOT toidentifier@1.0.1 OK for: http-errors@2.0.1 want: ~1.0.1
314 silly placeDep ROOT safer-buffer@2.1.2 OK for: iconv-lite@0.7.2 want: >= 2.1.2 < 3.0.0
315 silly placeDep ROOT mime-db@1.54.0 OK for: mime-types@3.0.2 want: ^1.54.0
316 silly placeDep ROOT aws-ssl-profiles@1.1.2 OK for: mysql2@3.22.0 want: ^1.1.2
317 silly placeDep ROOT denque@2.1.0 OK for: mysql2@3.22.0 want: ^2.1.0
318 silly placeDep ROOT generate-function@2.3.1 OK for: mysql2@3.22.0 want: ^2.3.1
319 silly placeDep ROOT long@5.3.2 OK for: mysql2@3.22.0 want: ^5.3.2
320 silly placeDep ROOT lru.min@1.1.4 OK for: mysql2@3.22.0 want: ^1.1.4
321 silly placeDep ROOT named-placeholders@1.1.6 OK for: mysql2@3.22.0 want: ^1.1.6
322 silly placeDep ROOT sql-escaper@1.3.3 OK for: mysql2@3.22.0 want: ^1.3.3
323 silly fetch manifest is-property@^1.0.2
324 silly packumentCache full:https://registry.npmjs.org/is-property cache-miss
325 http fetch GET 200 https://registry.npmjs.org/is-property 258ms (cache revalidated)
326 silly packumentCache full:https://registry.npmjs.org/is-property set size:6745 disposed:false
327 silly placeDep ROOT is-property@1.0.2 OK for: generate-function@2.3.1 want: ^1.0.2
328 silly placeDep ROOT ee-first@1.1.1 OK for: on-finished@2.4.1 want: 1.1.1
329 silly placeDep ROOT wrappy@1.0.2 OK for: once@1.4.0 want: 1
330 silly placeDep ROOT forwarded@0.2.0 OK for: proxy-addr@2.0.7 want: 0.2.0
331 silly placeDep ROOT ipaddr.js@1.9.1 OK for: proxy-addr@2.0.7 want: 1.9.1
332 silly placeDep ROOT side-channel@1.1.0 OK for: qs@6.15.1 want: ^1.1.0
333 silly fetch manifest es-errors@^1.3.0
334 silly packumentCache full:https://registry.npmjs.org/es-errors cache-miss
335 http fetch GET 200 https://registry.npmjs.org/es-errors 273ms (cache revalidated)
336 silly packumentCache full:https://registry.npmjs.org/es-errors set size:16918 disposed:false
337 silly fetch manifest object-inspect@^1.13.3
338 silly packumentCache full:https://registry.npmjs.org/object-inspect cache-miss
339 http fetch GET 200 https://registry.npmjs.org/object-inspect 262ms (cache revalidated)
340 silly packumentCache full:https://registry.npmjs.org/object-inspect set size:101912 disposed:false
341 silly fetch manifest side-channel-list@^1.0.0
342 silly packumentCache full:https://registry.npmjs.org/side-channel-list cache-miss
343 http fetch GET 200 https://registry.npmjs.org/side-channel-list 628ms (cache revalidated)
344 silly packumentCache full:https://registry.npmjs.org/side-channel-list set size:9021 disposed:false
345 silly fetch manifest side-channel-map@^1.0.1
346 silly packumentCache full:https://registry.npmjs.org/side-channel-map cache-miss
347 http fetch GET 200 https://registry.npmjs.org/side-channel-map 266ms (cache revalidated)
348 silly packumentCache full:https://registry.npmjs.org/side-channel-map set size:9126 disposed:false
349 silly fetch manifest side-channel-weakmap@^1.0.2
350 silly packumentCache full:https://registry.npmjs.org/side-channel-weakmap cache-miss
351 http fetch GET 200 https://registry.npmjs.org/side-channel-weakmap 248ms (cache revalidated)
352 silly packumentCache full:https://registry.npmjs.org/side-channel-weakmap set size:12620 disposed:false
353 silly placeDep ROOT unpipe@1.0.0 OK for: raw-body@3.0.2 want: ~1.0.0
354 silly placeDep ROOT is-promise@4.0.0 OK for: router@2.2.0 want: ^4.0.0
355 silly placeDep ROOT path-to-regexp@8.4.2 OK for: router@2.2.0 want: ^8.0.0
356 silly placeDep ROOT es-errors@1.3.0 OK for: side-channel@1.1.0 want: ^1.3.0
357 silly placeDep ROOT object-inspect@1.13.4 OK for: side-channel@1.1.0 want: ^1.13.3
358 silly placeDep ROOT side-channel-list@1.0.1 OK for: side-channel@1.1.0 want: ^1.0.0
359 silly placeDep ROOT side-channel-map@1.0.1 OK for: side-channel@1.1.0 want: ^1.0.1
360 silly placeDep ROOT side-channel-weakmap@1.0.2 OK for: side-channel@1.1.0 want: ^1.0.2
361 silly fetch manifest call-bound@^1.0.2
362 silly packumentCache full:https://registry.npmjs.org/call-bound cache-miss
363 http fetch GET 200 https://registry.npmjs.org/call-bound 259ms (cache revalidated)
364 silly packumentCache full:https://registry.npmjs.org/call-bound set size:15317 disposed:false
365 silly fetch manifest get-intrinsic@^1.2.5
366 silly packumentCache full:https://registry.npmjs.org/get-intrinsic cache-miss
367 http fetch GET 200 https://registry.npmjs.org/get-intrinsic 347ms (cache revalidated)
368 silly packumentCache full:https://registry.npmjs.org/get-intrinsic set size:60985 disposed:false
369 silly placeDep ROOT call-bound@1.0.4 OK for: side-channel-map@1.0.1 want: ^1.0.2
370 silly placeDep ROOT get-intrinsic@1.3.0 OK for: side-channel-map@1.0.1 want: ^1.2.5
371 silly fetch manifest call-bind-apply-helpers@^1.0.2
372 silly packumentCache full:https://registry.npmjs.org/call-bind-apply-helpers cache-miss
373 http fetch GET 200 https://registry.npmjs.org/call-bind-apply-helpers 6407ms (cache revalidated)
374 silly packumentCache full:https://registry.npmjs.org/call-bind-apply-helpers set size:12744 disposed:false
375 silly fetch manifest get-intrinsic@^1.3.0
376 silly packumentCache full:https://registry.npmjs.org/get-intrinsic cache-hit
377 silly fetch manifest gopd@^1.2.0
378 silly packumentCache full:https://registry.npmjs.org/gopd cache-miss
379 http fetch GET 200 https://registry.npmjs.org/gopd 303ms (cache revalidated)
380 silly packumentCache full:https://registry.npmjs.org/gopd set size:11458 disposed:false
381 silly fetch manifest hasown@^2.0.2
382 silly packumentCache full:https://registry.npmjs.org/hasown cache-miss
383 http fetch GET 200 https://registry.npmjs.org/hasown 718ms (cache revalidated)
384 silly packumentCache full:https://registry.npmjs.org/hasown set size:12476 disposed:false
385 silly fetch manifest get-proto@^1.0.1
386 silly packumentCache full:https://registry.npmjs.org/get-proto cache-miss
387 http fetch GET 200 https://registry.npmjs.org/get-proto 205ms (cache revalidated)
388 silly packumentCache full:https://registry.npmjs.org/get-proto set size:8300 disposed:false
389 silly fetch manifest has-symbols@^1.1.0
390 silly packumentCache full:https://registry.npmjs.org/has-symbols cache-miss
391 http fetch GET 200 https://registry.npmjs.org/has-symbols 224ms (cache revalidated)
392 silly packumentCache full:https://registry.npmjs.org/has-symbols set size:21550 disposed:false
393 silly fetch manifest function-bind@^1.1.2
394 silly packumentCache full:https://registry.npmjs.org/function-bind cache-miss
395 http fetch GET 200 https://registry.npmjs.org/function-bind 255ms (cache revalidated)
396 silly packumentCache full:https://registry.npmjs.org/function-bind set size:15733 disposed:false
397 silly fetch manifest es-object-atoms@^1.1.1
398 silly packumentCache full:https://registry.npmjs.org/es-object-atoms cache-miss
399 http fetch GET 200 https://registry.npmjs.org/es-object-atoms 219ms (cache revalidated)
400 silly packumentCache full:https://registry.npmjs.org/es-object-atoms set size:15304 disposed:false
401 silly fetch manifest math-intrinsics@^1.1.0
402 silly packumentCache full:https://registry.npmjs.org/math-intrinsics cache-miss
403 http fetch GET 200 https://registry.npmjs.org/math-intrinsics 267ms (cache revalidated)
404 silly packumentCache full:https://registry.npmjs.org/math-intrinsics set size:9265 disposed:false
405 silly fetch manifest es-define-property@^1.0.1
406 silly packumentCache full:https://registry.npmjs.org/es-define-property cache-miss
407 http fetch GET 200 https://registry.npmjs.org/es-define-property 254ms (cache revalidated)
408 silly packumentCache full:https://registry.npmjs.org/es-define-property set size:8542 disposed:false
409 silly placeDep ROOT call-bind-apply-helpers@1.0.2 OK for: call-bound@1.0.4 want: ^1.0.2
410 silly placeDep ROOT function-bind@1.1.2 OK for: call-bind-apply-helpers@1.0.2 want: ^1.1.2
411 silly placeDep ROOT es-define-property@1.0.1 OK for: get-intrinsic@1.3.0 want: ^1.0.1
412 silly placeDep ROOT es-object-atoms@1.1.1 OK for: get-intrinsic@1.3.0 want: ^1.1.1
413 silly placeDep ROOT get-proto@1.0.1 OK for: get-intrinsic@1.3.0 want: ^1.0.1
414 silly placeDep ROOT gopd@1.2.0 OK for: get-intrinsic@1.3.0 want: ^1.2.0
415 silly placeDep ROOT has-symbols@1.1.0 OK for: get-intrinsic@1.3.0 want: ^1.1.0
416 silly placeDep ROOT hasown@2.0.2 OK for: get-intrinsic@1.3.0 want: ^2.0.2
417 silly placeDep ROOT math-intrinsics@1.1.0 OK for: get-intrinsic@1.3.0 want: ^1.1.0
418 silly fetch manifest dunder-proto@^1.0.1
419 silly packumentCache full:https://registry.npmjs.org/dunder-proto cache-miss
420 http fetch GET 200 https://registry.npmjs.org/dunder-proto 433ms (cache revalidated)
421 silly packumentCache full:https://registry.npmjs.org/dunder-proto set size:8256 disposed:false
422 silly placeDep ROOT dunder-proto@1.0.1 OK for: get-proto@1.0.1 want: ^1.0.1
423 silly placeDep ROOT media-typer@1.1.0 OK for: type-is@2.0.1 want: ^1.1.0
424 silly reify moves {}
425 http cache media-typer@https://registry.npmjs.org/media-typer/-/media-typer-1.1.0.tgz 0ms (cache hit)
426 http cache dunder-proto@https://registry.npmjs.org/dunder-proto/-/dunder-proto-1.0.1.tgz 0ms (cache hit)
427 http cache math-intrinsics@https://registry.npmjs.org/math-intrinsics/-/math-intrinsics-1.1.0.tgz 0ms (cache hit)
428 http cache hasown@https://registry.npmjs.org/hasown/-/hasown-2.0.2.tgz 1ms (cache hit)
429 http cache has-symbols@https://registry.npmjs.org/has-symbols/-/has-symbols-1.1.0.tgz 1ms (cache hit)
430 http cache get-proto@https://registry.npmjs.org/get-proto/-/get-proto-1.0.1.tgz 0ms (cache hit)
431 http cache gopd@https://registry.npmjs.org/gopd/-/gopd-1.2.0.tgz 0ms (cache hit)
432 http cache es-object-atoms@https://registry.npmjs.org/es-object-atoms/-/es-object-atoms-1.1.1.tgz 0ms (cache hit)
433 http cache es-define-property@https://registry.npmjs.org/es-define-property/-/es-define-property-1.0.1.tgz 0ms (cache hit)
434 http cache function-bind@https://registry.npmjs.org/function-bind/-/function-bind-1.1.2.tgz 0ms (cache hit)
435 http cache call-bind-apply-helpers@https://registry.npmjs.org/call-bind-apply-helpers/-/call-bind-apply-helpers-1.0.2.tgz 0ms (cache hit)
436 http cache get-intrinsic@https://registry.npmjs.org/get-intrinsic/-/get-intrinsic-1.3.0.tgz 0ms (cache hit)
437 http cache call-bound@https://registry.npmjs.org/call-bound/-/call-bound-1.0.4.tgz 0ms (cache hit)
438 http cache side-channel-weakmap@https://registry.npmjs.org/side-channel-weakmap/-/side-channel-weakmap-1.0.2.tgz 0ms (cache hit)
439 http cache side-channel-map@https://registry.npmjs.org/side-channel-map/-/side-channel-map-1.0.1.tgz 0ms (cache hit)
440 http cache side-channel-list@https://registry.npmjs.org/side-channel-list/-/side-channel-list-1.0.1.tgz 0ms (cache hit)
441 http cache object-inspect@https://registry.npmjs.org/object-inspect/-/object-inspect-1.13.4.tgz 0ms (cache hit)
442 http cache es-errors@https://registry.npmjs.org/es-errors/-/es-errors-1.3.0.tgz 0ms (cache hit)
443 http cache path-to-regexp@https://registry.npmjs.org/path-to-regexp/-/path-to-regexp-8.4.2.tgz 0ms (cache hit)
444 http cache unpipe@https://registry.npmjs.org/unpipe/-/unpipe-1.0.0.tgz 1ms (cache hit)
445 http cache is-promise@https://registry.npmjs.org/is-promise/-/is-promise-4.0.0.tgz 0ms (cache hit)
446 http cache side-channel@https://registry.npmjs.org/side-channel/-/side-channel-1.1.0.tgz 0ms (cache hit)
447 http cache ipaddr.js@https://registry.npmjs.org/ipaddr.js/-/ipaddr.js-1.9.1.tgz 0ms (cache hit)
448 http cache forwarded@https://registry.npmjs.org/forwarded/-/forwarded-0.2.0.tgz 0ms (cache hit)
449 http cache wrappy@https://registry.npmjs.org/wrappy/-/wrappy-1.0.2.tgz 0ms (cache hit)
450 http cache ee-first@https://registry.npmjs.org/ee-first/-/ee-first-1.1.1.tgz 0ms (cache hit)
451 http cache is-property@https://registry.npmjs.org/is-property/-/is-property-1.0.2.tgz 0ms (cache hit)
452 http cache sql-escaper@https://registry.npmjs.org/sql-escaper/-/sql-escaper-1.3.3.tgz 0ms (cache hit)
453 http cache named-placeholders@https://registry.npmjs.org/named-placeholders/-/named-placeholders-1.1.6.tgz 1ms (cache hit)
454 http cache lru.min@https://registry.npmjs.org/lru.min/-/lru.min-1.1.4.tgz 0ms (cache hit)
455 http cache long@https://registry.npmjs.org/long/-/long-5.3.2.tgz 0ms (cache hit)
456 http cache generate-function@https://registry.npmjs.org/generate-function/-/generate-function-2.3.1.tgz 1ms (cache hit)
457 http cache denque@https://registry.npmjs.org/denque/-/denque-2.1.0.tgz 0ms (cache hit)
458 http cache aws-ssl-profiles@https://registry.npmjs.org/aws-ssl-profiles/-/aws-ssl-profiles-1.1.2.tgz 0ms (cache hit)
459 http cache mime-db@https://registry.npmjs.org/mime-db/-/mime-db-1.54.0.tgz 0ms (cache hit)
460 http cache safer-buffer@https://registry.npmjs.org/safer-buffer/-/safer-buffer-2.1.2.tgz 0ms (cache hit)
461 http cache toidentifier@https://registry.npmjs.org/toidentifier/-/toidentifier-1.0.1.tgz 1ms (cache hit)
462 http cache setprototypeof@https://registry.npmjs.org/setprototypeof/-/setprototypeof-1.2.0.tgz 0ms (cache hit)
463 http cache inherits@https://registry.npmjs.org/inherits/-/inherits-2.0.4.tgz 0ms (cache hit)
464 http cache ms@https://registry.npmjs.org/ms/-/ms-2.1.3.tgz 0ms (cache hit)
465 http cache iconv-lite@https://registry.npmjs.org/iconv-lite/-/iconv-lite-0.7.2.tgz 0ms (cache hit)
466 http cache bytes@https://registry.npmjs.org/bytes/-/bytes-3.1.2.tgz 0ms (cache hit)
467 http cache raw-body@https://registry.npmjs.org/raw-body/-/raw-body-3.0.2.tgz 0ms (cache hit)
468 http cache negotiator@https://registry.npmjs.org/negotiator/-/negotiator-1.0.0.tgz 1ms (cache hit)
469 http cache type-is@https://registry.npmjs.org/type-is/-/type-is-2.0.1.tgz 0ms (cache hit)
470 http cache statuses@https://registry.npmjs.org/statuses/-/statuses-2.0.2.tgz 0ms (cache hit)
471 http cache serve-static@https://registry.npmjs.org/serve-static/-/serve-static-2.2.1.tgz 0ms (cache hit)
472 http cache send@https://registry.npmjs.org/send/-/send-1.2.1.tgz 1ms (cache hit)
473 http cache router@https://registry.npmjs.org/router/-/router-2.2.0.tgz 0ms (cache hit)
474 http cache range-parser@https://registry.npmjs.org/range-parser/-/range-parser-1.2.1.tgz 0ms (cache hit)
475 http cache qs@https://registry.npmjs.org/qs/-/qs-6.15.1.tgz 0ms (cache hit)
476 http cache proxy-addr@https://registry.npmjs.org/proxy-addr/-/proxy-addr-2.0.7.tgz 0ms (cache hit)
477 http cache parseurl@https://registry.npmjs.org/parseurl/-/parseurl-1.3.3.tgz 0ms (cache hit)
478 http cache once@https://registry.npmjs.org/once/-/once-1.4.0.tgz 0ms (cache hit)
479 http cache on-finished@https://registry.npmjs.org/on-finished/-/on-finished-2.4.1.tgz 0ms (cache hit)
480 http cache merge-descriptors@https://registry.npmjs.org/merge-descriptors/-/merge-descriptors-2.0.0.tgz 0ms (cache hit)
481 http cache mime-types@https://registry.npmjs.org/mime-types/-/mime-types-3.0.2.tgz 0ms (cache hit)
482 http cache http-errors@https://registry.npmjs.org/http-errors/-/http-errors-2.0.1.tgz 0ms (cache hit)
483 http cache fresh@https://registry.npmjs.org/fresh/-/fresh-2.0.0.tgz 0ms (cache hit)
484 http cache finalhandler@https://registry.npmjs.org/finalhandler/-/finalhandler-2.1.1.tgz 0ms (cache hit)
485 http cache etag@https://registry.npmjs.org/etag/-/etag-1.8.1.tgz 0ms (cache hit)
486 http cache escape-html@https://registry.npmjs.org/escape-html/-/escape-html-1.0.3.tgz 1ms (cache hit)
487 http cache encodeurl@https://registry.npmjs.org/encodeurl/-/encodeurl-2.0.0.tgz 1ms (cache hit)
488 http cache depd@https://registry.npmjs.org/depd/-/depd-2.0.0.tgz 0ms (cache hit)
489 http cache debug@https://registry.npmjs.org/debug/-/debug-4.4.3.tgz 1ms (cache hit)
490 http cache cookie-signature@https://registry.npmjs.org/cookie-signature/-/cookie-signature-1.2.2.tgz 0ms (cache hit)
491 http cache cookie@https://registry.npmjs.org/cookie/-/cookie-0.7.2.tgz 1ms (cache hit)
492 http cache content-type@https://registry.npmjs.org/content-type/-/content-type-1.0.5.tgz 0ms (cache hit)
493 http cache content-disposition@https://registry.npmjs.org/content-disposition/-/content-disposition-1.1.0.tgz 0ms (cache hit)
494 http cache body-parser@https://registry.npmjs.org/body-parser/-/body-parser-2.2.2.tgz 0ms (cache hit)
495 http cache accepts@https://registry.npmjs.org/accepts/-/accepts-2.0.0.tgz 0ms (cache hit)
496 http cache vary@https://registry.npmjs.org/vary/-/vary-1.1.2.tgz 0ms (cache hit)
497 http cache undici-types@https://registry.npmjs.org/undici-types/-/undici-types-7.19.2.tgz 0ms (cache hit)
498 http cache @types/node@https://registry.npmjs.org/@types/node/-/node-25.6.0.tgz 0ms (cache hit)
499 http cache object-assign@https://registry.npmjs.org/object-assign/-/object-assign-4.1.1.tgz 0ms (cache hit)
500 http cache mysql2@https://registry.npmjs.org/mysql2/-/mysql2-3.22.0.tgz 0ms (cache hit)
501 http cache express@https://registry.npmjs.org/express/-/express-5.2.1.tgz 1ms (cache hit)
502 http cache dotenv@https://registry.npmjs.org/dotenv/-/dotenv-17.4.2.tgz 1ms (cache hit)
503 http cache cors@https://registry.npmjs.org/cors/-/cors-2.8.6.tgz 0ms (cache hit)
504 silly tarball no local data for media-typer@https://registry.npmjs.org/media-typer/-/media-typer-1.1.0.tgz. Extracting by manifest.
505 silly tarball no local data for dunder-proto@https://registry.npmjs.org/dunder-proto/-/dunder-proto-1.0.1.tgz. Extracting by manifest.
506 silly tarball no local data for math-intrinsics@https://registry.npmjs.org/math-intrinsics/-/math-intrinsics-1.1.0.tgz. Extracting by manifest.
507 silly tarball no local data for hasown@https://registry.npmjs.org/hasown/-/hasown-2.0.2.tgz. Extracting by manifest.
508 silly tarball no local data for has-symbols@https://registry.npmjs.org/has-symbols/-/has-symbols-1.1.0.tgz. Extracting by manifest.
509 silly tarball no local data for get-proto@https://registry.npmjs.org/get-proto/-/get-proto-1.0.1.tgz. Extracting by manifest.
510 silly tarball no local data for gopd@https://registry.npmjs.org/gopd/-/gopd-1.2.0.tgz. Extracting by manifest.
511 silly tarball no local data for es-object-atoms@https://registry.npmjs.org/es-object-atoms/-/es-object-atoms-1.1.1.tgz. Extracting by manifest.
512 silly tarball no local data for es-define-property@https://registry.npmjs.org/es-define-property/-/es-define-property-1.0.1.tgz. Extracting by manifest.
513 silly tarball no local data for function-bind@https://registry.npmjs.org/function-bind/-/function-bind-1.1.2.tgz. Extracting by manifest.
514 silly tarball no local data for call-bind-apply-helpers@https://registry.npmjs.org/call-bind-apply-helpers/-/call-bind-apply-helpers-1.0.2.tgz. Extracting by manifest.
515 silly tarball no local data for get-intrinsic@https://registry.npmjs.org/get-intrinsic/-/get-intrinsic-1.3.0.tgz. Extracting by manifest.
516 silly tarball no local data for call-bound@https://registry.npmjs.org/call-bound/-/call-bound-1.0.4.tgz. Extracting by manifest.
517 silly tarball no local data for side-channel-weakmap@https://registry.npmjs.org/side-channel-weakmap/-/side-channel-weakmap-1.0.2.tgz. Extracting by manifest.
518 silly tarball no local data for side-channel-map@https://registry.npmjs.org/side-channel-map/-/side-channel-map-1.0.1.tgz. Extracting by manifest.
519 silly tarball no local data for side-channel-list@https://registry.npmjs.org/side-channel-list/-/side-channel-list-1.0.1.tgz. Extracting by manifest.
520 silly tarball no local data for object-inspect@https://registry.npmjs.org/object-inspect/-/object-inspect-1.13.4.tgz. Extracting by manifest.
521 silly tarball no local data for es-errors@https://registry.npmjs.org/es-errors/-/es-errors-1.3.0.tgz. Extracting by manifest.
522 silly tarball no local data for path-to-regexp@https://registry.npmjs.org/path-to-regexp/-/path-to-regexp-8.4.2.tgz. Extracting by manifest.
523 silly tarball no local data for unpipe@https://registry.npmjs.org/unpipe/-/unpipe-1.0.0.tgz. Extracting by manifest.
524 silly tarball no local data for is-promise@https://registry.npmjs.org/is-promise/-/is-promise-4.0.0.tgz. Extracting by manifest.
525 silly tarball no local data for side-channel@https://registry.npmjs.org/side-channel/-/side-channel-1.1.0.tgz. Extracting by manifest.
526 silly tarball no local data for ipaddr.js@https://registry.npmjs.org/ipaddr.js/-/ipaddr.js-1.9.1.tgz. Extracting by manifest.
527 silly tarball no local data for forwarded@https://registry.npmjs.org/forwarded/-/forwarded-0.2.0.tgz. Extracting by manifest.
528 silly tarball no local data for wrappy@https://registry.npmjs.org/wrappy/-/wrappy-1.0.2.tgz. Extracting by manifest.
529 silly tarball no local data for ee-first@https://registry.npmjs.org/ee-first/-/ee-first-1.1.1.tgz. Extracting by manifest.
530 silly tarball no local data for is-property@https://registry.npmjs.org/is-property/-/is-property-1.0.2.tgz. Extracting by manifest.
531 silly tarball no local data for sql-escaper@https://registry.npmjs.org/sql-escaper/-/sql-escaper-1.3.3.tgz. Extracting by manifest.
532 silly tarball no local data for named-placeholders@https://registry.npmjs.org/named-placeholders/-/named-placeholders-1.1.6.tgz. Extracting by manifest.
533 silly tarball no local data for lru.min@https://registry.npmjs.org/lru.min/-/lru.min-1.1.4.tgz. Extracting by manifest.
534 silly tarball no local data for long@https://registry.npmjs.org/long/-/long-5.3.2.tgz. Extracting by manifest.
535 silly tarball no local data for generate-function@https://registry.npmjs.org/generate-function/-/generate-function-2.3.1.tgz. Extracting by manifest.
536 silly tarball no local data for denque@https://registry.npmjs.org/denque/-/denque-2.1.0.tgz. Extracting by manifest.
537 silly tarball no local data for aws-ssl-profiles@https://registry.npmjs.org/aws-ssl-profiles/-/aws-ssl-profiles-1.1.2.tgz. Extracting by manifest.
538 silly tarball no local data for mime-db@https://registry.npmjs.org/mime-db/-/mime-db-1.54.0.tgz. Extracting by manifest.
539 silly tarball no local data for safer-buffer@https://registry.npmjs.org/safer-buffer/-/safer-buffer-2.1.2.tgz. Extracting by manifest.
540 silly tarball no local data for toidentifier@https://registry.npmjs.org/toidentifier/-/toidentifier-1.0.1.tgz. Extracting by manifest.
541 silly tarball no local data for setprototypeof@https://registry.npmjs.org/setprototypeof/-/setprototypeof-1.2.0.tgz. Extracting by manifest.
542 silly tarball no local data for inherits@https://registry.npmjs.org/inherits/-/inherits-2.0.4.tgz. Extracting by manifest.
543 silly tarball no local data for ms@https://registry.npmjs.org/ms/-/ms-2.1.3.tgz. Extracting by manifest.
544 silly tarball no local data for iconv-lite@https://registry.npmjs.org/iconv-lite/-/iconv-lite-0.7.2.tgz. Extracting by manifest.
545 silly tarball no local data for bytes@https://registry.npmjs.org/bytes/-/bytes-3.1.2.tgz. Extracting by manifest.
546 silly tarball no local data for raw-body@https://registry.npmjs.org/raw-body/-/raw-body-3.0.2.tgz. Extracting by manifest.
547 silly tarball no local data for negotiator@https://registry.npmjs.org/negotiator/-/negotiator-1.0.0.tgz. Extracting by manifest.
548 silly tarball no local data for type-is@https://registry.npmjs.org/type-is/-/type-is-2.0.1.tgz. Extracting by manifest.
549 silly tarball no local data for statuses@https://registry.npmjs.org/statuses/-/statuses-2.0.2.tgz. Extracting by manifest.
550 silly tarball no local data for serve-static@https://registry.npmjs.org/serve-static/-/serve-static-2.2.1.tgz. Extracting by manifest.
551 silly tarball no local data for send@https://registry.npmjs.org/send/-/send-1.2.1.tgz. Extracting by manifest.
552 silly tarball no local data for router@https://registry.npmjs.org/router/-/router-2.2.0.tgz. Extracting by manifest.
553 silly tarball no local data for range-parser@https://registry.npmjs.org/range-parser/-/range-parser-1.2.1.tgz. Extracting by manifest.
554 silly tarball no local data for qs@https://registry.npmjs.org/qs/-/qs-6.15.1.tgz. Extracting by manifest.
555 silly tarball no local data for proxy-addr@https://registry.npmjs.org/proxy-addr/-/proxy-addr-2.0.7.tgz. Extracting by manifest.
556 silly tarball no local data for parseurl@https://registry.npmjs.org/parseurl/-/parseurl-1.3.3.tgz. Extracting by manifest.
557 silly tarball no local data for once@https://registry.npmjs.org/once/-/once-1.4.0.tgz. Extracting by manifest.
558 silly tarball no local data for on-finished@https://registry.npmjs.org/on-finished/-/on-finished-2.4.1.tgz. Extracting by manifest.
559 silly tarball no local data for merge-descriptors@https://registry.npmjs.org/merge-descriptors/-/merge-descriptors-2.0.0.tgz. Extracting by manifest.
560 silly tarball no local data for mime-types@https://registry.npmjs.org/mime-types/-/mime-types-3.0.2.tgz. Extracting by manifest.
561 silly tarball no local data for http-errors@https://registry.npmjs.org/http-errors/-/http-errors-2.0.1.tgz. Extracting by manifest.
562 silly tarball no local data for fresh@https://registry.npmjs.org/fresh/-/fresh-2.0.0.tgz. Extracting by manifest.
563 silly tarball no local data for finalhandler@https://registry.npmjs.org/finalhandler/-/finalhandler-2.1.1.tgz. Extracting by manifest.
564 silly tarball no local data for etag@https://registry.npmjs.org/etag/-/etag-1.8.1.tgz. Extracting by manifest.
565 silly tarball no local data for escape-html@https://registry.npmjs.org/escape-html/-/escape-html-1.0.3.tgz. Extracting by manifest.
566 silly tarball no local data for encodeurl@https://registry.npmjs.org/encodeurl/-/encodeurl-2.0.0.tgz. Extracting by manifest.
567 silly tarball no local data for depd@https://registry.npmjs.org/depd/-/depd-2.0.0.tgz. Extracting by manifest.
568 silly tarball no local data for debug@https://registry.npmjs.org/debug/-/debug-4.4.3.tgz. Extracting by manifest.
569 silly tarball no local data for cookie-signature@https://registry.npmjs.org/cookie-signature/-/cookie-signature-1.2.2.tgz. Extracting by manifest.
570 silly tarball no local data for cookie@https://registry.npmjs.org/cookie/-/cookie-0.7.2.tgz. Extracting by manifest.
571 silly tarball no local data for content-type@https://registry.npmjs.org/content-type/-/content-type-1.0.5.tgz. Extracting by manifest.
572 silly tarball no local data for content-disposition@https://registry.npmjs.org/content-disposition/-/content-disposition-1.1.0.tgz. Extracting by manifest.
573 silly tarball no local data for body-parser@https://registry.npmjs.org/body-parser/-/body-parser-2.2.2.tgz. Extracting by manifest.
574 silly tarball no local data for accepts@https://registry.npmjs.org/accepts/-/accepts-2.0.0.tgz. Extracting by manifest.
575 silly tarball no local data for vary@https://registry.npmjs.org/vary/-/vary-1.1.2.tgz. Extracting by manifest.
576 silly tarball no local data for undici-types@https://registry.npmjs.org/undici-types/-/undici-types-7.19.2.tgz. Extracting by manifest.
577 silly tarball no local data for @types/node@https://registry.npmjs.org/@types/node/-/node-25.6.0.tgz. Extracting by manifest.
578 silly tarball no local data for object-assign@https://registry.npmjs.org/object-assign/-/object-assign-4.1.1.tgz. Extracting by manifest.
579 silly tarball no local data for mysql2@https://registry.npmjs.org/mysql2/-/mysql2-3.22.0.tgz. Extracting by manifest.
580 silly tarball no local data for express@https://registry.npmjs.org/express/-/express-5.2.1.tgz. Extracting by manifest.
581 silly tarball no local data for dotenv@https://registry.npmjs.org/dotenv/-/dotenv-17.4.2.tgz. Extracting by manifest.
582 silly tarball no local data for cors@https://registry.npmjs.org/cors/-/cors-2.8.6.tgz. Extracting by manifest.
583 http fetch GET 200 https://registry.npmjs.org/media-typer/-/media-typer-1.1.0.tgz 2598ms (cache miss)
584 http fetch GET 200 https://registry.npmjs.org/side-channel-list/-/side-channel-list-1.0.1.tgz 2423ms (cache miss)
585 http fetch GET 200 https://registry.npmjs.org/call-bound/-/call-bound-1.0.4.tgz 3332ms (cache miss)
586 http fetch GET 200 https://registry.npmjs.org/gopd/-/gopd-1.2.0.tgz 3532ms (cache miss)
587 http fetch GET 200 https://registry.npmjs.org/object-inspect/-/object-inspect-1.13.4.tgz 3423ms (cache miss)
588 http fetch GET 200 https://registry.npmjs.org/es-errors/-/es-errors-1.3.0.tgz 3609ms (cache miss)
589 http fetch GET 200 https://registry.npmjs.org/side-channel-weakmap/-/side-channel-weakmap-1.0.2.tgz 4118ms (cache miss)
590 http fetch GET 200 https://registry.npmjs.org/get-proto/-/get-proto-1.0.1.tgz 4752ms (cache miss)
591 http fetch GET 200 https://registry.npmjs.org/path-to-regexp/-/path-to-regexp-8.4.2.tgz 4593ms (cache miss)
592 http fetch GET 200 https://registry.npmjs.org/call-bind-apply-helpers/-/call-bind-apply-helpers-1.0.2.tgz 4743ms (cache miss)
593 http fetch GET 200 https://registry.npmjs.org/es-object-atoms/-/es-object-atoms-1.1.1.tgz 4795ms (cache miss)
594 http fetch GET 200 https://registry.npmjs.org/get-intrinsic/-/get-intrinsic-1.3.0.tgz 5038ms (cache miss)
595 http fetch GET 200 https://registry.npmjs.org/unpipe/-/unpipe-1.0.0.tgz 4957ms (cache miss)
596 http fetch GET 200 https://registry.npmjs.org/is-promise/-/is-promise-4.0.0.tgz 4954ms (cache miss)
597 http fetch GET 200 https://registry.npmjs.org/wrappy/-/wrappy-1.0.2.tgz 4923ms (cache miss)
598 http fetch GET 200 https://registry.npmjs.org/ipaddr.js/-/ipaddr.js-1.9.1.tgz 5060ms (cache miss)
599 http fetch GET 200 https://registry.npmjs.org/ee-first/-/ee-first-1.1.1.tgz 5061ms (cache miss)
600 http fetch GET 200 https://registry.npmjs.org/is-property/-/is-property-1.0.2.tgz 5105ms (cache miss)
601 http fetch GET 200 https://registry.npmjs.org/side-channel/-/side-channel-1.1.0.tgz 5186ms (cache miss)
602 http fetch GET 200 https://registry.npmjs.org/hasown/-/hasown-2.0.2.tgz 5449ms (cache miss)
603 http fetch GET 200 https://registry.npmjs.org/named-placeholders/-/named-placeholders-1.1.6.tgz 5212ms (cache miss)
604 http fetch GET 200 https://registry.npmjs.org/es-define-property/-/es-define-property-1.0.1.tgz 5503ms (cache miss)
605 http fetch GET 200 https://registry.npmjs.org/generate-function/-/generate-function-2.3.1.tgz 5308ms (cache miss)
606 http fetch GET 200 https://registry.npmjs.org/lru.min/-/lru.min-1.1.4.tgz 5433ms (cache miss)
607 http fetch GET 200 https://registry.npmjs.org/denque/-/denque-2.1.0.tgz 5530ms (cache miss)
608 http fetch GET 200 https://registry.npmjs.org/sql-escaper/-/sql-escaper-1.3.3.tgz 5631ms (cache miss)
609 http fetch GET 200 https://registry.npmjs.org/side-channel-map/-/side-channel-map-1.0.1.tgz 5979ms (cache miss)
610 http fetch GET 200 https://registry.npmjs.org/math-intrinsics/-/math-intrinsics-1.1.0.tgz 6433ms (cache miss)
611 http fetch GET 200 https://registry.npmjs.org/dunder-proto/-/dunder-proto-1.0.1.tgz 6459ms (cache miss)
612 http fetch GET 200 https://registry.npmjs.org/toidentifier/-/toidentifier-1.0.1.tgz 6021ms (cache miss)
613 http fetch GET 200 https://registry.npmjs.org/inherits/-/inherits-2.0.4.tgz 6004ms (cache miss)
614 http fetch GET 200 https://registry.npmjs.org/function-bind/-/function-bind-1.1.2.tgz 6444ms (cache miss)
615 http fetch GET 200 https://registry.npmjs.org/setprototypeof/-/setprototypeof-1.2.0.tgz 6365ms (cache miss)
616 http fetch GET 200 https://registry.npmjs.org/safer-buffer/-/safer-buffer-2.1.2.tgz 6405ms (cache miss)
617 http fetch GET 200 https://registry.npmjs.org/raw-body/-/raw-body-3.0.2.tgz 6328ms (cache miss)
618 http fetch GET 200 https://registry.npmjs.org/type-is/-/type-is-2.0.1.tgz 6310ms (cache miss)
619 http fetch GET 200 https://registry.npmjs.org/forwarded/-/forwarded-0.2.0.tgz 6890ms (cache miss)
620 http fetch GET 200 https://registry.npmjs.org/negotiator/-/negotiator-1.0.0.tgz 6607ms (cache miss)
621 http fetch GET 200 https://registry.npmjs.org/statuses/-/statuses-2.0.2.tgz 6589ms (cache miss)
622 http fetch GET 200 https://registry.npmjs.org/long/-/long-5.3.2.tgz 7130ms (cache miss)
623 http fetch GET 200 https://registry.npmjs.org/bytes/-/bytes-3.1.2.tgz 7647ms (cache miss)
624 http fetch GET 200 https://registry.npmjs.org/once/-/once-1.4.0.tgz 7702ms (cache miss)
625 http fetch GET 200 https://registry.npmjs.org/on-finished/-/on-finished-2.4.1.tgz 7733ms (cache miss)
626 http fetch GET 200 https://registry.npmjs.org/merge-descriptors/-/merge-descriptors-2.0.0.tgz 7783ms (cache miss)
627 http fetch GET 200 https://registry.npmjs.org/send/-/send-1.2.1.tgz 7986ms (cache miss)
628 http fetch GET 200 https://registry.npmjs.org/ms/-/ms-2.1.3.tgz 8105ms (cache miss)
629 http fetch GET 200 https://registry.npmjs.org/mime-db/-/mime-db-1.54.0.tgz 8271ms (cache miss)
630 http fetch GET 200 https://registry.npmjs.org/fresh/-/fresh-2.0.0.tgz 7985ms (cache miss)
631 http fetch GET 200 https://registry.npmjs.org/proxy-addr/-/proxy-addr-2.0.7.tgz 8143ms (cache miss)
632 http fetch GET 200 https://registry.npmjs.org/escape-html/-/escape-html-1.0.3.tgz 8054ms (cache miss)
633 http fetch GET 200 https://registry.npmjs.org/etag/-/etag-1.8.1.tgz 8085ms (cache miss)
634 http fetch GET 200 https://registry.npmjs.org/mime-types/-/mime-types-3.0.2.tgz 8151ms (cache miss)
635 http fetch GET 200 https://registry.npmjs.org/depd/-/depd-2.0.0.tgz 8071ms (cache miss)
636 http fetch GET 200 https://registry.npmjs.org/aws-ssl-profiles/-/aws-ssl-profiles-1.1.2.tgz 8503ms (cache miss)
637 http fetch GET 200 https://registry.npmjs.org/serve-static/-/serve-static-2.2.1.tgz 8336ms (cache miss)
638 http fetch GET 200 https://registry.npmjs.org/router/-/router-2.2.0.tgz 8344ms (cache miss)
639 http fetch GET 200 https://registry.npmjs.org/http-errors/-/http-errors-2.0.1.tgz 8391ms (cache miss)
640 http fetch GET 200 https://registry.npmjs.org/iconv-lite/-/iconv-lite-0.7.2.tgz 8689ms (cache miss)
641 http fetch GET 200 https://registry.npmjs.org/cookie/-/cookie-0.7.2.tgz 8443ms (cache miss)
642 http fetch GET 200 https://registry.npmjs.org/debug/-/debug-4.4.3.tgz 8488ms (cache miss)
643 http fetch GET 200 https://registry.npmjs.org/qs/-/qs-6.15.1.tgz 8743ms (cache miss)
644 http fetch GET 200 https://registry.npmjs.org/content-disposition/-/content-disposition-1.1.0.tgz 8622ms (cache miss)
645 http fetch GET 200 https://registry.npmjs.org/cookie-signature/-/cookie-signature-1.2.2.tgz 8962ms (cache miss)
646 http fetch GET 200 https://registry.npmjs.org/encodeurl/-/encodeurl-2.0.0.tgz 9292ms (cache miss)
647 http fetch GET 200 https://registry.npmjs.org/finalhandler/-/finalhandler-2.1.1.tgz 9783ms (cache miss)
648 http fetch GET 200 https://registry.npmjs.org/parseurl/-/parseurl-1.3.3.tgz 10104ms (cache miss)
649 http fetch GET 200 https://registry.npmjs.org/vary/-/vary-1.1.2.tgz 9944ms (cache miss)
650 http fetch GET 200 https://registry.npmjs.org/undici-types/-/undici-types-7.19.2.tgz 10326ms (cache miss)
651 http fetch GET 200 https://registry.npmjs.org/range-parser/-/range-parser-1.2.1.tgz 10828ms (cache miss)
652 http fetch GET 200 https://registry.npmjs.org/cors/-/cors-2.8.6.tgz 10628ms (cache miss)
653 http fetch GET 200 https://registry.npmjs.org/express/-/express-5.2.1.tgz 11550ms (cache miss)
654 http fetch GET 200 https://registry.npmjs.org/dotenv/-/dotenv-17.4.2.tgz 11848ms (cache miss)
655 http fetch GET 200 https://registry.npmjs.org/content-type/-/content-type-1.0.5.tgz 12049ms (cache miss)
656 http fetch GET 200 https://registry.npmjs.org/mysql2/-/mysql2-3.22.0.tgz 12633ms (cache miss)
657 http fetch GET 200 https://registry.npmjs.org/object-assign/-/object-assign-4.1.1.tgz 12769ms (cache miss)
658 http fetch GET 200 https://registry.npmjs.org/accepts/-/accepts-2.0.0.tgz 13055ms (cache miss)
659 http fetch GET 200 https://registry.npmjs.org/has-symbols/-/has-symbols-1.1.0.tgz 14349ms (cache miss)
660 http fetch GET 200 https://registry.npmjs.org/@types/node/-/node-25.6.0.tgz 15833ms (cache miss)
661 http fetch GET 200 https://registry.npmjs.org/body-parser/-/body-parser-2.2.2.tgz 18950ms (cache miss)
662 silly ADD node_modules/media-typer
663 silly ADD node_modules/dunder-proto
664 silly ADD node_modules/math-intrinsics
665 silly ADD node_modules/hasown
666 silly ADD node_modules/has-symbols
667 silly ADD node_modules/gopd
668 silly ADD node_modules/get-proto
669 silly ADD node_modules/es-object-atoms
670 silly ADD node_modules/es-define-property
671 silly ADD node_modules/function-bind
672 silly ADD node_modules/call-bind-apply-helpers
673 silly ADD node_modules/get-intrinsic
674 silly ADD node_modules/call-bound
675 silly ADD node_modules/side-channel-weakmap
676 silly ADD node_modules/side-channel-map
677 silly ADD node_modules/side-channel-list
678 silly ADD node_modules/object-inspect
679 silly ADD node_modules/es-errors
680 silly ADD node_modules/path-to-regexp
681 silly ADD node_modules/is-promise
682 silly ADD node_modules/unpipe
683 silly ADD node_modules/side-channel
684 silly ADD node_modules/ipaddr.js
685 silly ADD node_modules/forwarded
686 silly ADD node_modules/wrappy
687 silly ADD node_modules/ee-first
688 silly ADD node_modules/is-property
689 silly ADD node_modules/sql-escaper
690 silly ADD node_modules/named-placeholders
691 silly ADD node_modules/lru.min
692 silly ADD node_modules/long
693 silly ADD node_modules/generate-function
694 silly ADD node_modules/denque
695 silly ADD node_modules/aws-ssl-profiles
696 silly ADD node_modules/mime-db
697 silly ADD node_modules/safer-buffer
698 silly ADD node_modules/toidentifier
699 silly ADD node_modules/setprototypeof
700 silly ADD node_modules/inherits
701 silly ADD node_modules/ms
702 silly ADD node_modules/raw-body
703 silly ADD node_modules/iconv-lite
704 silly ADD node_modules/bytes
705 silly ADD node_modules/negotiator
706 silly ADD node_modules/type-is
707 silly ADD node_modules/statuses
708 silly ADD node_modules/serve-static
709 silly ADD node_modules/send
710 silly ADD node_modules/router
711 silly ADD node_modules/range-parser
712 silly ADD node_modules/qs
713 silly ADD node_modules/proxy-addr
714 silly ADD node_modules/parseurl
715 silly ADD node_modules/once
716 silly ADD node_modules/on-finished
717 silly ADD node_modules/mime-types
718 silly ADD node_modules/merge-descriptors
719 silly ADD node_modules/http-errors
720 silly ADD node_modules/fresh
721 silly ADD node_modules/finalhandler
722 silly ADD node_modules/etag
723 silly ADD node_modules/escape-html
724 silly ADD node_modules/encodeurl
725 silly ADD node_modules/depd
726 silly ADD node_modules/debug
727 silly ADD node_modules/cookie-signature
728 silly ADD node_modules/cookie
729 silly ADD node_modules/content-type
730 silly ADD node_modules/content-disposition
731 silly ADD node_modules/body-parser
732 silly ADD node_modules/accepts
733 silly ADD node_modules/vary
734 silly ADD node_modules/object-assign
735 silly ADD node_modules/undici-types
736 silly ADD node_modules/@types/node
737 silly ADD node_modules/mysql2
738 silly ADD node_modules/express
739 silly ADD node_modules/dotenv
740 silly ADD node_modules/cors
741 verbose cwd /data/data/com.termux/files/home
742 verbose os Linux 4.19.191-g4465035f2907-dirty
743 verbose node v25.8.2
744 verbose npm  v11.12.1
745 verbose exit 0
746 info ok
